

INFO: Katalon Version: 8.1.0
INFO: Command-line arguments: -runMode=console -projectPath=C:\Users\Riza\git\KatalonTestGit01\KatalonTestGit01.prj -retry=0 -testSuitePath=Test Suites/AD_POC/TS_Login_Logout -executionProfile=default -deviceId=192.168.3.101:5555 -browserType=Android -apiKey=******** --config -proxy.auth.option=NO_PROXY -proxy.system.option=NO_PROXY -proxy.system.applyToDesiredCapabilities=true
INFO: User working dir: E:\Android\Katalon_Studio_Engine_Windows_64-8.1.0
INFO: Error log: C:/Users/Riza/AppData/Local/Temp/session-625288d7/.metadata/.log
INFO: Katalon TestOps server URL: https://analytics.katalon.com
INFO: Katalon Store server URL: https://store.katalon.com
INFO: User home: C:\Users\Riza
INFO: Java vendor: Azul Systems, Inc.
INFO: Java version: 1.8.0_282
INFO: Local OS: Windows 10 64bit
INFO: CPU load: 26%
INFO: Total memory: 12204 MB
INFO: Free memory: 2630 MB
Start getting machine ID on Windows
Start appending additional signatures
hardwareSerialNumber 
osDependentUsername riza
End appending additional signatures 2e441a0a-75a7-47a6-9935-7d310bf5e2eb__riza
End getting machine ID on Windows 56b83bafb4d5b1b721cc7b1e68681bb9
INFO: Machine ID: 56b83bafb4d5b1b721cc7b1e68681bb9
Warning: NLS missing message: ConsoleMain_MSG_DEVOPS_LICENSE_COMPATIBILITY in: com.kms.katalon.execution.constants.executionMessages
Warning: NLS missing message: ConsoleMain_MSG_NON_DEVOPS_LICENSE_COMPATIBLITY in: com.kms.katalon.execution.constants.executionMessages
INFO: Your environment is compatible with the Katalon Runtime Engine NODE-LOCKED or FLOATING license. For a fixed machine ID, use a NODE-LOCKED license; for a dynamic machine ID, use a FLOATING license.


Activating...
Start activating offline...
Search for valid offline licenses in folder: C:\Users\Riza\.katalon\license
The number of valid offline licenses: 0
Start activating online...
log4j:WARN No appenders could be found for logger (org.apache.http.client.protocol.RequestAddCookies).
log4j:WARN Please initialize the log4j system properly.
Latest plugins responses: []
Start check license task
All launchers terminated
