[35m[Appium][39m Welcome to Appium v1.22.0
[35m[Appium][39m Non-default server args:
[35m[Appium][39m   port: 50098
[35m[Appium][39m   loglevel: info
[35m[Appium][39m   tmpDir: C:\Users\Riza\AppData\Local\Temp\\Katalon\Appium\Temp1633963217645
[35m[Appium][39m   chromedriverPort: 50099
[35m[Appium][39m Deprecated server args:
[35m[Appium][39m   [31m--chromedriver-port[39m => --default-capabilities
[35m[Appium][39m Default capabilities, which will be added to each request unless overridden by desired capabilities:
[35m[Appium][39m   chromedriverPort: 50099
[35m[Appium][39m Appium REST http interface listener started on 0.0.0.0:50098
[35m[HTTP][39m [37m-->[39m [37mGET[39m [37m/wd/hub/status[39m
[35m[HTTP][39m [90m{}[39m
[35m[HTTP][39m [37m<-- GET /wd/hub/status [39m[32m200[39m [90m18 ms - 68[39m
[35m[HTTP][39m [90m[39m
[35m[HTTP][39m [37m-->[39m [37mPOST[39m [37m/wd/hub/session[39m
[35m[HTTP][39m [90m{"desiredCapabilities":{"app":"C:\\Users\\Riza\\Downloads\\Alodokter_user_v3.6.0_staging_debug_300921_1624.apk","noReset":true,"deviceName":"OnePlus ONEPLUS A3010 (Android 7.1.1)","fullReset":false,"platform":"ANDROID","newCommandTimeout":1800,"platformVersion":"7.1.1","automationName":"uiautomator2","autoGrantPermissions":true,"platformName":"Android","udid":"localhost:5555","systemPort":50097},"capabilities":{"firstMatch":[{"appium:app":"C:\\Users\\Riza\\Downloads\\Alodokter_user_v3.6.0_staging_debug_300921_1624.apk","appium:autoGrantPermissions":true,"appium:automationName":"uiautomator2","appium:deviceName":"OnePlus ONEPLUS A3010 (Android 7.1.1)","appium:fullReset":false,"appium:newCommandTimeout":1800,"appium:noReset":true,"platform":"ANDROID","platformName":"android","appium:platformVersion":"7.1.1","appium:systemPort":50097,"appium:udid":"localhost:5555"}]}}[39m
[35m[BaseDriver][39m The following capabilities are not standard capabilities and should have an extension prefix:
[35m[BaseDriver][39m   platform
[35m[BaseDriver][39m   chromedriverPort
[35m[Appium][39m Appium v1.22.0 creating new AndroidUiautomator2Driver (v1.69.0) session
[35m[BaseDriver][39m The following capabilities were provided, but are not recognized by Appium:
[35m[BaseDriver][39m   platform
[35m[BaseDriver][39m Session created with session id: a3652765-d16e-4d4d-9fc8-b63f306b9212
[35m[BaseDriver][39m Using local app 'C:\Users\Riza\Downloads\Alodokter_user_v3.6.0_staging_debug_300921_1624.apk'
[35m[ADB][39m Found 2 'build-tools' folders under 'C:\Users\Riza\AppData\Local\Android\Sdk' (newest first):
[35m[ADB][39m     C:/Users/Riza/AppData/Local/Android/Sdk/build-tools/31.0.0
[35m[ADB][39m     C:/Users/Riza/AppData/Local/Android/Sdk/build-tools/30.0.2
[35m[ADB][39m Using 'adb.exe' from 'C:\Users\Riza\AppData\Local\Android\Sdk\platform-tools\adb.exe'
[35m[AndroidDriver][39m Retrieving device list
[35m[AndroidDriver][39m Using device: localhost:5555
[35m[ADB][39m Using 'adb.exe' from 'C:\Users\Riza\AppData\Local\Android\Sdk\platform-tools\adb.exe'
[35m[ADB][39m Package name: 'com.alodokter.android'
[35m[ADB][39m Main activity name: 'com.alodokter.android.presentation.splash.SplashActivity'
[35m[ADB][39m The application at 'C:\Users\Riza\AppData\Roaming\npm\node_modules\appium\node_modules\io.appium.settings\apks\settings_apk-debug.apk' will not be cached, because the device under test has confirmed the support of streamed installs
[35m[ADB][39m The installation of 'settings_apk-debug.apk' took 926ms
[35m[ADB][39m Using 'apksigner.jar' from 'C:\Users\Riza\AppData\Local\Android\Sdk\build-tools\31.0.0\lib\apksigner.jar'
[35m[ADB][39m 'C:\Users\Riza\AppData\Roaming\npm\node_modules\appium\node_modules\appium-uiautomator2-server\apks\appium-uiautomator2-server-v4.24.0.apk' is signed with the default certificate
[35m[ADB][39m 'C:\Users\Riza\AppData\Roaming\npm\node_modules\appium\node_modules\appium-uiautomator2-server\apks\appium-uiautomator2-server-debug-androidTest.apk' is signed with the default certificate
[35m[UiAutomator2][39m Server packages are going to be (re)installed
[35m[ADB][39m The application at 'C:\Users\Riza\AppData\Roaming\npm\node_modules\appium\node_modules\appium-uiautomator2-server\apks\appium-uiautomator2-server-v4.24.0.apk' will not be cached, because the device under test has confirmed the support of streamed installs
[35m[ADB][39m The installation of 'appium-uiautomator2-server-v4.24.0.apk' took 1225ms
[35m[ADB][39m The application at 'C:\Users\Riza\AppData\Roaming\npm\node_modules\appium\node_modules\appium-uiautomator2-server\apks\appium-uiautomator2-server-debug-androidTest.apk' will not be cached, because the device under test has confirmed the support of streamed installs
[35m[ADB][39m The installation of 'appium-uiautomator2-server-debug-androidTest.apk' took 826ms
[35m[ADB][39m Adding packages ["io.appium.settings","io.appium.uiautomator2.server","io.appium.uiautomator2.server.test"] to Doze whitelist
[35m[ADB][39m 'C:\Users\Riza\Downloads\Alodokter_user_v3.6.0_staging_debug_300921_1624.apk' is signed with a non-default certificate
[35m[UiAutomator2][39m Starting UIAutomator2 server 4.24.0
[35m[UiAutomator2][39m Using UIAutomator2 server from 'C:\Users\Riza\AppData\Roaming\npm\node_modules\appium\node_modules\appium-uiautomator2-server\apks\appium-uiautomator2-server-v4.24.0.apk' and test from 'C:\Users\Riza\AppData\Roaming\npm\node_modules\appium\node_modules\appium-uiautomator2-server\apks\appium-uiautomator2-server-debug-androidTest.apk'
[35m[UiAutomator2][39m Waiting up to 30000ms for UiAutomator2 to be online...
[35m[WD Proxy][39m socket hang up
[35m[WD Proxy][39m socket hang up
[35m[WD Proxy][39m Determined the downstream protocol as 'W3C'
[35m[AndroidDriver][39m Screen already unlocked, doing nothing
[35m[UiAutomator2][39m Starting 'com.alodokter.android/com.alodokter.android.presentation.splash.SplashActivity and waiting for 'com.alodokter.android/com.alodokter.android.presentation.splash.SplashActivity'
[35m[Appium][39m New AndroidUiautomator2Driver session created successfully, session a3652765-d16e-4d4d-9fc8-b63f306b9212 added to master session list
[35m[HTTP][39m [37m<-- POST /wd/hub/session [39m[32m200[39m [90m22467 ms - 1342[39m
[35m[HTTP][39m [90m[39m
[35m[HTTP][39m [37m-->[39m [37mGET[39m [37m/wd/hub/session/a3652765-d16e-4d4d-9fc8-b63f306b9212[39m
[35m[HTTP][39m [90m{}[39m
[35m[HTTP][39m [37m<-- GET /wd/hub/session/a3652765-d16e-4d4d-9fc8-b63f306b9212 [39m[32m200[39m [90m16 ms - 1296[39m
[35m[HTTP][39m [90m[39m
[35m[HTTP][39m [37m-->[39m [37mGET[39m [37m/wd/hub/session/a3652765-d16e-4d4d-9fc8-b63f306b9212[39m
[35m[HTTP][39m [90m{}[39m
[35m[HTTP][39m [37m<-- GET /wd/hub/session/a3652765-d16e-4d4d-9fc8-b63f306b9212 [39m[32m200[39m [90m20 ms - 1296[39m
[35m[HTTP][39m [90m[39m
[35m[HTTP][39m [37m-->[39m [37mGET[39m [37m/wd/hub/status[39m
[35m[HTTP][39m [90m{}[39m
[35m[HTTP][39m [37m<-- GET /wd/hub/status [39m[32m200[39m [90m2 ms - 68[39m
[35m[HTTP][39m [90m[39m
[35m[HTTP][39m [37m-->[39m [37mPOST[39m [37m/wd/hub/session/a3652765-d16e-4d4d-9fc8-b63f306b9212/timeouts[39m
[35m[HTTP][39m [90m{"implicit":30000}[39m
[35m[HTTP][39m [37m<-- POST /wd/hub/session/a3652765-d16e-4d4d-9fc8-b63f306b9212/timeouts [39m[32m200[39m [90m5 ms - 14[39m
[35m[HTTP][39m [90m[39m
[35m[HTTP][39m [37m-->[39m [37mGET[39m [37m/wd/hub/session/a3652765-d16e-4d4d-9fc8-b63f306b9212/screenshot[39m
[35m[HTTP][39m [90m{}[39m
[35m[HTTP][39m [37m<-- GET /wd/hub/session/a3652765-d16e-4d4d-9fc8-b63f306b9212/screenshot [39m[32m200[39m [90m632 ms - 491212[39m
[35m[HTTP][39m [90m[39m
[35m[HTTP][39m [37m-->[39m [37mGET[39m [37m/wd/hub/session/a3652765-d16e-4d4d-9fc8-b63f306b9212/window/rect[39m
[35m[HTTP][39m [90m{}[39m
[35m[HTTP][39m [37m<-- GET /wd/hub/session/a3652765-d16e-4d4d-9fc8-b63f306b9212/window/rect [39m[32m200[39m [90m20 ms - 49[39m
[35m[HTTP][39m [90m[39m
[35m[HTTP][39m [37m-->[39m [37mGET[39m [37m/wd/hub/session/a3652765-d16e-4d4d-9fc8-b63f306b9212/appium/device/system_bars[39m
[35m[HTTP][39m [90m{}[39m
[35m[HTTP][39m [37m<-- GET /wd/hub/session/a3652765-d16e-4d4d-9fc8-b63f306b9212/appium/device/system_bars [39m[31m500[39m [90m153 ms - 645[39m
[35m[HTTP][39m [90m[39m
[35m[HTTP][39m [37m-->[39m [37mPOST[39m [37m/wd/hub/session/a3652765-d16e-4d4d-9fc8-b63f306b9212/execute/sync[39m
[35m[HTTP][39m [90m{"script":"mobile:viewportRect","args":[]}[39m
[35m[AndroidDriver][39m Executing native command 'mobile:viewportRect'
[35m[HTTP][39m [37m<-- POST /wd/hub/session/a3652765-d16e-4d4d-9fc8-b63f306b9212/execute/sync [39m[32m200[39m [90m17 ms - 55[39m
[35m[HTTP][39m [90m[39m
[35m[HTTP][39m [37m-->[39m [37mPOST[39m [37m/wd/hub/session/a3652765-d16e-4d4d-9fc8-b63f306b9212/timeouts[39m
[35m[HTTP][39m [90m{"implicit":50}[39m
[35m[HTTP][39m [37m<-- POST /wd/hub/session/a3652765-d16e-4d4d-9fc8-b63f306b9212/timeouts [39m[32m200[39m [90m3 ms - 14[39m
[35m[HTTP][39m [90m[39m
[35m[HTTP][39m [37m-->[39m [37mGET[39m [37m/wd/hub/session/a3652765-d16e-4d4d-9fc8-b63f306b9212/window/rect[39m
[35m[HTTP][39m [90m{}[39m
[35m[HTTP][39m [37m<-- GET /wd/hub/session/a3652765-d16e-4d4d-9fc8-b63f306b9212/window/rect [39m[32m200[39m [90m12 ms - 49[39m
[35m[HTTP][39m [90m[39m
[35m[HTTP][39m [37m-->[39m [37mPOST[39m [37m/wd/hub/session/a3652765-d16e-4d4d-9fc8-b63f306b9212/elements[39m
[35m[HTTP][39m [90m{"using":"xpath","value":"//*[@class = 'android.widget.TextView' and (@text = 'Masuk menggunakan Email' or . = 'Masuk menggunakan Email') and @resource-id = 'com.alodokter.android:id/tv_login_email']"}[39m
[35m[HTTP][39m [37m<-- POST /wd/hub/session/a3652765-d16e-4d4d-9fc8-b63f306b9212/elements [39m[32m200[39m [90m112 ms - 139[39m
[35m[HTTP][39m [90m[39m
[35m[HTTP][39m [37m-->[39m [37mGET[39m [37m/wd/hub/session/a3652765-d16e-4d4d-9fc8-b63f306b9212/element/00000000-0000-0009-7fff-ffff00000006/location[39m
[35m[HTTP][39m [90m{}[39m
[35m[W3C (a3652765)][39m Driver proxy active, passing request on via HTTP proxy
[35m[WD Proxy][39m Replacing sessionId 0e36c532-b2da-4f0e-9821-9cddb09b91cf with a3652765-d16e-4d4d-9fc8-b63f306b9212
[35m[HTTP][39m [37m<-- GET /wd/hub/session/a3652765-d16e-4d4d-9fc8-b63f306b9212/element/00000000-0000-0009-7fff-ffff00000006/location [39m[32m200[39m [90m18 ms - 79[39m
[35m[HTTP][39m [90m[39m
[35m[HTTP][39m [37m-->[39m [37mPOST[39m [37m/wd/hub/session/a3652765-d16e-4d4d-9fc8-b63f306b9212/timeouts[39m
[35m[HTTP][39m [90m{"implicit":30000}[39m
[35m[HTTP][39m [37m<-- POST /wd/hub/session/a3652765-d16e-4d4d-9fc8-b63f306b9212/timeouts [39m[32m200[39m [90m2 ms - 14[39m
[35m[HTTP][39m [90m[39m
[35m[HTTP][39m [37m-->[39m [37mPOST[39m [37m/wd/hub/session/a3652765-d16e-4d4d-9fc8-b63f306b9212/touch/perform[39m
[35m[HTTP][39m [90m{"actions":[{"action":"tap","options":{"x":1,"y":1,"element":"00000000-0000-0009-7fff-ffff00000006"}},{"action":"release","options":{}}]}[39m
[35m[UiAutomator2][39m calling get location: 00000000-0000-0009-7fff-ffff00000006
[35m[HTTP][39m [37m<-- POST /wd/hub/session/a3652765-d16e-4d4d-9fc8-b63f306b9212/touch/perform [39m[32m200[39m [90m165 ms - 14[39m
[35m[HTTP][39m [90m[39m
[35m[HTTP][39m [37m-->[39m [37mPOST[39m [37m/wd/hub/session/a3652765-d16e-4d4d-9fc8-b63f306b9212/timeouts[39m
[35m[HTTP][39m [90m{"implicit":50}[39m
[35m[HTTP][39m [37m<-- POST /wd/hub/session/a3652765-d16e-4d4d-9fc8-b63f306b9212/timeouts [39m[32m200[39m [90m3 ms - 14[39m
[35m[HTTP][39m [90m[39m
[35m[HTTP][39m [37m-->[39m [37mGET[39m [37m/wd/hub/session/a3652765-d16e-4d4d-9fc8-b63f306b9212/window/rect[39m
[35m[HTTP][39m [90m{}[39m
[35m[HTTP][39m [37m<-- GET /wd/hub/session/a3652765-d16e-4d4d-9fc8-b63f306b9212/window/rect [39m[32m200[39m [90m15 ms - 49[39m
[35m[HTTP][39m [90m[39m
[35m[HTTP][39m [37m-->[39m [37mPOST[39m [37m/wd/hub/session/a3652765-d16e-4d4d-9fc8-b63f306b9212/elements[39m
[35m[HTTP][39m [90m{"using":"xpath","value":"//*[@class = 'android.widget.EditText' and (@text = 'Email' or . = 'Email') and @resource-id = 'com.alodokter.android:id/ti_edit_text_email']"}[39m
[35m[HTTP][39m [37m<-- POST /wd/hub/session/a3652765-d16e-4d4d-9fc8-b63f306b9212/elements [39m[32m200[39m [90m586 ms - 139[39m
[35m[HTTP][39m [90m[39m
[35m[HTTP][39m [37m-->[39m [37mGET[39m [37m/wd/hub/session/a3652765-d16e-4d4d-9fc8-b63f306b9212/element/00000000-0000-000a-7fff-ffff00000020/location[39m
[35m[HTTP][39m [90m{}[39m
[35m[W3C (a3652765)][39m Driver proxy active, passing request on via HTTP proxy
[35m[WD Proxy][39m Replacing sessionId 0e36c532-b2da-4f0e-9821-9cddb09b91cf with a3652765-d16e-4d4d-9fc8-b63f306b9212
[35m[HTTP][39m [37m<-- GET /wd/hub/session/a3652765-d16e-4d4d-9fc8-b63f306b9212/element/00000000-0000-000a-7fff-ffff00000020/location [39m[32m200[39m [90m16 ms - 77[39m
[35m[HTTP][39m [90m[39m
[35m[HTTP][39m [37m-->[39m [37mPOST[39m [37m/wd/hub/session/a3652765-d16e-4d4d-9fc8-b63f306b9212/timeouts[39m
[35m[HTTP][39m [90m{"implicit":30000}[39m
[35m[HTTP][39m [37m<-- POST /wd/hub/session/a3652765-d16e-4d4d-9fc8-b63f306b9212/timeouts [39m[32m200[39m [90m2 ms - 14[39m
[35m[HTTP][39m [90m[39m
[35m[HTTP][39m [37m-->[39m [37mPOST[39m [37m/wd/hub/session/a3652765-d16e-4d4d-9fc8-b63f306b9212/element/00000000-0000-000a-7fff-ffff00000020/clear[39m
[35m[HTTP][39m [90m{"id":"00000000-0000-000a-7fff-ffff00000020"}[39m
[35m[HTTP][39m [37m<-- POST /wd/hub/session/a3652765-d16e-4d4d-9fc8-b63f306b9212/element/00000000-0000-000a-7fff-ffff00000020/clear [39m[32m200[39m [90m19 ms - 14[39m
[35m[HTTP][39m [90m[39m
[35m[HTTP][39m [37m-->[39m [37mPOST[39m [37m/wd/hub/session/a3652765-d16e-4d4d-9fc8-b63f306b9212/element/00000000-0000-000a-7fff-ffff00000020/value[39m
[35m[HTTP][39m [90m{"id":"00000000-0000-000a-7fff-ffff00000020","text":"autouser3thsize@mail.com","value":["a","u","t","o","u","s","e","r","3","t","h","s","i","z","e","@","m","a","i","l",".","c","o","m"]}[39m
[35m[HTTP][39m [37m<-- POST /wd/hub/session/a3652765-d16e-4d4d-9fc8-b63f306b9212/element/00000000-0000-000a-7fff-ffff00000020/value [39m[32m200[39m [90m895 ms - 14[39m
[35m[HTTP][39m [90m[39m
[35m[HTTP][39m [37m-->[39m [37mPOST[39m [37m/wd/hub/session/a3652765-d16e-4d4d-9fc8-b63f306b9212/timeouts[39m
[35m[HTTP][39m [90m{"implicit":50}[39m
[35m[HTTP][39m [37m<-- POST /wd/hub/session/a3652765-d16e-4d4d-9fc8-b63f306b9212/timeouts [39m[32m200[39m [90m2 ms - 14[39m
[35m[HTTP][39m [90m[39m
[35m[HTTP][39m [37m-->[39m [37mGET[39m [37m/wd/hub/session/a3652765-d16e-4d4d-9fc8-b63f306b9212/window/rect[39m
[35m[HTTP][39m [90m{}[39m
[35m[HTTP][39m [37m<-- GET /wd/hub/session/a3652765-d16e-4d4d-9fc8-b63f306b9212/window/rect [39m[32m200[39m [90m11 ms - 49[39m
[35m[HTTP][39m [90m[39m
[35m[HTTP][39m [37m-->[39m [37mPOST[39m [37m/wd/hub/session/a3652765-d16e-4d4d-9fc8-b63f306b9212/elements[39m
[35m[HTTP][39m [90m{"using":"xpath","value":"//*[@class = 'android.widget.EditText' and (@text = 'Kata Sandi' or . = 'Kata Sandi') and @resource-id = 'com.alodokter.android:id/ti_edit_text_password']"}[39m
[35m[HTTP][39m [37m<-- POST /wd/hub/session/a3652765-d16e-4d4d-9fc8-b63f306b9212/elements [39m[32m200[39m [90m284 ms - 139[39m
[35m[HTTP][39m [90m[39m
[35m[HTTP][39m [37m-->[39m [37mGET[39m [37m/wd/hub/session/a3652765-d16e-4d4d-9fc8-b63f306b9212/element/00000000-0000-000a-7fff-ffff00000022/location[39m
[35m[HTTP][39m [90m{}[39m
[35m[W3C (a3652765)][39m Driver proxy active, passing request on via HTTP proxy
[35m[WD Proxy][39m Replacing sessionId 0e36c532-b2da-4f0e-9821-9cddb09b91cf with a3652765-d16e-4d4d-9fc8-b63f306b9212
[35m[HTTP][39m [37m<-- GET /wd/hub/session/a3652765-d16e-4d4d-9fc8-b63f306b9212/element/00000000-0000-000a-7fff-ffff00000022/location [39m[32m200[39m [90m13 ms - 77[39m
[35m[HTTP][39m [90m[39m
[35m[HTTP][39m [37m-->[39m [37mPOST[39m [37m/wd/hub/session/a3652765-d16e-4d4d-9fc8-b63f306b9212/timeouts[39m
[35m[HTTP][39m [90m{"implicit":30000}[39m
[35m[HTTP][39m [37m<-- POST /wd/hub/session/a3652765-d16e-4d4d-9fc8-b63f306b9212/timeouts [39m[32m200[39m [90m2 ms - 14[39m
[35m[HTTP][39m [90m[39m
[35m[HTTP][39m [37m-->[39m [37mPOST[39m [37m/wd/hub/session/a3652765-d16e-4d4d-9fc8-b63f306b9212/element/00000000-0000-000a-7fff-ffff00000022/clear[39m
[35m[HTTP][39m [90m{"id":"00000000-0000-000a-7fff-ffff00000022"}[39m
[35m[HTTP][39m [37m<-- POST /wd/hub/session/a3652765-d16e-4d4d-9fc8-b63f306b9212/element/00000000-0000-000a-7fff-ffff00000022/clear [39m[32m200[39m [90m14 ms - 14[39m
[35m[HTTP][39m [90m[39m
[35m[HTTP][39m [37m-->[39m [37mPOST[39m [37m/wd/hub/session/a3652765-d16e-4d4d-9fc8-b63f306b9212/element/00000000-0000-000a-7fff-ffff00000022/value[39m
[35m[HTTP][39m [90m{"id":"00000000-0000-000a-7fff-ffff00000022","text":"123456","value":["1","2","3","4","5","6"]}[39m
[35m[HTTP][39m [37m<-- POST /wd/hub/session/a3652765-d16e-4d4d-9fc8-b63f306b9212/element/00000000-0000-000a-7fff-ffff00000022/value [39m[32m200[39m [90m576 ms - 14[39m
[35m[HTTP][39m [90m[39m
[35m[HTTP][39m [37m-->[39m [37mPOST[39m [37m/wd/hub/session/a3652765-d16e-4d4d-9fc8-b63f306b9212/timeouts[39m
[35m[HTTP][39m [90m{"implicit":50}[39m
[35m[HTTP][39m [37m<-- POST /wd/hub/session/a3652765-d16e-4d4d-9fc8-b63f306b9212/timeouts [39m[32m200[39m [90m2 ms - 14[39m
[35m[HTTP][39m [90m[39m
[35m[HTTP][39m [37m-->[39m [37mGET[39m [37m/wd/hub/session/a3652765-d16e-4d4d-9fc8-b63f306b9212/window/rect[39m
[35m[HTTP][39m [90m{}[39m
[35m[HTTP][39m [37m<-- GET /wd/hub/session/a3652765-d16e-4d4d-9fc8-b63f306b9212/window/rect [39m[32m200[39m [90m14 ms - 49[39m
[35m[HTTP][39m [90m[39m
[35m[HTTP][39m [37m-->[39m [37mPOST[39m [37m/wd/hub/session/a3652765-d16e-4d4d-9fc8-b63f306b9212/elements[39m
[35m[HTTP][39m [90m{"using":"xpath","value":"//*[@class = 'android.widget.TextView' and (@text = 'Masuk' or . = 'Masuk') and @resource-id = 'com.alodokter.android:id/login_email_btn']"}[39m
[35m[HTTP][39m [37m<-- POST /wd/hub/session/a3652765-d16e-4d4d-9fc8-b63f306b9212/elements [39m[32m200[39m [90m363 ms - 139[39m
[35m[HTTP][39m [90m[39m
[35m[HTTP][39m [37m-->[39m [37mGET[39m [37m/wd/hub/session/a3652765-d16e-4d4d-9fc8-b63f306b9212/element/00000000-0000-000a-7fff-ffff00000026/location[39m
[35m[HTTP][39m [90m{}[39m
[35m[W3C (a3652765)][39m Driver proxy active, passing request on via HTTP proxy
[35m[WD Proxy][39m Replacing sessionId 0e36c532-b2da-4f0e-9821-9cddb09b91cf with a3652765-d16e-4d4d-9fc8-b63f306b9212
[35m[HTTP][39m [37m<-- GET /wd/hub/session/a3652765-d16e-4d4d-9fc8-b63f306b9212/element/00000000-0000-000a-7fff-ffff00000026/location [39m[32m200[39m [90m18 ms - 77[39m
[35m[HTTP][39m [90m[39m
[35m[HTTP][39m [37m-->[39m [37mPOST[39m [37m/wd/hub/session/a3652765-d16e-4d4d-9fc8-b63f306b9212/timeouts[39m
[35m[HTTP][39m [90m{"implicit":30000}[39m
[35m[HTTP][39m [37m<-- POST /wd/hub/session/a3652765-d16e-4d4d-9fc8-b63f306b9212/timeouts [39m[32m200[39m [90m2 ms - 14[39m
[35m[HTTP][39m [90m[39m
[35m[HTTP][39m [37m-->[39m [37mPOST[39m [37m/wd/hub/session/a3652765-d16e-4d4d-9fc8-b63f306b9212/touch/perform[39m
[35m[HTTP][39m [90m{"actions":[{"action":"tap","options":{"x":1,"y":1,"element":"00000000-0000-000a-7fff-ffff00000026"}},{"action":"release","options":{}}]}[39m
[35m[UiAutomator2][39m calling get location: 00000000-0000-000a-7fff-ffff00000026
[35m[HTTP][39m [37m<-- POST /wd/hub/session/a3652765-d16e-4d4d-9fc8-b63f306b9212/touch/perform [39m[32m200[39m [90m143 ms - 14[39m
[35m[HTTP][39m [90m[39m
[35m[HTTP][39m [37m-->[39m [37mPOST[39m [37m/wd/hub/session/a3652765-d16e-4d4d-9fc8-b63f306b9212/timeouts[39m
[35m[HTTP][39m [90m{"implicit":50}[39m
[35m[HTTP][39m [37m<-- POST /wd/hub/session/a3652765-d16e-4d4d-9fc8-b63f306b9212/timeouts [39m[32m200[39m [90m2 ms - 14[39m
[35m[HTTP][39m [90m[39m
[35m[HTTP][39m [37m-->[39m [37mGET[39m [37m/wd/hub/session/a3652765-d16e-4d4d-9fc8-b63f306b9212/window/rect[39m
[35m[HTTP][39m [90m{}[39m
[35m[HTTP][39m [37m<-- GET /wd/hub/session/a3652765-d16e-4d4d-9fc8-b63f306b9212/window/rect [39m[32m200[39m [90m10 ms - 49[39m
[35m[HTTP][39m [90m[39m
[35m[HTTP][39m [37m-->[39m [37mPOST[39m [37m/wd/hub/session/a3652765-d16e-4d4d-9fc8-b63f306b9212/elements[39m
[35m[HTTP][39m [90m{"using":"xpath","value":"//*[@class = 'android.widget.ImageView' and @resource-id = 'com.alodokter.android:id/default_profile_icon_container' and (@text = '' or . = '')]"}[39m
[35m[HTTP][39m [37m<-- POST /wd/hub/session/a3652765-d16e-4d4d-9fc8-b63f306b9212/elements [39m[32m200[39m [90m421 ms - 12[39m
[35m[HTTP][39m [90m[39m
[35m[HTTP][39m [37m-->[39m [37mPOST[39m [37m/wd/hub/session/a3652765-d16e-4d4d-9fc8-b63f306b9212/elements[39m
[35m[HTTP][39m [90m{"using":"xpath","value":"//*[@class = 'android.widget.ImageView' and @resource-id = 'com.alodokter.android:id/default_profile_icon_container' and (@text = '' or . = '')]"}[39m
[35m[HTTP][39m [37m<-- POST /wd/hub/session/a3652765-d16e-4d4d-9fc8-b63f306b9212/elements [39m[32m200[39m [90m72 ms - 12[39m
[35m[HTTP][39m [90m[39m
[35m[HTTP][39m [37m-->[39m [37mPOST[39m [37m/wd/hub/session/a3652765-d16e-4d4d-9fc8-b63f306b9212/elements[39m
[35m[HTTP][39m [90m{"using":"xpath","value":"//*[@class = 'android.widget.ImageView' and @resource-id = 'com.alodokter.android:id/default_profile_icon_container' and (@text = '' or . = '')]"}[39m
[35m[HTTP][39m [37m<-- POST /wd/hub/session/a3652765-d16e-4d4d-9fc8-b63f306b9212/elements [39m[32m200[39m [90m59 ms - 12[39m
[35m[HTTP][39m [90m[39m
[35m[HTTP][39m [37m-->[39m [37mPOST[39m [37m/wd/hub/session/a3652765-d16e-4d4d-9fc8-b63f306b9212/elements[39m
[35m[HTTP][39m [90m{"using":"xpath","value":"//*[@class = 'android.widget.ImageView' and @resource-id = 'com.alodokter.android:id/default_profile_icon_container' and (@text = '' or . = '')]"}[39m
[35m[HTTP][39m [37m<-- POST /wd/hub/session/a3652765-d16e-4d4d-9fc8-b63f306b9212/elements [39m[32m200[39m [90m70 ms - 12[39m
[35m[HTTP][39m [90m[39m
[35m[HTTP][39m [37m-->[39m [37mPOST[39m [37m/wd/hub/session/a3652765-d16e-4d4d-9fc8-b63f306b9212/elements[39m
[35m[HTTP][39m [90m{"using":"xpath","value":"//*[@class = 'android.widget.ImageView' and @resource-id = 'com.alodokter.android:id/default_profile_icon_container' and (@text = '' or . = '')]"}[39m
[35m[HTTP][39m [37m<-- POST /wd/hub/session/a3652765-d16e-4d4d-9fc8-b63f306b9212/elements [39m[32m200[39m [90m88 ms - 12[39m
[35m[HTTP][39m [90m[39m
[35m[HTTP][39m [37m-->[39m [37mPOST[39m [37m/wd/hub/session/a3652765-d16e-4d4d-9fc8-b63f306b9212/elements[39m
[35m[HTTP][39m [90m{"using":"xpath","value":"//*[@class = 'android.widget.ImageView' and @resource-id = 'com.alodokter.android:id/default_profile_icon_container' and (@text = '' or . = '')]"}[39m
[35m[HTTP][39m [37m<-- POST /wd/hub/session/a3652765-d16e-4d4d-9fc8-b63f306b9212/elements [39m[32m200[39m [90m92 ms - 12[39m
[35m[HTTP][39m [90m[39m
[35m[HTTP][39m [37m-->[39m [37mPOST[39m [37m/wd/hub/session/a3652765-d16e-4d4d-9fc8-b63f306b9212/elements[39m
[35m[HTTP][39m [90m{"using":"xpath","value":"//*[@class = 'android.widget.ImageView' and @resource-id = 'com.alodokter.android:id/default_profile_icon_container' and (@text = '' or . = '')]"}[39m
[35m[HTTP][39m [37m<-- POST /wd/hub/session/a3652765-d16e-4d4d-9fc8-b63f306b9212/elements [39m[32m200[39m [90m150 ms - 12[39m
[35m[HTTP][39m [90m[39m
[35m[HTTP][39m [37m-->[39m [37mPOST[39m [37m/wd/hub/session/a3652765-d16e-4d4d-9fc8-b63f306b9212/elements[39m
[35m[HTTP][39m [90m{"using":"xpath","value":"//*[@class = 'android.widget.ImageView' and @resource-id = 'com.alodokter.android:id/default_profile_icon_container' and (@text = '' or . = '')]"}[39m
[35m[HTTP][39m [37m<-- POST /wd/hub/session/a3652765-d16e-4d4d-9fc8-b63f306b9212/elements [39m[32m200[39m [90m2025 ms - 12[39m
[35m[HTTP][39m [90m[39m
[35m[HTTP][39m [37m-->[39m [37mPOST[39m [37m/wd/hub/session/a3652765-d16e-4d4d-9fc8-b63f306b9212/elements[39m
[35m[HTTP][39m [90m{"using":"xpath","value":"//*[@class = 'android.widget.ImageView' and @resource-id = 'com.alodokter.android:id/default_profile_icon_container' and (@text = '' or . = '')]"}[39m
[35m[HTTP][39m [37m<-- POST /wd/hub/session/a3652765-d16e-4d4d-9fc8-b63f306b9212/elements [39m[32m200[39m [90m70 ms - 12[39m
[35m[HTTP][39m [90m[39m
[35m[HTTP][39m [37m-->[39m [37mPOST[39m [37m/wd/hub/session/a3652765-d16e-4d4d-9fc8-b63f306b9212/elements[39m
[35m[HTTP][39m [90m{"using":"xpath","value":"//*[@class = 'android.widget.ImageView' and @resource-id = 'com.alodokter.android:id/default_profile_icon_container' and (@text = '' or . = '')]"}[39m
[35m[HTTP][39m [37m<-- POST /wd/hub/session/a3652765-d16e-4d4d-9fc8-b63f306b9212/elements [39m[32m200[39m [90m74 ms - 12[39m
[35m[HTTP][39m [90m[39m
[35m[HTTP][39m [37m-->[39m [37mPOST[39m [37m/wd/hub/session/a3652765-d16e-4d4d-9fc8-b63f306b9212/elements[39m
[35m[HTTP][39m [90m{"using":"xpath","value":"//*[@class = 'android.widget.ImageView' and @resource-id = 'com.alodokter.android:id/default_profile_icon_container' and (@text = '' or . = '')]"}[39m
[35m[HTTP][39m [37m<-- POST /wd/hub/session/a3652765-d16e-4d4d-9fc8-b63f306b9212/elements [39m[32m200[39m [90m75 ms - 12[39m
[35m[HTTP][39m [90m[39m
[35m[HTTP][39m [37m-->[39m [37mPOST[39m [37m/wd/hub/session/a3652765-d16e-4d4d-9fc8-b63f306b9212/elements[39m
[35m[HTTP][39m [90m{"using":"xpath","value":"//*[@class = 'android.widget.ImageView' and @resource-id = 'com.alodokter.android:id/default_profile_icon_container' and (@text = '' or . = '')]"}[39m
[35m[HTTP][39m [37m<-- POST /wd/hub/session/a3652765-d16e-4d4d-9fc8-b63f306b9212/elements [39m[32m200[39m [90m84 ms - 12[39m
[35m[HTTP][39m [90m[39m
[35m[HTTP][39m [37m-->[39m [37mPOST[39m [37m/wd/hub/session/a3652765-d16e-4d4d-9fc8-b63f306b9212/elements[39m
[35m[HTTP][39m [90m{"using":"xpath","value":"//*[@class = 'android.widget.ImageView' and @resource-id = 'com.alodokter.android:id/default_profile_icon_container' and (@text = '' or . = '')]"}[39m
[35m[HTTP][39m [37m<-- POST /wd/hub/session/a3652765-d16e-4d4d-9fc8-b63f306b9212/elements [39m[32m200[39m [90m74 ms - 12[39m
[35m[HTTP][39m [90m[39m
[35m[HTTP][39m [37m-->[39m [37mPOST[39m [37m/wd/hub/session/a3652765-d16e-4d4d-9fc8-b63f306b9212/elements[39m
[35m[HTTP][39m [90m{"using":"xpath","value":"//*[@class = 'android.widget.ImageView' and @resource-id = 'com.alodokter.android:id/default_profile_icon_container' and (@text = '' or . = '')]"}[39m
[35m[HTTP][39m [37m<-- POST /wd/hub/session/a3652765-d16e-4d4d-9fc8-b63f306b9212/elements [39m[32m200[39m [90m74 ms - 12[39m
[35m[HTTP][39m [90m[39m
[35m[HTTP][39m [37m-->[39m [37mPOST[39m [37m/wd/hub/session/a3652765-d16e-4d4d-9fc8-b63f306b9212/elements[39m
[35m[HTTP][39m [90m{"using":"xpath","value":"//*[@class = 'android.widget.ImageView' and @resource-id = 'com.alodokter.android:id/default_profile_icon_container' and (@text = '' or . = '')]"}[39m
[35m[HTTP][39m [37m<-- POST /wd/hub/session/a3652765-d16e-4d4d-9fc8-b63f306b9212/elements [39m[32m200[39m [90m77 ms - 12[39m
[35m[HTTP][39m [90m[39m
[35m[HTTP][39m [37m-->[39m [37mPOST[39m [37m/wd/hub/session/a3652765-d16e-4d4d-9fc8-b63f306b9212/elements[39m
[35m[HTTP][39m [90m{"using":"xpath","value":"//*[@class = 'android.widget.ImageView' and @resource-id = 'com.alodokter.android:id/default_profile_icon_container' and (@text = '' or . = '')]"}[39m
[35m[HTTP][39m [37m<-- POST /wd/hub/session/a3652765-d16e-4d4d-9fc8-b63f306b9212/elements [39m[32m200[39m [90m74 ms - 12[39m
[35m[HTTP][39m [90m[39m
[35m[HTTP][39m [37m-->[39m [37mPOST[39m [37m/wd/hub/session/a3652765-d16e-4d4d-9fc8-b63f306b9212/elements[39m
[35m[HTTP][39m [90m{"using":"xpath","value":"//*[@class = 'android.widget.ImageView' and @resource-id = 'com.alodokter.android:id/default_profile_icon_container' and (@text = '' or . = '')]"}[39m
[35m[HTTP][39m [37m<-- POST /wd/hub/session/a3652765-d16e-4d4d-9fc8-b63f306b9212/elements [39m[32m200[39m [90m72 ms - 12[39m
[35m[HTTP][39m [90m[39m
[35m[HTTP][39m [37m-->[39m [37mPOST[39m [37m/wd/hub/session/a3652765-d16e-4d4d-9fc8-b63f306b9212/elements[39m
[35m[HTTP][39m [90m{"using":"xpath","value":"//*[@class = 'android.widget.ImageView' and @resource-id = 'com.alodokter.android:id/default_profile_icon_container' and (@text = '' or . = '')]"}[39m
[35m[HTTP][39m [37m<-- POST /wd/hub/session/a3652765-d16e-4d4d-9fc8-b63f306b9212/elements [39m[32m200[39m [90m65 ms - 12[39m
[35m[HTTP][39m [90m[39m
[35m[HTTP][39m [37m-->[39m [37mPOST[39m [37m/wd/hub/session/a3652765-d16e-4d4d-9fc8-b63f306b9212/elements[39m
[35m[HTTP][39m [90m{"using":"xpath","value":"//*[@class = 'android.widget.ImageView' and @resource-id = 'com.alodokter.android:id/default_profile_icon_container' and (@text = '' or . = '')]"}[39m
[35m[HTTP][39m [37m<-- POST /wd/hub/session/a3652765-d16e-4d4d-9fc8-b63f306b9212/elements [39m[32m200[39m [90m74 ms - 12[39m
[35m[HTTP][39m [90m[39m
[35m[HTTP][39m [37m-->[39m [37mPOST[39m [37m/wd/hub/session/a3652765-d16e-4d4d-9fc8-b63f306b9212/elements[39m
[35m[HTTP][39m [90m{"using":"xpath","value":"//*[@class = 'android.widget.ImageView' and @resource-id = 'com.alodokter.android:id/default_profile_icon_container' and (@text = '' or . = '')]"}[39m
[35m[HTTP][39m [37m<-- POST /wd/hub/session/a3652765-d16e-4d4d-9fc8-b63f306b9212/elements [39m[32m200[39m [90m71 ms - 12[39m
[35m[HTTP][39m [90m[39m
[35m[HTTP][39m [37m-->[39m [37mPOST[39m [37m/wd/hub/session/a3652765-d16e-4d4d-9fc8-b63f306b9212/elements[39m
[35m[HTTP][39m [90m{"using":"xpath","value":"//*[@class = 'android.widget.ImageView' and @resource-id = 'com.alodokter.android:id/default_profile_icon_container' and (@text = '' or . = '')]"}[39m
[35m[HTTP][39m [37m<-- POST /wd/hub/session/a3652765-d16e-4d4d-9fc8-b63f306b9212/elements [39m[32m200[39m [90m66 ms - 12[39m
[35m[HTTP][39m [90m[39m
[35m[HTTP][39m [37m-->[39m [37mPOST[39m [37m/wd/hub/session/a3652765-d16e-4d4d-9fc8-b63f306b9212/elements[39m
[35m[HTTP][39m [90m{"using":"xpath","value":"//*[@class = 'android.widget.ImageView' and @resource-id = 'com.alodokter.android:id/default_profile_icon_container' and (@text = '' or . = '')]"}[39m
[35m[HTTP][39m [37m<-- POST /wd/hub/session/a3652765-d16e-4d4d-9fc8-b63f306b9212/elements [39m[32m200[39m [90m71 ms - 12[39m
[35m[HTTP][39m [90m[39m
[35m[HTTP][39m [37m-->[39m [37mPOST[39m [37m/wd/hub/session/a3652765-d16e-4d4d-9fc8-b63f306b9212/elements[39m
[35m[HTTP][39m [90m{"using":"xpath","value":"//*[@class = 'android.widget.ImageView' and @resource-id = 'com.alodokter.android:id/default_profile_icon_container' and (@text = '' or . = '')]"}[39m
[35m[HTTP][39m [37m<-- POST /wd/hub/session/a3652765-d16e-4d4d-9fc8-b63f306b9212/elements [39m[32m200[39m [90m81 ms - 12[39m
[35m[HTTP][39m [90m[39m
[35m[HTTP][39m [37m-->[39m [37mPOST[39m [37m/wd/hub/session/a3652765-d16e-4d4d-9fc8-b63f306b9212/elements[39m
[35m[HTTP][39m [90m{"using":"xpath","value":"//*[@class = 'android.widget.ImageView' and @resource-id = 'com.alodokter.android:id/default_profile_icon_container' and (@text = '' or . = '')]"}[39m
[35m[HTTP][39m [37m<-- POST /wd/hub/session/a3652765-d16e-4d4d-9fc8-b63f306b9212/elements [39m[32m200[39m [90m68 ms - 12[39m
[35m[HTTP][39m [90m[39m
[35m[HTTP][39m [37m-->[39m [37mPOST[39m [37m/wd/hub/session/a3652765-d16e-4d4d-9fc8-b63f306b9212/elements[39m
[35m[HTTP][39m [90m{"using":"xpath","value":"//*[@class = 'android.widget.ImageView' and @resource-id = 'com.alodokter.android:id/default_profile_icon_container' and (@text = '' or . = '')]"}[39m
[35m[HTTP][39m [37m<-- POST /wd/hub/session/a3652765-d16e-4d4d-9fc8-b63f306b9212/elements [39m[32m200[39m [90m67 ms - 12[39m
[35m[HTTP][39m [90m[39m
[35m[HTTP][39m [37m-->[39m [37mPOST[39m [37m/wd/hub/session/a3652765-d16e-4d4d-9fc8-b63f306b9212/elements[39m
[35m[HTTP][39m [90m{"using":"xpath","value":"//*[@class = 'android.widget.ImageView' and @resource-id = 'com.alodokter.android:id/default_profile_icon_container' and (@text = '' or . = '')]"}[39m
[35m[HTTP][39m [37m<-- POST /wd/hub/session/a3652765-d16e-4d4d-9fc8-b63f306b9212/elements [39m[32m200[39m [90m68 ms - 12[39m
[35m[HTTP][39m [90m[39m
[35m[HTTP][39m [37m-->[39m [37mPOST[39m [37m/wd/hub/session/a3652765-d16e-4d4d-9fc8-b63f306b9212/elements[39m
[35m[HTTP][39m [90m{"using":"xpath","value":"//*[@class = 'android.widget.ImageView' and @resource-id = 'com.alodokter.android:id/default_profile_icon_container' and (@text = '' or . = '')]"}[39m
[35m[HTTP][39m [37m<-- POST /wd/hub/session/a3652765-d16e-4d4d-9fc8-b63f306b9212/elements [39m[32m200[39m [90m66 ms - 12[39m
[35m[HTTP][39m [90m[39m
[35m[HTTP][39m [37m-->[39m [37mPOST[39m [37m/wd/hub/session/a3652765-d16e-4d4d-9fc8-b63f306b9212/elements[39m
[35m[HTTP][39m [90m{"using":"xpath","value":"//*[@class = 'android.widget.ImageView' and @resource-id = 'com.alodokter.android:id/default_profile_icon_container' and (@text = '' or . = '')]"}[39m
[35m[HTTP][39m [37m<-- POST /wd/hub/session/a3652765-d16e-4d4d-9fc8-b63f306b9212/elements [39m[32m200[39m [90m66 ms - 12[39m
[35m[HTTP][39m [90m[39m
[35m[HTTP][39m [37m-->[39m [37mPOST[39m [37m/wd/hub/session/a3652765-d16e-4d4d-9fc8-b63f306b9212/elements[39m
[35m[HTTP][39m [90m{"using":"xpath","value":"//*[@class = 'android.widget.ImageView' and @resource-id = 'com.alodokter.android:id/default_profile_icon_container' and (@text = '' or . = '')]"}[39m
[35m[HTTP][39m [37m<-- POST /wd/hub/session/a3652765-d16e-4d4d-9fc8-b63f306b9212/elements [39m[32m200[39m [90m66 ms - 12[39m
[35m[HTTP][39m [90m[39m
[35m[HTTP][39m [37m-->[39m [37mPOST[39m [37m/wd/hub/session/a3652765-d16e-4d4d-9fc8-b63f306b9212/elements[39m
[35m[HTTP][39m [90m{"using":"xpath","value":"//*[@class = 'android.widget.ImageView' and @resource-id = 'com.alodokter.android:id/default_profile_icon_container' and (@text = '' or . = '')]"}[39m
[35m[HTTP][39m [37m<-- POST /wd/hub/session/a3652765-d16e-4d4d-9fc8-b63f306b9212/elements [39m[32m200[39m [90m67 ms - 12[39m
[35m[HTTP][39m [90m[39m
[35m[HTTP][39m [37m-->[39m [37mPOST[39m [37m/wd/hub/session/a3652765-d16e-4d4d-9fc8-b63f306b9212/elements[39m
[35m[HTTP][39m [90m{"using":"xpath","value":"//*[@class = 'android.widget.ImageView' and @resource-id = 'com.alodokter.android:id/default_profile_icon_container' and (@text = '' or . = '')]"}[39m
[35m[HTTP][39m [37m<-- POST /wd/hub/session/a3652765-d16e-4d4d-9fc8-b63f306b9212/elements [39m[32m200[39m [90m69 ms - 12[39m
[35m[HTTP][39m [90m[39m
[35m[HTTP][39m [37m-->[39m [37mPOST[39m [37m/wd/hub/session/a3652765-d16e-4d4d-9fc8-b63f306b9212/elements[39m
[35m[HTTP][39m [90m{"using":"xpath","value":"//*[@class = 'android.widget.ImageView' and @resource-id = 'com.alodokter.android:id/default_profile_icon_container' and (@text = '' or . = '')]"}[39m
[35m[HTTP][39m [37m<-- POST /wd/hub/session/a3652765-d16e-4d4d-9fc8-b63f306b9212/elements [39m[32m200[39m [90m70 ms - 12[39m
[35m[HTTP][39m [90m[39m
[35m[HTTP][39m [37m-->[39m [37mPOST[39m [37m/wd/hub/session/a3652765-d16e-4d4d-9fc8-b63f306b9212/elements[39m
[35m[HTTP][39m [90m{"using":"xpath","value":"//*[@class = 'android.widget.ImageView' and @resource-id = 'com.alodokter.android:id/default_profile_icon_container' and (@text = '' or . = '')]"}[39m
[35m[HTTP][39m [37m<-- POST /wd/hub/session/a3652765-d16e-4d4d-9fc8-b63f306b9212/elements [39m[32m200[39m [90m70 ms - 12[39m
[35m[HTTP][39m [90m[39m
[35m[HTTP][39m [37m-->[39m [37mPOST[39m [37m/wd/hub/session/a3652765-d16e-4d4d-9fc8-b63f306b9212/elements[39m
[35m[HTTP][39m [90m{"using":"xpath","value":"//*[@class = 'android.widget.ImageView' and @resource-id = 'com.alodokter.android:id/default_profile_icon_container' and (@text = '' or . = '')]"}[39m
[35m[HTTP][39m [37m<-- POST /wd/hub/session/a3652765-d16e-4d4d-9fc8-b63f306b9212/elements [39m[32m200[39m [90m67 ms - 12[39m
[35m[HTTP][39m [90m[39m
[35m[HTTP][39m [37m-->[39m [37mPOST[39m [37m/wd/hub/session/a3652765-d16e-4d4d-9fc8-b63f306b9212/elements[39m
[35m[HTTP][39m [90m{"using":"xpath","value":"//*[@class = 'android.widget.ImageView' and @resource-id = 'com.alodokter.android:id/default_profile_icon_container' and (@text = '' or . = '')]"}[39m
[35m[HTTP][39m [37m<-- POST /wd/hub/session/a3652765-d16e-4d4d-9fc8-b63f306b9212/elements [39m[32m200[39m [90m67 ms - 12[39m
[35m[HTTP][39m [90m[39m
[35m[HTTP][39m [37m-->[39m [37mPOST[39m [37m/wd/hub/session/a3652765-d16e-4d4d-9fc8-b63f306b9212/elements[39m
[35m[HTTP][39m [90m{"using":"xpath","value":"//*[@class = 'android.widget.ImageView' and @resource-id = 'com.alodokter.android:id/default_profile_icon_container' and (@text = '' or . = '')]"}[39m
[35m[HTTP][39m [37m<-- POST /wd/hub/session/a3652765-d16e-4d4d-9fc8-b63f306b9212/elements [39m[32m200[39m [90m70 ms - 12[39m
[35m[HTTP][39m [90m[39m
[35m[HTTP][39m [37m-->[39m [37mPOST[39m [37m/wd/hub/session/a3652765-d16e-4d4d-9fc8-b63f306b9212/elements[39m
[35m[HTTP][39m [90m{"using":"xpath","value":"//*[@class = 'android.widget.ImageView' and @resource-id = 'com.alodokter.android:id/default_profile_icon_container' and (@text = '' or . = '')]"}[39m
[35m[HTTP][39m [37m<-- POST /wd/hub/session/a3652765-d16e-4d4d-9fc8-b63f306b9212/elements [39m[32m200[39m [90m72 ms - 12[39m
[35m[HTTP][39m [90m[39m
[35m[HTTP][39m [37m-->[39m [37mPOST[39m [37m/wd/hub/session/a3652765-d16e-4d4d-9fc8-b63f306b9212/elements[39m
[35m[HTTP][39m [90m{"using":"xpath","value":"//*[@class = 'android.widget.ImageView' and @resource-id = 'com.alodokter.android:id/default_profile_icon_container' and (@text = '' or . = '')]"}[39m
[35m[HTTP][39m [37m<-- POST /wd/hub/session/a3652765-d16e-4d4d-9fc8-b63f306b9212/elements [39m[32m200[39m [90m67 ms - 12[39m
[35m[HTTP][39m [90m[39m
[35m[HTTP][39m [37m-->[39m [37mPOST[39m [37m/wd/hub/session/a3652765-d16e-4d4d-9fc8-b63f306b9212/elements[39m
[35m[HTTP][39m [90m{"using":"xpath","value":"//*[@class = 'android.widget.ImageView' and @resource-id = 'com.alodokter.android:id/default_profile_icon_container' and (@text = '' or . = '')]"}[39m
[35m[HTTP][39m [37m<-- POST /wd/hub/session/a3652765-d16e-4d4d-9fc8-b63f306b9212/elements [39m[32m200[39m [90m71 ms - 12[39m
[35m[HTTP][39m [90m[39m
[35m[HTTP][39m [37m-->[39m [37mPOST[39m [37m/wd/hub/session/a3652765-d16e-4d4d-9fc8-b63f306b9212/elements[39m
[35m[HTTP][39m [90m{"using":"xpath","value":"//*[@class = 'android.widget.ImageView' and @resource-id = 'com.alodokter.android:id/default_profile_icon_container' and (@text = '' or . = '')]"}[39m
[35m[HTTP][39m [37m<-- POST /wd/hub/session/a3652765-d16e-4d4d-9fc8-b63f306b9212/elements [39m[32m200[39m [90m67 ms - 12[39m
[35m[HTTP][39m [90m[39m
[35m[HTTP][39m [37m-->[39m [37mPOST[39m [37m/wd/hub/session/a3652765-d16e-4d4d-9fc8-b63f306b9212/elements[39m
[35m[HTTP][39m [90m{"using":"xpath","value":"//*[@class = 'android.widget.ImageView' and @resource-id = 'com.alodokter.android:id/default_profile_icon_container' and (@text = '' or . = '')]"}[39m
[35m[HTTP][39m [37m<-- POST /wd/hub/session/a3652765-d16e-4d4d-9fc8-b63f306b9212/elements [39m[32m200[39m [90m68 ms - 12[39m
[35m[HTTP][39m [90m[39m
[35m[HTTP][39m [37m-->[39m [37mPOST[39m [37m/wd/hub/session/a3652765-d16e-4d4d-9fc8-b63f306b9212/elements[39m
[35m[HTTP][39m [90m{"using":"xpath","value":"//*[@class = 'android.widget.ImageView' and @resource-id = 'com.alodokter.android:id/default_profile_icon_container' and (@text = '' or . = '')]"}[39m
[35m[HTTP][39m [37m<-- POST /wd/hub/session/a3652765-d16e-4d4d-9fc8-b63f306b9212/elements [39m[32m200[39m [90m88 ms - 12[39m
[35m[HTTP][39m [90m[39m
[35m[HTTP][39m [37m-->[39m [37mPOST[39m [37m/wd/hub/session/a3652765-d16e-4d4d-9fc8-b63f306b9212/elements[39m
[35m[HTTP][39m [90m{"using":"xpath","value":"//*[@class = 'android.widget.ImageView' and @resource-id = 'com.alodokter.android:id/default_profile_icon_container' and (@text = '' or . = '')]"}[39m
[35m[HTTP][39m [37m<-- POST /wd/hub/session/a3652765-d16e-4d4d-9fc8-b63f306b9212/elements [39m[32m200[39m [90m73 ms - 12[39m
[35m[HTTP][39m [90m[39m
[35m[HTTP][39m [37m-->[39m [37mPOST[39m [37m/wd/hub/session/a3652765-d16e-4d4d-9fc8-b63f306b9212/elements[39m
[35m[HTTP][39m [90m{"using":"xpath","value":"//*[@class = 'android.widget.ImageView' and @resource-id = 'com.alodokter.android:id/default_profile_icon_container' and (@text = '' or . = '')]"}[39m
[35m[HTTP][39m [37m<-- POST /wd/hub/session/a3652765-d16e-4d4d-9fc8-b63f306b9212/elements [39m[32m200[39m [90m77 ms - 12[39m
[35m[HTTP][39m [90m[39m
[35m[HTTP][39m [37m-->[39m [37mPOST[39m [37m/wd/hub/session/a3652765-d16e-4d4d-9fc8-b63f306b9212/elements[39m
[35m[HTTP][39m [90m{"using":"xpath","value":"//*[@class = 'android.widget.ImageView' and @resource-id = 'com.alodokter.android:id/default_profile_icon_container' and (@text = '' or . = '')]"}[39m
[35m[HTTP][39m [37m<-- POST /wd/hub/session/a3652765-d16e-4d4d-9fc8-b63f306b9212/elements [39m[32m200[39m [90m67 ms - 12[39m
[35m[HTTP][39m [90m[39m
[35m[HTTP][39m [37m-->[39m [37mPOST[39m [37m/wd/hub/session/a3652765-d16e-4d4d-9fc8-b63f306b9212/elements[39m
[35m[HTTP][39m [90m{"using":"xpath","value":"//*[@class = 'android.widget.ImageView' and @resource-id = 'com.alodokter.android:id/default_profile_icon_container' and (@text = '' or . = '')]"}[39m
[35m[HTTP][39m [37m<-- POST /wd/hub/session/a3652765-d16e-4d4d-9fc8-b63f306b9212/elements [39m[32m200[39m [90m72 ms - 12[39m
[35m[HTTP][39m [90m[39m
[35m[HTTP][39m [37m-->[39m [37mPOST[39m [37m/wd/hub/session/a3652765-d16e-4d4d-9fc8-b63f306b9212/elements[39m
[35m[HTTP][39m [90m{"using":"xpath","value":"//*[@class = 'android.widget.ImageView' and @resource-id = 'com.alodokter.android:id/default_profile_icon_container' and (@text = '' or . = '')]"}[39m
[35m[HTTP][39m [37m<-- POST /wd/hub/session/a3652765-d16e-4d4d-9fc8-b63f306b9212/elements [39m[32m200[39m [90m79 ms - 12[39m
[35m[HTTP][39m [90m[39m
[35m[HTTP][39m [37m-->[39m [37mPOST[39m [37m/wd/hub/session/a3652765-d16e-4d4d-9fc8-b63f306b9212/elements[39m
[35m[HTTP][39m [90m{"using":"xpath","value":"//*[@class = 'android.widget.ImageView' and @resource-id = 'com.alodokter.android:id/default_profile_icon_container' and (@text = '' or . = '')]"}[39m
[35m[HTTP][39m [37m<-- POST /wd/hub/session/a3652765-d16e-4d4d-9fc8-b63f306b9212/elements [39m[32m200[39m [90m67 ms - 12[39m
[35m[HTTP][39m [90m[39m
[35m[HTTP][39m [37m-->[39m [37mPOST[39m [37m/wd/hub/session/a3652765-d16e-4d4d-9fc8-b63f306b9212/elements[39m
[35m[HTTP][39m [90m{"using":"xpath","value":"//*[@class = 'android.widget.ImageView' and @resource-id = 'com.alodokter.android:id/default_profile_icon_container' and (@text = '' or . = '')]"}[39m
[35m[HTTP][39m [37m<-- POST /wd/hub/session/a3652765-d16e-4d4d-9fc8-b63f306b9212/elements [39m[32m200[39m [90m65 ms - 12[39m
[35m[HTTP][39m [90m[39m
[35m[HTTP][39m [37m-->[39m [37mPOST[39m [37m/wd/hub/session/a3652765-d16e-4d4d-9fc8-b63f306b9212/elements[39m
[35m[HTTP][39m [90m{"using":"xpath","value":"//*[@class = 'android.widget.ImageView' and @resource-id = 'com.alodokter.android:id/default_profile_icon_container' and (@text = '' or . = '')]"}[39m
[35m[HTTP][39m [37m<-- POST /wd/hub/session/a3652765-d16e-4d4d-9fc8-b63f306b9212/elements [39m[32m200[39m [90m66 ms - 12[39m
[35m[HTTP][39m [90m[39m
[35m[HTTP][39m [37m-->[39m [37mPOST[39m [37m/wd/hub/session/a3652765-d16e-4d4d-9fc8-b63f306b9212/elements[39m
[35m[HTTP][39m [90m{"using":"xpath","value":"//*[@class = 'android.widget.ImageView' and @resource-id = 'com.alodokter.android:id/default_profile_icon_container' and (@text = '' or . = '')]"}[39m
[35m[HTTP][39m [37m<-- POST /wd/hub/session/a3652765-d16e-4d4d-9fc8-b63f306b9212/elements [39m[32m200[39m [90m78 ms - 12[39m
[35m[HTTP][39m [90m[39m
[35m[HTTP][39m [37m-->[39m [37mPOST[39m [37m/wd/hub/session/a3652765-d16e-4d4d-9fc8-b63f306b9212/elements[39m
[35m[HTTP][39m [90m{"using":"xpath","value":"//*[@class = 'android.widget.ImageView' and @resource-id = 'com.alodokter.android:id/default_profile_icon_container' and (@text = '' or . = '')]"}[39m
[35m[HTTP][39m [37m<-- POST /wd/hub/session/a3652765-d16e-4d4d-9fc8-b63f306b9212/elements [39m[32m200[39m [90m75 ms - 12[39m
[35m[HTTP][39m [90m[39m
[35m[HTTP][39m [37m-->[39m [37mPOST[39m [37m/wd/hub/session/a3652765-d16e-4d4d-9fc8-b63f306b9212/elements[39m
[35m[HTTP][39m [90m{"using":"xpath","value":"//*[@class = 'android.widget.ImageView' and @resource-id = 'com.alodokter.android:id/default_profile_icon_container' and (@text = '' or . = '')]"}[39m
[35m[HTTP][39m [37m<-- POST /wd/hub/session/a3652765-d16e-4d4d-9fc8-b63f306b9212/elements [39m[32m200[39m [90m66 ms - 12[39m
[35m[HTTP][39m [90m[39m
[35m[HTTP][39m [37m-->[39m [37mPOST[39m [37m/wd/hub/session/a3652765-d16e-4d4d-9fc8-b63f306b9212/elements[39m
[35m[HTTP][39m [90m{"using":"xpath","value":"//*[@class = 'android.widget.ImageView' and @resource-id = 'com.alodokter.android:id/default_profile_icon_container' and (@text = '' or . = '')]"}[39m
[35m[HTTP][39m [37m<-- POST /wd/hub/session/a3652765-d16e-4d4d-9fc8-b63f306b9212/elements [39m[32m200[39m [90m79 ms - 12[39m
[35m[HTTP][39m [90m[39m
[35m[HTTP][39m [37m-->[39m [37mPOST[39m [37m/wd/hub/session/a3652765-d16e-4d4d-9fc8-b63f306b9212/elements[39m
[35m[HTTP][39m [90m{"using":"xpath","value":"//*[@class = 'android.widget.ImageView' and @resource-id = 'com.alodokter.android:id/default_profile_icon_container' and (@text = '' or . = '')]"}[39m
[35m[HTTP][39m [37m<-- POST /wd/hub/session/a3652765-d16e-4d4d-9fc8-b63f306b9212/elements [39m[32m200[39m [90m73 ms - 12[39m
[35m[HTTP][39m [90m[39m
[35m[HTTP][39m [37m-->[39m [37mPOST[39m [37m/wd/hub/session/a3652765-d16e-4d4d-9fc8-b63f306b9212/elements[39m
[35m[HTTP][39m [90m{"using":"xpath","value":"//*[@class = 'android.widget.ImageView' and @resource-id = 'com.alodokter.android:id/default_profile_icon_container' and (@text = '' or . = '')]"}[39m
[35m[HTTP][39m [37m<-- POST /wd/hub/session/a3652765-d16e-4d4d-9fc8-b63f306b9212/elements [39m[32m200[39m [90m80 ms - 12[39m
[35m[HTTP][39m [90m[39m
[35m[HTTP][39m [37m-->[39m [37mPOST[39m [37m/wd/hub/session/a3652765-d16e-4d4d-9fc8-b63f306b9212/elements[39m
[35m[HTTP][39m [90m{"using":"xpath","value":"//*[@class = 'android.widget.ImageView' and @resource-id = 'com.alodokter.android:id/default_profile_icon_container' and (@text = '' or . = '')]"}[39m
[35m[HTTP][39m [37m<-- POST /wd/hub/session/a3652765-d16e-4d4d-9fc8-b63f306b9212/elements [39m[32m200[39m [90m69 ms - 12[39m
[35m[HTTP][39m [90m[39m
[35m[HTTP][39m [37m-->[39m [37mPOST[39m [37m/wd/hub/session/a3652765-d16e-4d4d-9fc8-b63f306b9212/elements[39m
[35m[HTTP][39m [90m{"using":"xpath","value":"//*[@class = 'android.widget.ImageView' and @resource-id = 'com.alodokter.android:id/default_profile_icon_container' and (@text = '' or . = '')]"}[39m
[35m[HTTP][39m [37m<-- POST /wd/hub/session/a3652765-d16e-4d4d-9fc8-b63f306b9212/elements [39m[32m200[39m [90m73 ms - 12[39m
[35m[HTTP][39m [90m[39m
[35m[HTTP][39m [37m-->[39m [37mPOST[39m [37m/wd/hub/session/a3652765-d16e-4d4d-9fc8-b63f306b9212/elements[39m
[35m[HTTP][39m [90m{"using":"xpath","value":"//*[@class = 'android.widget.ImageView' and @resource-id = 'com.alodokter.android:id/default_profile_icon_container' and (@text = '' or . = '')]"}[39m
[35m[HTTP][39m [37m<-- POST /wd/hub/session/a3652765-d16e-4d4d-9fc8-b63f306b9212/elements [39m[32m200[39m [90m66 ms - 12[39m
[35m[HTTP][39m [90m[39m
[35m[HTTP][39m [37m-->[39m [37mPOST[39m [37m/wd/hub/session/a3652765-d16e-4d4d-9fc8-b63f306b9212/elements[39m
[35m[HTTP][39m [90m{"using":"xpath","value":"//*[@class = 'android.widget.ImageView' and @resource-id = 'com.alodokter.android:id/default_profile_icon_container' and (@text = '' or . = '')]"}[39m
[35m[HTTP][39m [37m<-- POST /wd/hub/session/a3652765-d16e-4d4d-9fc8-b63f306b9212/elements [39m[32m200[39m [90m82 ms - 12[39m
[35m[HTTP][39m [90m[39m
[35m[HTTP][39m [37m-->[39m [37mPOST[39m [37m/wd/hub/session/a3652765-d16e-4d4d-9fc8-b63f306b9212/elements[39m
[35m[HTTP][39m [90m{"using":"xpath","value":"//*[@class = 'android.widget.ImageView' and @resource-id = 'com.alodokter.android:id/default_profile_icon_container' and (@text = '' or . = '')]"}[39m
[35m[HTTP][39m [37m<-- POST /wd/hub/session/a3652765-d16e-4d4d-9fc8-b63f306b9212/elements [39m[32m200[39m [90m69 ms - 12[39m
[35m[HTTP][39m [90m[39m
[35m[HTTP][39m [37m-->[39m [37mPOST[39m [37m/wd/hub/session/a3652765-d16e-4d4d-9fc8-b63f306b9212/elements[39m
[35m[HTTP][39m [90m{"using":"xpath","value":"//*[@class = 'android.widget.ImageView' and @resource-id = 'com.alodokter.android:id/default_profile_icon_container' and (@text = '' or . = '')]"}[39m
[35m[HTTP][39m [37m<-- POST /wd/hub/session/a3652765-d16e-4d4d-9fc8-b63f306b9212/elements [39m[32m200[39m [90m66 ms - 12[39m
[35m[HTTP][39m [90m[39m
[35m[HTTP][39m [37m-->[39m [37mPOST[39m [37m/wd/hub/session/a3652765-d16e-4d4d-9fc8-b63f306b9212/elements[39m
[35m[HTTP][39m [90m{"using":"xpath","value":"//*[@class = 'android.widget.ImageView' and @resource-id = 'com.alodokter.android:id/default_profile_icon_container' and (@text = '' or . = '')]"}[39m
[35m[HTTP][39m [37m<-- POST /wd/hub/session/a3652765-d16e-4d4d-9fc8-b63f306b9212/elements [39m[32m200[39m [90m366 ms - 12[39m
[35m[HTTP][39m [90m[39m
[35m[HTTP][39m [37m-->[39m [37mPOST[39m [37m/wd/hub/session/a3652765-d16e-4d4d-9fc8-b63f306b9212/elements[39m
[35m[HTTP][39m [90m{"using":"xpath","value":"//*[@class = 'android.widget.ImageView' and @resource-id = 'com.alodokter.android:id/default_profile_icon_container' and (@text = '' or . = '')]"}[39m
[35m[HTTP][39m [37m<-- POST /wd/hub/session/a3652765-d16e-4d4d-9fc8-b63f306b9212/elements [39m[32m200[39m [90m392 ms - 12[39m
[35m[HTTP][39m [90m[39m
[35m[HTTP][39m [37m-->[39m [37mPOST[39m [37m/wd/hub/session/a3652765-d16e-4d4d-9fc8-b63f306b9212/elements[39m
[35m[HTTP][39m [90m{"using":"xpath","value":"//*[@class = 'android.widget.ImageView' and @resource-id = 'com.alodokter.android:id/default_profile_icon_container' and (@text = '' or . = '')]"}[39m
[35m[HTTP][39m [37m<-- POST /wd/hub/session/a3652765-d16e-4d4d-9fc8-b63f306b9212/elements [39m[32m200[39m [90m77 ms - 12[39m
[35m[HTTP][39m [90m[39m
[35m[HTTP][39m [37m-->[39m [37mPOST[39m [37m/wd/hub/session/a3652765-d16e-4d4d-9fc8-b63f306b9212/elements[39m
[35m[HTTP][39m [90m{"using":"xpath","value":"//*[@class = 'android.widget.ImageView' and @resource-id = 'com.alodokter.android:id/default_profile_icon_container' and (@text = '' or . = '')]"}[39m
[35m[HTTP][39m [37m<-- POST /wd/hub/session/a3652765-d16e-4d4d-9fc8-b63f306b9212/elements [39m[32m200[39m [90m87 ms - 12[39m
[35m[HTTP][39m [90m[39m
[35m[HTTP][39m [37m-->[39m [37mPOST[39m [37m/wd/hub/session/a3652765-d16e-4d4d-9fc8-b63f306b9212/elements[39m
[35m[HTTP][39m [90m{"using":"xpath","value":"//*[@class = 'android.widget.ImageView' and @resource-id = 'com.alodokter.android:id/default_profile_icon_container' and (@text = '' or . = '')]"}[39m
[35m[HTTP][39m [37m<-- POST /wd/hub/session/a3652765-d16e-4d4d-9fc8-b63f306b9212/elements [39m[32m200[39m [90m53 ms - 12[39m
[35m[HTTP][39m [90m[39m
[35m[HTTP][39m [37m-->[39m [37mPOST[39m [37m/wd/hub/session/a3652765-d16e-4d4d-9fc8-b63f306b9212/elements[39m
[35m[HTTP][39m [90m{"using":"xpath","value":"//*[@class = 'android.widget.ImageView' and @resource-id = 'com.alodokter.android:id/default_profile_icon_container' and (@text = '' or . = '')]"}[39m
[35m[HTTP][39m [37m<-- POST /wd/hub/session/a3652765-d16e-4d4d-9fc8-b63f306b9212/elements [39m[32m200[39m [90m61 ms - 12[39m
[35m[HTTP][39m [90m[39m
[35m[HTTP][39m [37m-->[39m [37mPOST[39m [37m/wd/hub/session/a3652765-d16e-4d4d-9fc8-b63f306b9212/elements[39m
[35m[HTTP][39m [90m{"using":"xpath","value":"//*[@class = 'android.widget.ImageView' and @resource-id = 'com.alodokter.android:id/default_profile_icon_container' and (@text = '' or . = '')]"}[39m
[35m[HTTP][39m [37m<-- POST /wd/hub/session/a3652765-d16e-4d4d-9fc8-b63f306b9212/elements [39m[32m200[39m [90m671 ms - 12[39m
[35m[HTTP][39m [90m[39m
[35m[HTTP][39m [37m-->[39m [37mPOST[39m [37m/wd/hub/session/a3652765-d16e-4d4d-9fc8-b63f306b9212/elements[39m
[35m[HTTP][39m [90m{"using":"xpath","value":"//*[@class = 'android.widget.ImageView' and @resource-id = 'com.alodokter.android:id/default_profile_icon_container' and (@text = '' or . = '')]"}[39m
[35m[HTTP][39m [37m<-- POST /wd/hub/session/a3652765-d16e-4d4d-9fc8-b63f306b9212/elements [39m[32m200[39m [90m76 ms - 12[39m
[35m[HTTP][39m [90m[39m
[35m[HTTP][39m [37m-->[39m [37mPOST[39m [37m/wd/hub/session/a3652765-d16e-4d4d-9fc8-b63f306b9212/elements[39m
[35m[HTTP][39m [90m{"using":"xpath","value":"//*[@class = 'android.widget.ImageView' and @resource-id = 'com.alodokter.android:id/default_profile_icon_container' and (@text = '' or . = '')]"}[39m
[35m[HTTP][39m [37m<-- POST /wd/hub/session/a3652765-d16e-4d4d-9fc8-b63f306b9212/elements [39m[32m200[39m [90m678 ms - 12[39m
[35m[HTTP][39m [90m[39m
[35m[HTTP][39m [37m-->[39m [37mPOST[39m [37m/wd/hub/session/a3652765-d16e-4d4d-9fc8-b63f306b9212/elements[39m
[35m[HTTP][39m [90m{"using":"xpath","value":"//*[@class = 'android.widget.ImageView' and @resource-id = 'com.alodokter.android:id/default_profile_icon_container' and (@text = '' or . = '')]"}[39m
[35m[HTTP][39m [37m<-- POST /wd/hub/session/a3652765-d16e-4d4d-9fc8-b63f306b9212/elements [39m[32m200[39m [90m66 ms - 12[39m
[35m[HTTP][39m [90m[39m
[35m[HTTP][39m [37m-->[39m [37mPOST[39m [37m/wd/hub/session/a3652765-d16e-4d4d-9fc8-b63f306b9212/elements[39m
[35m[HTTP][39m [90m{"using":"xpath","value":"//*[@class = 'android.widget.ImageView' and @resource-id = 'com.alodokter.android:id/default_profile_icon_container' and (@text = '' or . = '')]"}[39m
[35m[HTTP][39m [37m<-- POST /wd/hub/session/a3652765-d16e-4d4d-9fc8-b63f306b9212/elements [39m[32m200[39m [90m74 ms - 12[39m
[35m[HTTP][39m [90m[39m
[35m[HTTP][39m [37m-->[39m [37mPOST[39m [37m/wd/hub/session/a3652765-d16e-4d4d-9fc8-b63f306b9212/elements[39m
[35m[HTTP][39m [90m{"using":"xpath","value":"//*[@class = 'android.widget.ImageView' and @resource-id = 'com.alodokter.android:id/default_profile_icon_container' and (@text = '' or . = '')]"}[39m
[35m[HTTP][39m [37m<-- POST /wd/hub/session/a3652765-d16e-4d4d-9fc8-b63f306b9212/elements [39m[32m200[39m [90m77 ms - 12[39m
[35m[HTTP][39m [90m[39m
[35m[HTTP][39m [37m-->[39m [37mPOST[39m [37m/wd/hub/session/a3652765-d16e-4d4d-9fc8-b63f306b9212/elements[39m
[35m[HTTP][39m [90m{"using":"xpath","value":"//*[@class = 'android.widget.ImageView' and @resource-id = 'com.alodokter.android:id/default_profile_icon_container' and (@text = '' or . = '')]"}[39m
[35m[HTTP][39m [37m<-- POST /wd/hub/session/a3652765-d16e-4d4d-9fc8-b63f306b9212/elements [39m[32m200[39m [90m570 ms - 139[39m
[35m[HTTP][39m [90m[39m
[35m[HTTP][39m [37m-->[39m [37mGET[39m [37m/wd/hub/session/a3652765-d16e-4d4d-9fc8-b63f306b9212/element/00000000-0000-000c-7fff-ffff0000005b/location[39m
[35m[HTTP][39m [90m{}[39m
[35m[W3C (a3652765)][39m Driver proxy active, passing request on via HTTP proxy
[35m[WD Proxy][39m Replacing sessionId 0e36c532-b2da-4f0e-9821-9cddb09b91cf with a3652765-d16e-4d4d-9fc8-b63f306b9212
[35m[HTTP][39m [37m<-- GET /wd/hub/session/a3652765-d16e-4d4d-9fc8-b63f306b9212/element/00000000-0000-000c-7fff-ffff0000005b/location [39m[32m200[39m [90m10 ms - 77[39m
[35m[HTTP][39m [90m[39m
[35m[HTTP][39m [37m-->[39m [37mPOST[39m [37m/wd/hub/session/a3652765-d16e-4d4d-9fc8-b63f306b9212/timeouts[39m
[35m[HTTP][39m [90m{"implicit":30000}[39m
[35m[HTTP][39m [37m<-- POST /wd/hub/session/a3652765-d16e-4d4d-9fc8-b63f306b9212/timeouts [39m[32m200[39m [90m1 ms - 14[39m
[35m[HTTP][39m [90m[39m
[35m[HTTP][39m [37m-->[39m [37mPOST[39m [37m/wd/hub/session/a3652765-d16e-4d4d-9fc8-b63f306b9212/touch/perform[39m
[35m[HTTP][39m [90m{"actions":[{"action":"tap","options":{"x":1,"y":1,"element":"00000000-0000-000c-7fff-ffff0000005b"}},{"action":"release","options":{}}]}[39m
[35m[UiAutomator2][39m calling get location: 00000000-0000-000c-7fff-ffff0000005b
[35m[HTTP][39m [37m<-- POST /wd/hub/session/a3652765-d16e-4d4d-9fc8-b63f306b9212/touch/perform [39m[32m200[39m [90m133 ms - 14[39m
[35m[HTTP][39m [90m[39m
[35m[HTTP][39m [37m-->[39m [37mGET[39m [37m/wd/hub/session/a3652765-d16e-4d4d-9fc8-b63f306b9212/context[39m
[35m[HTTP][39m [90m{}[39m
[35m[HTTP][39m [37m<-- GET /wd/hub/session/a3652765-d16e-4d4d-9fc8-b63f306b9212/context [39m[32m200[39m [90m2 ms - 22[39m
[35m[HTTP][39m [90m[39m
[35m[HTTP][39m [37m-->[39m [37mGET[39m [37m/wd/hub/session/a3652765-d16e-4d4d-9fc8-b63f306b9212/contexts[39m
[35m[HTTP][39m [90m{}[39m
[35m[HTTP][39m [37m<-- GET /wd/hub/session/a3652765-d16e-4d4d-9fc8-b63f306b9212/contexts [39m[32m200[39m [90m202 ms - 63[39m
[35m[HTTP][39m [90m[39m
[35m[HTTP][39m [37m-->[39m [37mPOST[39m [37m/wd/hub/session/a3652765-d16e-4d4d-9fc8-b63f306b9212/context[39m
[35m[HTTP][39m [90m{"name":"NATIVE_APP"}[39m
[35m[HTTP][39m [37m<-- POST /wd/hub/session/a3652765-d16e-4d4d-9fc8-b63f306b9212/context [39m[32m200[39m [90m2 ms - 14[39m
[35m[HTTP][39m [90m[39m
[35m[HTTP][39m [37m-->[39m [37mGET[39m [37m/wd/hub/session/a3652765-d16e-4d4d-9fc8-b63f306b9212/window/rect[39m
[35m[HTTP][39m [90m{}[39m
[35m[HTTP][39m [37m<-- GET /wd/hub/session/a3652765-d16e-4d4d-9fc8-b63f306b9212/window/rect [39m[32m200[39m [90m10 ms - 49[39m
[35m[HTTP][39m [90m[39m
[35m[HTTP][39m [37m-->[39m [37mPOST[39m [37m/wd/hub/session/a3652765-d16e-4d4d-9fc8-b63f306b9212/context[39m
[35m[HTTP][39m [90m{"name":"NATIVE_APP"}[39m
[35m[HTTP][39m [37m<-- POST /wd/hub/session/a3652765-d16e-4d4d-9fc8-b63f306b9212/context [39m[32m200[39m [90m1 ms - 14[39m
[35m[HTTP][39m [90m[39m
[35m[HTTP][39m [37m-->[39m [37mGET[39m [37m/wd/hub/session/a3652765-d16e-4d4d-9fc8-b63f306b9212/context[39m
[35m[HTTP][39m [90m{}[39m
[35m[HTTP][39m [37m<-- GET /wd/hub/session/a3652765-d16e-4d4d-9fc8-b63f306b9212/context [39m[32m200[39m [90m1 ms - 22[39m
[35m[HTTP][39m [90m[39m
[35m[HTTP][39m [37m-->[39m [37mGET[39m [37m/wd/hub/session/a3652765-d16e-4d4d-9fc8-b63f306b9212/contexts[39m
[35m[HTTP][39m [90m{}[39m
[35m[HTTP][39m [37m<-- GET /wd/hub/session/a3652765-d16e-4d4d-9fc8-b63f306b9212/contexts [39m[32m200[39m [90m135 ms - 63[39m
[35m[HTTP][39m [90m[39m
[35m[HTTP][39m [37m-->[39m [37mPOST[39m [37m/wd/hub/session/a3652765-d16e-4d4d-9fc8-b63f306b9212/context[39m
[35m[HTTP][39m [90m{"name":"NATIVE_APP"}[39m
[35m[HTTP][39m [37m<-- POST /wd/hub/session/a3652765-d16e-4d4d-9fc8-b63f306b9212/context [39m[32m200[39m [90m1 ms - 14[39m
[35m[HTTP][39m [90m[39m
[35m[HTTP][39m [37m-->[39m [37mGET[39m [37m/wd/hub/session/a3652765-d16e-4d4d-9fc8-b63f306b9212/window/rect[39m
[35m[HTTP][39m [90m{}[39m
[35m[HTTP][39m [37m<-- GET /wd/hub/session/a3652765-d16e-4d4d-9fc8-b63f306b9212/window/rect [39m[32m200[39m [90m10 ms - 49[39m
[35m[HTTP][39m [90m[39m
[35m[HTTP][39m [37m-->[39m [37mPOST[39m [37m/wd/hub/session/a3652765-d16e-4d4d-9fc8-b63f306b9212/context[39m
[35m[HTTP][39m [90m{"name":"NATIVE_APP"}[39m
[35m[HTTP][39m [37m<-- POST /wd/hub/session/a3652765-d16e-4d4d-9fc8-b63f306b9212/context [39m[32m200[39m [90m1 ms - 14[39m
[35m[HTTP][39m [90m[39m
[35m[HTTP][39m [37m-->[39m [37mGET[39m [37m/wd/hub/session/a3652765-d16e-4d4d-9fc8-b63f306b9212/context[39m
[35m[HTTP][39m [90m{}[39m
[35m[HTTP][39m [37m<-- GET /wd/hub/session/a3652765-d16e-4d4d-9fc8-b63f306b9212/context [39m[32m200[39m [90m1 ms - 22[39m
[35m[HTTP][39m [90m[39m
[35m[HTTP][39m [37m-->[39m [37mGET[39m [37m/wd/hub/session/a3652765-d16e-4d4d-9fc8-b63f306b9212/contexts[39m
[35m[HTTP][39m [90m{}[39m
[35m[HTTP][39m [37m<-- GET /wd/hub/session/a3652765-d16e-4d4d-9fc8-b63f306b9212/contexts [39m[32m200[39m [90m129 ms - 63[39m
[35m[HTTP][39m [90m[39m
[35m[HTTP][39m [37m-->[39m [37mPOST[39m [37m/wd/hub/session/a3652765-d16e-4d4d-9fc8-b63f306b9212/context[39m
[35m[HTTP][39m [90m{"name":"NATIVE_APP"}[39m
[35m[HTTP][39m [37m<-- POST /wd/hub/session/a3652765-d16e-4d4d-9fc8-b63f306b9212/context [39m[32m200[39m [90m1 ms - 14[39m
[35m[HTTP][39m [90m[39m
[35m[HTTP][39m [37m-->[39m [37mPOST[39m [37m/wd/hub/session/a3652765-d16e-4d4d-9fc8-b63f306b9212/touch/perform[39m
[35m[HTTP][39m [90m{"actions":[{"action":"press","options":{"x":360,"y":896}},{"action":"wait","options":{"ms":500}},{"action":"moveTo","options":{"x":360,"y":384}},{"action":"release","options":{}}]}[39m
[35m[HTTP][39m [37m<-- POST /wd/hub/session/a3652765-d16e-4d4d-9fc8-b63f306b9212/touch/perform [39m[32m200[39m [90m997 ms - 14[39m
[35m[HTTP][39m [90m[39m
[35m[HTTP][39m [37m-->[39m [37mPOST[39m [37m/wd/hub/session/a3652765-d16e-4d4d-9fc8-b63f306b9212/context[39m
[35m[HTTP][39m [90m{"name":"NATIVE_APP"}[39m
[35m[HTTP][39m [37m<-- POST /wd/hub/session/a3652765-d16e-4d4d-9fc8-b63f306b9212/context [39m[32m200[39m [90m2 ms - 14[39m
[35m[HTTP][39m [90m[39m
[35m[HTTP][39m [37m-->[39m [37mPOST[39m [37m/wd/hub/session/a3652765-d16e-4d4d-9fc8-b63f306b9212/timeouts[39m
[35m[HTTP][39m [90m{"implicit":50}[39m
[35m[HTTP][39m [37m<-- POST /wd/hub/session/a3652765-d16e-4d4d-9fc8-b63f306b9212/timeouts [39m[32m200[39m [90m1 ms - 14[39m
[35m[HTTP][39m [90m[39m
[35m[HTTP][39m [37m-->[39m [37mGET[39m [37m/wd/hub/session/a3652765-d16e-4d4d-9fc8-b63f306b9212/window/rect[39m
[35m[HTTP][39m [90m{}[39m
[35m[HTTP][39m [37m<-- GET /wd/hub/session/a3652765-d16e-4d4d-9fc8-b63f306b9212/window/rect [39m[32m200[39m [90m7 ms - 49[39m
[35m[HTTP][39m [90m[39m
[35m[HTTP][39m [37m-->[39m [37mPOST[39m [37m/wd/hub/session/a3652765-d16e-4d4d-9fc8-b63f306b9212/elements[39m
[35m[HTTP][39m [90m{"using":"xpath","value":"//*[@class = 'android.widget.TextView' and (@text = 'Keluar' or . = 'Keluar') and @resource-id = 'com.alodokter.android:id/logout']"}[39m
[35m[HTTP][39m [37m<-- POST /wd/hub/session/a3652765-d16e-4d4d-9fc8-b63f306b9212/elements [39m[32m200[39m [90m37 ms - 139[39m
[35m[HTTP][39m [90m[39m
[35m[HTTP][39m [37m-->[39m [37mGET[39m [37m/wd/hub/session/a3652765-d16e-4d4d-9fc8-b63f306b9212/element/00000000-0000-0011-7fff-ffff000001c0/location[39m
[35m[HTTP][39m [90m{}[39m
[35m[W3C (a3652765)][39m Driver proxy active, passing request on via HTTP proxy
[35m[WD Proxy][39m Replacing sessionId 0e36c532-b2da-4f0e-9821-9cddb09b91cf with a3652765-d16e-4d4d-9fc8-b63f306b9212
[35m[HTTP][39m [37m<-- GET /wd/hub/session/a3652765-d16e-4d4d-9fc8-b63f306b9212/element/00000000-0000-0011-7fff-ffff000001c0/location [39m[32m200[39m [90m15 ms - 78[39m
[35m[HTTP][39m [90m[39m
[35m[HTTP][39m [37m-->[39m [37mPOST[39m [37m/wd/hub/session/a3652765-d16e-4d4d-9fc8-b63f306b9212/timeouts[39m
[35m[HTTP][39m [90m{"implicit":30000}[39m
[35m[HTTP][39m [37m<-- POST /wd/hub/session/a3652765-d16e-4d4d-9fc8-b63f306b9212/timeouts [39m[32m200[39m [90m1 ms - 14[39m
[35m[HTTP][39m [90m[39m
[35m[HTTP][39m [37m-->[39m [37mPOST[39m [37m/wd/hub/session/a3652765-d16e-4d4d-9fc8-b63f306b9212/touch/perform[39m
[35m[HTTP][39m [90m{"actions":[{"action":"tap","options":{"x":1,"y":1,"element":"00000000-0000-0011-7fff-ffff000001c0"}},{"action":"release","options":{}}]}[39m
[35m[UiAutomator2][39m calling get location: 00000000-0000-0011-7fff-ffff000001c0
[35m[HTTP][39m [37m<-- POST /wd/hub/session/a3652765-d16e-4d4d-9fc8-b63f306b9212/touch/perform [39m[32m200[39m [90m133 ms - 14[39m
[35m[HTTP][39m [90m[39m
[35m[HTTP][39m [37m-->[39m [37mPOST[39m [37m/wd/hub/session/a3652765-d16e-4d4d-9fc8-b63f306b9212/timeouts[39m
[35m[HTTP][39m [90m{"implicit":50}[39m
[35m[HTTP][39m [37m<-- POST /wd/hub/session/a3652765-d16e-4d4d-9fc8-b63f306b9212/timeouts [39m[32m200[39m [90m2 ms - 14[39m
[35m[HTTP][39m [90m[39m
[35m[HTTP][39m [37m-->[39m [37mGET[39m [37m/wd/hub/session/a3652765-d16e-4d4d-9fc8-b63f306b9212/window/rect[39m
[35m[HTTP][39m [90m{}[39m
[35m[HTTP][39m [37m<-- GET /wd/hub/session/a3652765-d16e-4d4d-9fc8-b63f306b9212/window/rect [39m[32m200[39m [90m8 ms - 49[39m
[35m[HTTP][39m [90m[39m
[35m[HTTP][39m [37m-->[39m [37mPOST[39m [37m/wd/hub/session/a3652765-d16e-4d4d-9fc8-b63f306b9212/elements[39m
[35m[HTTP][39m [90m{"using":"xpath","value":"//*[@class = 'android.widget.TextView' and (@text = 'Ya' or . = 'Ya') and @resource-id = 'com.alodokter.android:id/positive_btn']"}[39m
[35m[HTTP][39m [37m<-- POST /wd/hub/session/a3652765-d16e-4d4d-9fc8-b63f306b9212/elements [39m[32m200[39m [90m328 ms - 139[39m
[35m[HTTP][39m [90m[39m
[35m[HTTP][39m [37m-->[39m [37mGET[39m [37m/wd/hub/session/a3652765-d16e-4d4d-9fc8-b63f306b9212/element/00000000-0000-0012-7fff-ffff000001f6/location[39m
[35m[HTTP][39m [90m{}[39m
[35m[W3C (a3652765)][39m Driver proxy active, passing request on via HTTP proxy
[35m[WD Proxy][39m Replacing sessionId 0e36c532-b2da-4f0e-9821-9cddb09b91cf with a3652765-d16e-4d4d-9fc8-b63f306b9212
[35m[HTTP][39m [37m<-- GET /wd/hub/session/a3652765-d16e-4d4d-9fc8-b63f306b9212/element/00000000-0000-0012-7fff-ffff000001f6/location [39m[32m200[39m [90m16 ms - 79[39m
[35m[HTTP][39m [90m[39m
[35m[HTTP][39m [37m-->[39m [37mPOST[39m [37m/wd/hub/session/a3652765-d16e-4d4d-9fc8-b63f306b9212/timeouts[39m
[35m[HTTP][39m [90m{"implicit":30000}[39m
[35m[HTTP][39m [37m<-- POST /wd/hub/session/a3652765-d16e-4d4d-9fc8-b63f306b9212/timeouts [39m[32m200[39m [90m2 ms - 14[39m
[35m[HTTP][39m [90m[39m
[35m[HTTP][39m [37m-->[39m [37mPOST[39m [37m/wd/hub/session/a3652765-d16e-4d4d-9fc8-b63f306b9212/touch/perform[39m
[35m[HTTP][39m [90m{"actions":[{"action":"tap","options":{"x":1,"y":1,"element":"00000000-0000-0012-7fff-ffff000001f6"}},{"action":"release","options":{}}]}[39m
[35m[UiAutomator2][39m calling get location: 00000000-0000-0012-7fff-ffff000001f6
[35m[HTTP][39m [37m<-- POST /wd/hub/session/a3652765-d16e-4d4d-9fc8-b63f306b9212/touch/perform [39m[32m200[39m [90m131 ms - 14[39m
[35m[HTTP][39m [90m[39m
[35m[HTTP][39m [37m-->[39m [37mDELETE[39m [37m/wd/hub/session/a3652765-d16e-4d4d-9fc8-b63f306b9212[39m
[35m[HTTP][39m [90m{}[39m
[35m[Appium][39m Removing session a3652765-d16e-4d4d-9fc8-b63f306b9212 from our master session list
[35m[HTTP][39m [37m<-- DELETE /wd/hub/session/a3652765-d16e-4d4d-9fc8-b63f306b9212 [39m[32m200[39m [90m1204 ms - 14[39m
[35m[HTTP][39m [90m[39m
