[35m[Appium][39m Welcome to Appium v1.22.0
[35m[Appium][39m Non-default server args:
[35m[Appium][39m   port: 57249
[35m[Appium][39m   loglevel: info
[35m[Appium][39m   tmpDir: C:\Users\Riza\AppData\Local\Temp\\Katalon\Appium\Temp1634002637263
[35m[Appium][39m   chromedriverPort: 57251
[35m[Appium][39m Deprecated server args:
[35m[Appium][39m   [31m--chromedriver-port[39m => --default-capabilities
[35m[Appium][39m Default capabilities, which will be added to each request unless overridden by desired capabilities:
[35m[Appium][39m   chromedriverPort: 57251
[35m[Appium][39m Appium REST http interface listener started on 0.0.0.0:57249
[35m[HTTP][39m [37m-->[39m [37mGET[39m [37m/wd/hub/status[39m
[35m[HTTP][39m [90m{}[39m
[35m[HTTP][39m [37m<-- GET /wd/hub/status [39m[32m200[39m [90m9 ms - 68[39m
[35m[HTTP][39m [90m[39m
[35m[HTTP][39m [37m-->[39m [37mPOST[39m [37m/wd/hub/session[39m
[35m[HTTP][39m [90m{"desiredCapabilities":{"app":"C:\\Users\\Riza\\Downloads\\Alodokter_user_v3.6.0_staging_debug_300921_1624.apk","noReset":true,"deviceName":"OnePlus ONEPLUS A3010 (Android 7.1.1)","fullReset":false,"platform":"ANDROID","newCommandTimeout":1800,"platformVersion":"7.1.1","automationName":"uiautomator2","autoGrantPermissions":true,"platformName":"Android","udid":"localhost:5555","systemPort":57248},"capabilities":{"firstMatch":[{"appium:app":"C:\\Users\\Riza\\Downloads\\Alodokter_user_v3.6.0_staging_debug_300921_1624.apk","appium:autoGrantPermissions":true,"appium:automationName":"uiautomator2","appium:deviceName":"OnePlus ONEPLUS A3010 (Android 7.1.1)","appium:fullReset":false,"appium:newCommandTimeout":1800,"appium:noReset":true,"platform":"ANDROID","platformName":"android","appium:platformVersion":"7.1.1","appium:systemPort":57248,"appium:udid":"localhost:5555"}]}}[39m
[35m[BaseDriver][39m The following capabilities are not standard capabilities and should have an extension prefix:
[35m[BaseDriver][39m   platform
[35m[BaseDriver][39m   chromedriverPort
[35m[Appium][39m Appium v1.22.0 creating new AndroidUiautomator2Driver (v1.69.0) session
[35m[BaseDriver][39m The following capabilities were provided, but are not recognized by Appium:
[35m[BaseDriver][39m   platform
[35m[BaseDriver][39m Session created with session id: 8156be1b-127e-410b-98b1-d835ec6a385e
[35m[BaseDriver][39m Using local app 'C:\Users\Riza\Downloads\Alodokter_user_v3.6.0_staging_debug_300921_1624.apk'
[35m[ADB][39m Found 2 'build-tools' folders under 'C:\Users\Riza\AppData\Local\Android\Sdk' (newest first):
[35m[ADB][39m     C:/Users/Riza/AppData/Local/Android/Sdk/build-tools/31.0.0
[35m[ADB][39m     C:/Users/Riza/AppData/Local/Android/Sdk/build-tools/30.0.2
[35m[ADB][39m Using 'adb.exe' from 'C:\Users\Riza\AppData\Local\Android\Sdk\platform-tools\adb.exe'
[35m[AndroidDriver][39m Retrieving device list
[35m[AndroidDriver][39m Using device: localhost:5555
[35m[ADB][39m Using 'adb.exe' from 'C:\Users\Riza\AppData\Local\Android\Sdk\platform-tools\adb.exe'
[35m[ADB][39m Package name: 'com.alodokter.android'
[35m[ADB][39m Main activity name: 'com.alodokter.android.presentation.splash.SplashActivity'
[35m[ADB][39m Using 'apksigner.jar' from 'C:\Users\Riza\AppData\Local\Android\Sdk\build-tools\31.0.0\lib\apksigner.jar'
[35m[ADB][39m 'C:\Users\Riza\AppData\Roaming\npm\node_modules\appium\node_modules\appium-uiautomator2-server\apks\appium-uiautomator2-server-v4.24.0.apk' is signed with the default certificate
[35m[ADB][39m 'C:\Users\Riza\AppData\Roaming\npm\node_modules\appium\node_modules\appium-uiautomator2-server\apks\appium-uiautomator2-server-debug-androidTest.apk' is signed with the default certificate
[35m[UiAutomator2][39m Server packages are not going to be (re)installed
[35m[ADB][39m Adding packages ["io.appium.settings","io.appium.uiautomator2.server","io.appium.uiautomator2.server.test"] to Doze whitelist
[35m[ADB][39m 'C:\Users\Riza\Downloads\Alodokter_user_v3.6.0_staging_debug_300921_1624.apk' is signed with a non-default certificate
[35m[UiAutomator2][39m Starting UIAutomator2 server 4.24.0
[35m[UiAutomator2][39m Using UIAutomator2 server from 'C:\Users\Riza\AppData\Roaming\npm\node_modules\appium\node_modules\appium-uiautomator2-server\apks\appium-uiautomator2-server-v4.24.0.apk' and test from 'C:\Users\Riza\AppData\Roaming\npm\node_modules\appium\node_modules\appium-uiautomator2-server\apks\appium-uiautomator2-server-debug-androidTest.apk'
[35m[UiAutomator2][39m Waiting up to 30000ms for UiAutomator2 to be online...
[35m[WD Proxy][39m socket hang up
[35m[WD Proxy][39m socket hang up
[35m[WD Proxy][39m Determined the downstream protocol as 'W3C'
[35m[AndroidDriver][39m Screen already unlocked, doing nothing
[35m[UiAutomator2][39m Starting 'com.alodokter.android/com.alodokter.android.presentation.splash.SplashActivity and waiting for 'com.alodokter.android/com.alodokter.android.presentation.splash.SplashActivity'
[35m[Appium][39m New AndroidUiautomator2Driver session created successfully, session 8156be1b-127e-410b-98b1-d835ec6a385e added to master session list
[35m[HTTP][39m [37m<-- POST /wd/hub/session [39m[32m200[39m [90m14499 ms - 1342[39m
[35m[HTTP][39m [90m[39m
[35m[HTTP][39m [37m-->[39m [37mGET[39m [37m/wd/hub/session/8156be1b-127e-410b-98b1-d835ec6a385e[39m
[35m[HTTP][39m [90m{}[39m
[35m[HTTP][39m [37m<-- GET /wd/hub/session/8156be1b-127e-410b-98b1-d835ec6a385e [39m[32m200[39m [90m24 ms - 1296[39m
[35m[HTTP][39m [90m[39m
[35m[HTTP][39m [37m-->[39m [37mGET[39m [37m/wd/hub/session/8156be1b-127e-410b-98b1-d835ec6a385e[39m
[35m[HTTP][39m [90m{}[39m
[35m[HTTP][39m [37m<-- GET /wd/hub/session/8156be1b-127e-410b-98b1-d835ec6a385e [39m[32m200[39m [90m27 ms - 1296[39m
[35m[HTTP][39m [90m[39m
[35m[HTTP][39m [37m-->[39m [37mGET[39m [37m/wd/hub/status[39m
[35m[HTTP][39m [90m{}[39m
[35m[HTTP][39m [37m<-- GET /wd/hub/status [39m[32m200[39m [90m1 ms - 68[39m
[35m[HTTP][39m [90m[39m
[35m[HTTP][39m [37m-->[39m [37mPOST[39m [37m/wd/hub/session/8156be1b-127e-410b-98b1-d835ec6a385e/timeouts[39m
[35m[HTTP][39m [90m{"implicit":30000}[39m
[35m[HTTP][39m [37m<-- POST /wd/hub/session/8156be1b-127e-410b-98b1-d835ec6a385e/timeouts [39m[32m200[39m [90m4 ms - 14[39m
[35m[HTTP][39m [90m[39m
[35m[HTTP][39m [37m-->[39m [37mGET[39m [37m/wd/hub/session/8156be1b-127e-410b-98b1-d835ec6a385e/screenshot[39m
[35m[HTTP][39m [90m{}[39m
[35m[HTTP][39m [37m<-- GET /wd/hub/session/8156be1b-127e-410b-98b1-d835ec6a385e/screenshot [39m[32m200[39m [90m515 ms - 18224[39m
[35m[HTTP][39m [90m[39m
[35m[HTTP][39m [37m-->[39m [37mGET[39m [37m/wd/hub/session/8156be1b-127e-410b-98b1-d835ec6a385e/window/rect[39m
[35m[HTTP][39m [90m{}[39m
[35m[HTTP][39m [37m<-- GET /wd/hub/session/8156be1b-127e-410b-98b1-d835ec6a385e/window/rect [39m[32m200[39m [90m30 ms - 49[39m
[35m[HTTP][39m [90m[39m
[35m[HTTP][39m [37m-->[39m [37mGET[39m [37m/wd/hub/session/8156be1b-127e-410b-98b1-d835ec6a385e/appium/device/system_bars[39m
[35m[HTTP][39m [90m{}[39m
[35m[HTTP][39m [37m<-- GET /wd/hub/session/8156be1b-127e-410b-98b1-d835ec6a385e/appium/device/system_bars [39m[31m500[39m [90m195 ms - 645[39m
[35m[HTTP][39m [90m[39m
[35m[HTTP][39m [37m-->[39m [37mPOST[39m [37m/wd/hub/session/8156be1b-127e-410b-98b1-d835ec6a385e/execute/sync[39m
[35m[HTTP][39m [90m{"script":"mobile:viewportRect","args":[]}[39m
[35m[AndroidDriver][39m Executing native command 'mobile:viewportRect'
[35m[HTTP][39m [37m<-- POST /wd/hub/session/8156be1b-127e-410b-98b1-d835ec6a385e/execute/sync [39m[32m200[39m [90m19 ms - 55[39m
[35m[HTTP][39m [90m[39m
[35m[HTTP][39m [37m-->[39m [37mPOST[39m [37m/wd/hub/session/8156be1b-127e-410b-98b1-d835ec6a385e/timeouts[39m
[35m[HTTP][39m [90m{"implicit":50}[39m
[35m[HTTP][39m [37m<-- POST /wd/hub/session/8156be1b-127e-410b-98b1-d835ec6a385e/timeouts [39m[32m200[39m [90m3 ms - 14[39m
[35m[HTTP][39m [90m[39m
[35m[HTTP][39m [37m-->[39m [37mGET[39m [37m/wd/hub/session/8156be1b-127e-410b-98b1-d835ec6a385e/window/rect[39m
[35m[HTTP][39m [90m{}[39m
[35m[HTTP][39m [37m<-- GET /wd/hub/session/8156be1b-127e-410b-98b1-d835ec6a385e/window/rect [39m[32m200[39m [90m21 ms - 49[39m
[35m[HTTP][39m [90m[39m
[35m[HTTP][39m [37m-->[39m [37mPOST[39m [37m/wd/hub/session/8156be1b-127e-410b-98b1-d835ec6a385e/elements[39m
[35m[HTTP][39m [90m{"using":"xpath","value":"//*[@class = 'android.widget.TextView' and (@text = 'Masuk menggunakan Email' or . = 'Masuk menggunakan Email') and @resource-id = 'com.alodokter.android:id/tv_login_email']"}[39m
[35m[HTTP][39m [37m<-- POST /wd/hub/session/8156be1b-127e-410b-98b1-d835ec6a385e/elements [39m[32m200[39m [90m111 ms - 139[39m
[35m[HTTP][39m [90m[39m
[35m[HTTP][39m [37m-->[39m [37mGET[39m [37m/wd/hub/session/8156be1b-127e-410b-98b1-d835ec6a385e/element/00000000-0000-01ed-7fff-ffff00000006/location[39m
[35m[HTTP][39m [90m{}[39m
[35m[W3C (8156be1b)][39m Driver proxy active, passing request on via HTTP proxy
[35m[WD Proxy][39m Replacing sessionId c590ce74-88df-45c7-885d-7b1d03d6aa89 with 8156be1b-127e-410b-98b1-d835ec6a385e
[35m[HTTP][39m [37m<-- GET /wd/hub/session/8156be1b-127e-410b-98b1-d835ec6a385e/element/00000000-0000-01ed-7fff-ffff00000006/location [39m[32m200[39m [90m110 ms - 79[39m
[35m[HTTP][39m [90m[39m
[35m[HTTP][39m [37m-->[39m [37mPOST[39m [37m/wd/hub/session/8156be1b-127e-410b-98b1-d835ec6a385e/timeouts[39m
[35m[HTTP][39m [90m{"implicit":30000}[39m
[35m[HTTP][39m [37m<-- POST /wd/hub/session/8156be1b-127e-410b-98b1-d835ec6a385e/timeouts [39m[32m200[39m [90m3 ms - 14[39m
[35m[HTTP][39m [90m[39m
[35m[HTTP][39m [37m-->[39m [37mPOST[39m [37m/wd/hub/session/8156be1b-127e-410b-98b1-d835ec6a385e/touch/perform[39m
[35m[HTTP][39m [90m{"actions":[{"action":"tap","options":{"x":1,"y":1,"element":"00000000-0000-01ed-7fff-ffff00000006"}},{"action":"release","options":{}}]}[39m
[35m[UiAutomator2][39m calling get location: 00000000-0000-01ed-7fff-ffff00000006
[35m[HTTP][39m [37m<-- POST /wd/hub/session/8156be1b-127e-410b-98b1-d835ec6a385e/touch/perform [39m[32m200[39m [90m199 ms - 14[39m
[35m[HTTP][39m [90m[39m
[35m[HTTP][39m [37m-->[39m [37mPOST[39m [37m/wd/hub/session/8156be1b-127e-410b-98b1-d835ec6a385e/timeouts[39m
[35m[HTTP][39m [90m{"implicit":50}[39m
[35m[HTTP][39m [37m<-- POST /wd/hub/session/8156be1b-127e-410b-98b1-d835ec6a385e/timeouts [39m[32m200[39m [90m2 ms - 14[39m
[35m[HTTP][39m [90m[39m
[35m[HTTP][39m [37m-->[39m [37mGET[39m [37m/wd/hub/session/8156be1b-127e-410b-98b1-d835ec6a385e/window/rect[39m
[35m[HTTP][39m [90m{}[39m
[35m[HTTP][39m [37m<-- GET /wd/hub/session/8156be1b-127e-410b-98b1-d835ec6a385e/window/rect [39m[32m200[39m [90m102 ms - 49[39m
[35m[HTTP][39m [90m[39m
[35m[HTTP][39m [37m-->[39m [37mPOST[39m [37m/wd/hub/session/8156be1b-127e-410b-98b1-d835ec6a385e/elements[39m
[35m[HTTP][39m [90m{"using":"xpath","value":"//*[@class = 'android.widget.EditText' and (@text = 'Email' or . = 'Email') and @resource-id = 'com.alodokter.android:id/ti_edit_text_email']"}[39m
[35m[HTTP][39m [37m<-- POST /wd/hub/session/8156be1b-127e-410b-98b1-d835ec6a385e/elements [39m[32m200[39m [90m839 ms - 139[39m
[35m[HTTP][39m [90m[39m
[35m[HTTP][39m [37m-->[39m [37mGET[39m [37m/wd/hub/session/8156be1b-127e-410b-98b1-d835ec6a385e/element/00000000-0000-01ee-7fff-ffff00000020/location[39m
[35m[HTTP][39m [90m{}[39m
[35m[W3C (8156be1b)][39m Driver proxy active, passing request on via HTTP proxy
[35m[WD Proxy][39m Replacing sessionId c590ce74-88df-45c7-885d-7b1d03d6aa89 with 8156be1b-127e-410b-98b1-d835ec6a385e
[35m[HTTP][39m [37m<-- GET /wd/hub/session/8156be1b-127e-410b-98b1-d835ec6a385e/element/00000000-0000-01ee-7fff-ffff00000020/location [39m[32m200[39m [90m22 ms - 77[39m
[35m[HTTP][39m [90m[39m
[35m[HTTP][39m [37m-->[39m [37mPOST[39m [37m/wd/hub/session/8156be1b-127e-410b-98b1-d835ec6a385e/timeouts[39m
[35m[HTTP][39m [90m{"implicit":30000}[39m
[35m[HTTP][39m [37m<-- POST /wd/hub/session/8156be1b-127e-410b-98b1-d835ec6a385e/timeouts [39m[32m200[39m [90m3 ms - 14[39m
[35m[HTTP][39m [90m[39m
[35m[HTTP][39m [37m-->[39m [37mPOST[39m [37m/wd/hub/session/8156be1b-127e-410b-98b1-d835ec6a385e/element/00000000-0000-01ee-7fff-ffff00000020/clear[39m
[35m[HTTP][39m [90m{"id":"00000000-0000-01ee-7fff-ffff00000020"}[39m
[35m[HTTP][39m [37m<-- POST /wd/hub/session/8156be1b-127e-410b-98b1-d835ec6a385e/element/00000000-0000-01ee-7fff-ffff00000020/clear [39m[32m200[39m [90m35 ms - 14[39m
[35m[HTTP][39m [90m[39m
[35m[HTTP][39m [37m-->[39m [37mPOST[39m [37m/wd/hub/session/8156be1b-127e-410b-98b1-d835ec6a385e/element/00000000-0000-01ee-7fff-ffff00000020/value[39m
[35m[HTTP][39m [90m{"id":"00000000-0000-01ee-7fff-ffff00000020","text":"autouser3thsize@mail.com","value":["a","u","t","o","u","s","e","r","3","t","h","s","i","z","e","@","m","a","i","l",".","c","o","m"]}[39m
[35m[HTTP][39m [37m<-- POST /wd/hub/session/8156be1b-127e-410b-98b1-d835ec6a385e/element/00000000-0000-01ee-7fff-ffff00000020/value [39m[32m200[39m [90m1000 ms - 14[39m
[35m[HTTP][39m [90m[39m
[35m[HTTP][39m [37m-->[39m [37mPOST[39m [37m/wd/hub/session/8156be1b-127e-410b-98b1-d835ec6a385e/timeouts[39m
[35m[HTTP][39m [90m{"implicit":50}[39m
[35m[HTTP][39m [37m<-- POST /wd/hub/session/8156be1b-127e-410b-98b1-d835ec6a385e/timeouts [39m[32m200[39m [90m5 ms - 14[39m
[35m[HTTP][39m [90m[39m
[35m[HTTP][39m [37m-->[39m [37mGET[39m [37m/wd/hub/session/8156be1b-127e-410b-98b1-d835ec6a385e/window/rect[39m
[35m[HTTP][39m [90m{}[39m
[35m[HTTP][39m [37m<-- GET /wd/hub/session/8156be1b-127e-410b-98b1-d835ec6a385e/window/rect [39m[32m200[39m [90m10 ms - 49[39m
[35m[HTTP][39m [90m[39m
[35m[HTTP][39m [37m-->[39m [37mPOST[39m [37m/wd/hub/session/8156be1b-127e-410b-98b1-d835ec6a385e/elements[39m
[35m[HTTP][39m [90m{"using":"xpath","value":"//*[@class = 'android.widget.EditText' and (@text = 'Kata Sandi' or . = 'Kata Sandi') and @resource-id = 'com.alodokter.android:id/ti_edit_text_password']"}[39m
[35m[HTTP][39m [37m<-- POST /wd/hub/session/8156be1b-127e-410b-98b1-d835ec6a385e/elements [39m[32m200[39m [90m406 ms - 139[39m
[35m[HTTP][39m [90m[39m
[35m[HTTP][39m [37m-->[39m [37mGET[39m [37m/wd/hub/session/8156be1b-127e-410b-98b1-d835ec6a385e/element/00000000-0000-01ee-7fff-ffff00000022/location[39m
[35m[HTTP][39m [90m{}[39m
[35m[W3C (8156be1b)][39m Driver proxy active, passing request on via HTTP proxy
[35m[WD Proxy][39m Replacing sessionId c590ce74-88df-45c7-885d-7b1d03d6aa89 with 8156be1b-127e-410b-98b1-d835ec6a385e
[35m[HTTP][39m [37m<-- GET /wd/hub/session/8156be1b-127e-410b-98b1-d835ec6a385e/element/00000000-0000-01ee-7fff-ffff00000022/location [39m[32m200[39m [90m10 ms - 77[39m
[35m[HTTP][39m [90m[39m
[35m[HTTP][39m [37m-->[39m [37mPOST[39m [37m/wd/hub/session/8156be1b-127e-410b-98b1-d835ec6a385e/timeouts[39m
[35m[HTTP][39m [90m{"implicit":30000}[39m
[35m[HTTP][39m [37m<-- POST /wd/hub/session/8156be1b-127e-410b-98b1-d835ec6a385e/timeouts [39m[32m200[39m [90m1 ms - 14[39m
[35m[HTTP][39m [90m[39m
[35m[HTTP][39m [37m-->[39m [37mPOST[39m [37m/wd/hub/session/8156be1b-127e-410b-98b1-d835ec6a385e/element/00000000-0000-01ee-7fff-ffff00000022/clear[39m
[35m[HTTP][39m [90m{"id":"00000000-0000-01ee-7fff-ffff00000022"}[39m
[35m[HTTP][39m [37m<-- POST /wd/hub/session/8156be1b-127e-410b-98b1-d835ec6a385e/element/00000000-0000-01ee-7fff-ffff00000022/clear [39m[32m200[39m [90m17 ms - 14[39m
[35m[HTTP][39m [90m[39m
[35m[HTTP][39m [37m-->[39m [37mPOST[39m [37m/wd/hub/session/8156be1b-127e-410b-98b1-d835ec6a385e/element/00000000-0000-01ee-7fff-ffff00000022/value[39m
[35m[HTTP][39m [90m{"id":"00000000-0000-01ee-7fff-ffff00000022","text":"123456","value":["1","2","3","4","5","6"]}[39m
[35m[HTTP][39m [37m<-- POST /wd/hub/session/8156be1b-127e-410b-98b1-d835ec6a385e/element/00000000-0000-01ee-7fff-ffff00000022/value [39m[32m200[39m [90m1024 ms - 14[39m
[35m[HTTP][39m [90m[39m
[35m[HTTP][39m [37m-->[39m [37mPOST[39m [37m/wd/hub/session/8156be1b-127e-410b-98b1-d835ec6a385e/timeouts[39m
[35m[HTTP][39m [90m{"implicit":50}[39m
[35m[HTTP][39m [37m<-- POST /wd/hub/session/8156be1b-127e-410b-98b1-d835ec6a385e/timeouts [39m[32m200[39m [90m2 ms - 14[39m
[35m[HTTP][39m [90m[39m
[35m[HTTP][39m [37m-->[39m [37mGET[39m [37m/wd/hub/session/8156be1b-127e-410b-98b1-d835ec6a385e/window/rect[39m
[35m[HTTP][39m [90m{}[39m
[35m[HTTP][39m [37m<-- GET /wd/hub/session/8156be1b-127e-410b-98b1-d835ec6a385e/window/rect [39m[32m200[39m [90m12 ms - 49[39m
[35m[HTTP][39m [90m[39m
[35m[HTTP][39m [37m-->[39m [37mPOST[39m [37m/wd/hub/session/8156be1b-127e-410b-98b1-d835ec6a385e/elements[39m
[35m[HTTP][39m [90m{"using":"xpath","value":"//*[@class = 'android.widget.TextView' and (@text = 'Masuk' or . = 'Masuk') and @resource-id = 'com.alodokter.android:id/login_email_btn']"}[39m
[35m[HTTP][39m [37m<-- POST /wd/hub/session/8156be1b-127e-410b-98b1-d835ec6a385e/elements [39m[32m200[39m [90m457 ms - 139[39m
[35m[HTTP][39m [90m[39m
[35m[HTTP][39m [37m-->[39m [37mGET[39m [37m/wd/hub/session/8156be1b-127e-410b-98b1-d835ec6a385e/element/00000000-0000-01ee-7fff-ffff00000026/location[39m
[35m[HTTP][39m [90m{}[39m
[35m[W3C (8156be1b)][39m Driver proxy active, passing request on via HTTP proxy
[35m[WD Proxy][39m Replacing sessionId c590ce74-88df-45c7-885d-7b1d03d6aa89 with 8156be1b-127e-410b-98b1-d835ec6a385e
[35m[HTTP][39m [37m<-- GET /wd/hub/session/8156be1b-127e-410b-98b1-d835ec6a385e/element/00000000-0000-01ee-7fff-ffff00000026/location [39m[32m200[39m [90m14 ms - 77[39m
[35m[HTTP][39m [90m[39m
[35m[HTTP][39m [37m-->[39m [37mPOST[39m [37m/wd/hub/session/8156be1b-127e-410b-98b1-d835ec6a385e/timeouts[39m
[35m[HTTP][39m [90m{"implicit":30000}[39m
[35m[HTTP][39m [37m<-- POST /wd/hub/session/8156be1b-127e-410b-98b1-d835ec6a385e/timeouts [39m[32m200[39m [90m2 ms - 14[39m
[35m[HTTP][39m [90m[39m
[35m[HTTP][39m [37m-->[39m [37mPOST[39m [37m/wd/hub/session/8156be1b-127e-410b-98b1-d835ec6a385e/touch/perform[39m
[35m[HTTP][39m [90m{"actions":[{"action":"tap","options":{"x":1,"y":1,"element":"00000000-0000-01ee-7fff-ffff00000026"}},{"action":"release","options":{}}]}[39m
[35m[UiAutomator2][39m calling get location: 00000000-0000-01ee-7fff-ffff00000026
[35m[HTTP][39m [37m<-- POST /wd/hub/session/8156be1b-127e-410b-98b1-d835ec6a385e/touch/perform [39m[32m200[39m [90m128 ms - 14[39m
[35m[HTTP][39m [90m[39m
[35m[HTTP][39m [37m-->[39m [37mPOST[39m [37m/wd/hub/session/8156be1b-127e-410b-98b1-d835ec6a385e/timeouts[39m
[35m[HTTP][39m [90m{"implicit":50}[39m
[35m[HTTP][39m [37m<-- POST /wd/hub/session/8156be1b-127e-410b-98b1-d835ec6a385e/timeouts [39m[32m200[39m [90m1 ms - 14[39m
[35m[HTTP][39m [90m[39m
[35m[HTTP][39m [37m-->[39m [37mGET[39m [37m/wd/hub/session/8156be1b-127e-410b-98b1-d835ec6a385e/window/rect[39m
[35m[HTTP][39m [90m{}[39m
[35m[HTTP][39m [37m<-- GET /wd/hub/session/8156be1b-127e-410b-98b1-d835ec6a385e/window/rect [39m[32m200[39m [90m20 ms - 49[39m
[35m[HTTP][39m [90m[39m
[35m[HTTP][39m [37m-->[39m [37mPOST[39m [37m/wd/hub/session/8156be1b-127e-410b-98b1-d835ec6a385e/elements[39m
[35m[HTTP][39m [90m{"using":"xpath","value":"//*[@class = 'android.widget.ImageView' and @resource-id = 'com.alodokter.android:id/default_profile_icon_container' and (@text = '' or . = '')]"}[39m
[35m[HTTP][39m [37m<-- POST /wd/hub/session/8156be1b-127e-410b-98b1-d835ec6a385e/elements [39m[32m200[39m [90m549 ms - 12[39m
[35m[HTTP][39m [90m[39m
[35m[HTTP][39m [37m-->[39m [37mPOST[39m [37m/wd/hub/session/8156be1b-127e-410b-98b1-d835ec6a385e/elements[39m
[35m[HTTP][39m [90m{"using":"xpath","value":"//*[@class = 'android.widget.ImageView' and @resource-id = 'com.alodokter.android:id/default_profile_icon_container' and (@text = '' or . = '')]"}[39m
[35m[HTTP][39m [37m<-- POST /wd/hub/session/8156be1b-127e-410b-98b1-d835ec6a385e/elements [39m[32m200[39m [90m59 ms - 12[39m
[35m[HTTP][39m [90m[39m
[35m[HTTP][39m [37m-->[39m [37mPOST[39m [37m/wd/hub/session/8156be1b-127e-410b-98b1-d835ec6a385e/elements[39m
[35m[HTTP][39m [90m{"using":"xpath","value":"//*[@class = 'android.widget.ImageView' and @resource-id = 'com.alodokter.android:id/default_profile_icon_container' and (@text = '' or . = '')]"}[39m
[35m[HTTP][39m [37m<-- POST /wd/hub/session/8156be1b-127e-410b-98b1-d835ec6a385e/elements [39m[32m200[39m [90m57 ms - 12[39m
[35m[HTTP][39m [90m[39m
[35m[HTTP][39m [37m-->[39m [37mPOST[39m [37m/wd/hub/session/8156be1b-127e-410b-98b1-d835ec6a385e/elements[39m
[35m[HTTP][39m [90m{"using":"xpath","value":"//*[@class = 'android.widget.ImageView' and @resource-id = 'com.alodokter.android:id/default_profile_icon_container' and (@text = '' or . = '')]"}[39m
[35m[HTTP][39m [37m<-- POST /wd/hub/session/8156be1b-127e-410b-98b1-d835ec6a385e/elements [39m[32m200[39m [90m61 ms - 12[39m
[35m[HTTP][39m [90m[39m
[35m[HTTP][39m [37m-->[39m [37mPOST[39m [37m/wd/hub/session/8156be1b-127e-410b-98b1-d835ec6a385e/elements[39m
[35m[HTTP][39m [90m{"using":"xpath","value":"//*[@class = 'android.widget.ImageView' and @resource-id = 'com.alodokter.android:id/default_profile_icon_container' and (@text = '' or . = '')]"}[39m
[35m[HTTP][39m [37m<-- POST /wd/hub/session/8156be1b-127e-410b-98b1-d835ec6a385e/elements [39m[32m200[39m [90m67 ms - 12[39m
[35m[HTTP][39m [90m[39m
[35m[HTTP][39m [37m-->[39m [37mPOST[39m [37m/wd/hub/session/8156be1b-127e-410b-98b1-d835ec6a385e/elements[39m
[35m[HTTP][39m [90m{"using":"xpath","value":"//*[@class = 'android.widget.ImageView' and @resource-id = 'com.alodokter.android:id/default_profile_icon_container' and (@text = '' or . = '')]"}[39m
[35m[HTTP][39m [37m<-- POST /wd/hub/session/8156be1b-127e-410b-98b1-d835ec6a385e/elements [39m[32m200[39m [90m79 ms - 12[39m
[35m[HTTP][39m [90m[39m
[35m[HTTP][39m [37m-->[39m [37mPOST[39m [37m/wd/hub/session/8156be1b-127e-410b-98b1-d835ec6a385e/elements[39m
[35m[HTTP][39m [90m{"using":"xpath","value":"//*[@class = 'android.widget.ImageView' and @resource-id = 'com.alodokter.android:id/default_profile_icon_container' and (@text = '' or . = '')]"}[39m
[35m[HTTP][39m [37m<-- POST /wd/hub/session/8156be1b-127e-410b-98b1-d835ec6a385e/elements [39m[32m200[39m [90m191 ms - 12[39m
[35m[HTTP][39m [90m[39m
[35m[HTTP][39m [37m-->[39m [37mPOST[39m [37m/wd/hub/session/8156be1b-127e-410b-98b1-d835ec6a385e/elements[39m
[35m[HTTP][39m [90m{"using":"xpath","value":"//*[@class = 'android.widget.ImageView' and @resource-id = 'com.alodokter.android:id/default_profile_icon_container' and (@text = '' or . = '')]"}[39m
[35m[HTTP][39m [37m<-- POST /wd/hub/session/8156be1b-127e-410b-98b1-d835ec6a385e/elements [39m[32m200[39m [90m1972 ms - 139[39m
[35m[HTTP][39m [90m[39m
[35m[HTTP][39m [37m-->[39m [37mGET[39m [37m/wd/hub/session/8156be1b-127e-410b-98b1-d835ec6a385e/element/00000000-0000-01f0-7fff-ffff0000005b/location[39m
[35m[HTTP][39m [90m{}[39m
[35m[W3C (8156be1b)][39m Driver proxy active, passing request on via HTTP proxy
[35m[WD Proxy][39m Replacing sessionId c590ce74-88df-45c7-885d-7b1d03d6aa89 with 8156be1b-127e-410b-98b1-d835ec6a385e
[35m[HTTP][39m [37m<-- GET /wd/hub/session/8156be1b-127e-410b-98b1-d835ec6a385e/element/00000000-0000-01f0-7fff-ffff0000005b/location [39m[32m200[39m [90m10 ms - 77[39m
[35m[HTTP][39m [90m[39m
[35m[HTTP][39m [37m-->[39m [37mPOST[39m [37m/wd/hub/session/8156be1b-127e-410b-98b1-d835ec6a385e/timeouts[39m
[35m[HTTP][39m [90m{"implicit":30000}[39m
[35m[HTTP][39m [37m<-- POST /wd/hub/session/8156be1b-127e-410b-98b1-d835ec6a385e/timeouts [39m[32m200[39m [90m2 ms - 14[39m
[35m[HTTP][39m [90m[39m
[35m[HTTP][39m [37m-->[39m [37mPOST[39m [37m/wd/hub/session/8156be1b-127e-410b-98b1-d835ec6a385e/touch/perform[39m
[35m[HTTP][39m [90m{"actions":[{"action":"tap","options":{"x":1,"y":1,"element":"00000000-0000-01f0-7fff-ffff0000005b"}},{"action":"release","options":{}}]}[39m
[35m[UiAutomator2][39m calling get location: 00000000-0000-01f0-7fff-ffff0000005b
[35m[HTTP][39m [37m<-- POST /wd/hub/session/8156be1b-127e-410b-98b1-d835ec6a385e/touch/perform [39m[32m200[39m [90m126 ms - 14[39m
[35m[HTTP][39m [90m[39m
[35m[HTTP][39m [37m-->[39m [37mGET[39m [37m/wd/hub/session/8156be1b-127e-410b-98b1-d835ec6a385e/context[39m
[35m[HTTP][39m [90m{}[39m
[35m[HTTP][39m [37m<-- GET /wd/hub/session/8156be1b-127e-410b-98b1-d835ec6a385e/context [39m[32m200[39m [90m1 ms - 22[39m
[35m[HTTP][39m [90m[39m
[35m[HTTP][39m [37m-->[39m [37mGET[39m [37m/wd/hub/session/8156be1b-127e-410b-98b1-d835ec6a385e/contexts[39m
[35m[HTTP][39m [90m{}[39m
[35m[HTTP][39m [37m<-- GET /wd/hub/session/8156be1b-127e-410b-98b1-d835ec6a385e/contexts [39m[32m200[39m [90m202 ms - 63[39m
[35m[HTTP][39m [90m[39m
[35m[HTTP][39m [37m-->[39m [37mPOST[39m [37m/wd/hub/session/8156be1b-127e-410b-98b1-d835ec6a385e/context[39m
[35m[HTTP][39m [90m{"name":"NATIVE_APP"}[39m
[35m[HTTP][39m [37m<-- POST /wd/hub/session/8156be1b-127e-410b-98b1-d835ec6a385e/context [39m[32m200[39m [90m2 ms - 14[39m
[35m[HTTP][39m [90m[39m
[35m[HTTP][39m [37m-->[39m [37mGET[39m [37m/wd/hub/session/8156be1b-127e-410b-98b1-d835ec6a385e/window/rect[39m
[35m[HTTP][39m [90m{}[39m
[35m[HTTP][39m [37m<-- GET /wd/hub/session/8156be1b-127e-410b-98b1-d835ec6a385e/window/rect [39m[32m200[39m [90m13 ms - 49[39m
[35m[HTTP][39m [90m[39m
[35m[HTTP][39m [37m-->[39m [37mPOST[39m [37m/wd/hub/session/8156be1b-127e-410b-98b1-d835ec6a385e/context[39m
[35m[HTTP][39m [90m{"name":"NATIVE_APP"}[39m
[35m[HTTP][39m [37m<-- POST /wd/hub/session/8156be1b-127e-410b-98b1-d835ec6a385e/context [39m[32m200[39m [90m2 ms - 14[39m
[35m[HTTP][39m [90m[39m
[35m[HTTP][39m [37m-->[39m [37mGET[39m [37m/wd/hub/session/8156be1b-127e-410b-98b1-d835ec6a385e/context[39m
[35m[HTTP][39m [90m{}[39m
[35m[HTTP][39m [37m<-- GET /wd/hub/session/8156be1b-127e-410b-98b1-d835ec6a385e/context [39m[32m200[39m [90m1 ms - 22[39m
[35m[HTTP][39m [90m[39m
[35m[HTTP][39m [37m-->[39m [37mGET[39m [37m/wd/hub/session/8156be1b-127e-410b-98b1-d835ec6a385e/contexts[39m
[35m[HTTP][39m [90m{}[39m
[35m[HTTP][39m [37m<-- GET /wd/hub/session/8156be1b-127e-410b-98b1-d835ec6a385e/contexts [39m[32m200[39m [90m110 ms - 63[39m
[35m[HTTP][39m [90m[39m
[35m[HTTP][39m [37m-->[39m [37mPOST[39m [37m/wd/hub/session/8156be1b-127e-410b-98b1-d835ec6a385e/context[39m
[35m[HTTP][39m [90m{"name":"NATIVE_APP"}[39m
[35m[HTTP][39m [37m<-- POST /wd/hub/session/8156be1b-127e-410b-98b1-d835ec6a385e/context [39m[32m200[39m [90m1 ms - 14[39m
[35m[HTTP][39m [90m[39m
[35m[HTTP][39m [37m-->[39m [37mGET[39m [37m/wd/hub/session/8156be1b-127e-410b-98b1-d835ec6a385e/window/rect[39m
[35m[HTTP][39m [90m{}[39m
[35m[HTTP][39m [37m<-- GET /wd/hub/session/8156be1b-127e-410b-98b1-d835ec6a385e/window/rect [39m[32m200[39m [90m6 ms - 49[39m
[35m[HTTP][39m [90m[39m
[35m[HTTP][39m [37m-->[39m [37mPOST[39m [37m/wd/hub/session/8156be1b-127e-410b-98b1-d835ec6a385e/context[39m
[35m[HTTP][39m [90m{"name":"NATIVE_APP"}[39m
[35m[HTTP][39m [37m<-- POST /wd/hub/session/8156be1b-127e-410b-98b1-d835ec6a385e/context [39m[32m200[39m [90m2 ms - 14[39m
[35m[HTTP][39m [90m[39m
[35m[HTTP][39m [37m-->[39m [37mGET[39m [37m/wd/hub/session/8156be1b-127e-410b-98b1-d835ec6a385e/context[39m
[35m[HTTP][39m [90m{}[39m
[35m[HTTP][39m [37m<-- GET /wd/hub/session/8156be1b-127e-410b-98b1-d835ec6a385e/context [39m[32m200[39m [90m1 ms - 22[39m
[35m[HTTP][39m [90m[39m
[35m[HTTP][39m [37m-->[39m [37mGET[39m [37m/wd/hub/session/8156be1b-127e-410b-98b1-d835ec6a385e/contexts[39m
[35m[HTTP][39m [90m{}[39m
[35m[HTTP][39m [37m<-- GET /wd/hub/session/8156be1b-127e-410b-98b1-d835ec6a385e/contexts [39m[32m200[39m [90m133 ms - 63[39m
[35m[HTTP][39m [90m[39m
[35m[HTTP][39m [37m-->[39m [37mPOST[39m [37m/wd/hub/session/8156be1b-127e-410b-98b1-d835ec6a385e/context[39m
[35m[HTTP][39m [90m{"name":"NATIVE_APP"}[39m
[35m[HTTP][39m [37m<-- POST /wd/hub/session/8156be1b-127e-410b-98b1-d835ec6a385e/context [39m[32m200[39m [90m1 ms - 14[39m
[35m[HTTP][39m [90m[39m
[35m[HTTP][39m [37m-->[39m [37mPOST[39m [37m/wd/hub/session/8156be1b-127e-410b-98b1-d835ec6a385e/touch/perform[39m
[35m[HTTP][39m [90m{"actions":[{"action":"press","options":{"x":360,"y":896}},{"action":"wait","options":{"ms":500}},{"action":"moveTo","options":{"x":360,"y":384}},{"action":"release","options":{}}]}[39m
[35m[HTTP][39m [37m<-- POST /wd/hub/session/8156be1b-127e-410b-98b1-d835ec6a385e/touch/perform [39m[32m200[39m [90m1002 ms - 14[39m
[35m[HTTP][39m [90m[39m
[35m[HTTP][39m [37m-->[39m [37mPOST[39m [37m/wd/hub/session/8156be1b-127e-410b-98b1-d835ec6a385e/context[39m
[35m[HTTP][39m [90m{"name":"NATIVE_APP"}[39m
[35m[HTTP][39m [37m<-- POST /wd/hub/session/8156be1b-127e-410b-98b1-d835ec6a385e/context [39m[32m200[39m [90m1 ms - 14[39m
[35m[HTTP][39m [90m[39m
[35m[HTTP][39m [37m-->[39m [37mPOST[39m [37m/wd/hub/session/8156be1b-127e-410b-98b1-d835ec6a385e/timeouts[39m
[35m[HTTP][39m [90m{"implicit":50}[39m
[35m[HTTP][39m [37m<-- POST /wd/hub/session/8156be1b-127e-410b-98b1-d835ec6a385e/timeouts [39m[32m200[39m [90m2 ms - 14[39m
[35m[HTTP][39m [90m[39m
[35m[HTTP][39m [37m-->[39m [37mGET[39m [37m/wd/hub/session/8156be1b-127e-410b-98b1-d835ec6a385e/window/rect[39m
[35m[HTTP][39m [90m{}[39m
[35m[HTTP][39m [37m<-- GET /wd/hub/session/8156be1b-127e-410b-98b1-d835ec6a385e/window/rect [39m[32m200[39m [90m14 ms - 49[39m
[35m[HTTP][39m [90m[39m
[35m[HTTP][39m [37m-->[39m [37mPOST[39m [37m/wd/hub/session/8156be1b-127e-410b-98b1-d835ec6a385e/elements[39m
[35m[HTTP][39m [90m{"using":"xpath","value":"//*[@class = 'android.widget.TextView' and (@text = 'Keluar' or . = 'Keluar') and @resource-id = 'com.alodokter.android:id/logout']"}[39m
[35m[HTTP][39m [37m<-- POST /wd/hub/session/8156be1b-127e-410b-98b1-d835ec6a385e/elements [39m[32m200[39m [90m53 ms - 139[39m
[35m[HTTP][39m [90m[39m
[35m[HTTP][39m [37m-->[39m [37mGET[39m [37m/wd/hub/session/8156be1b-127e-410b-98b1-d835ec6a385e/element/00000000-0000-01f1-7fff-ffff00000149/location[39m
[35m[HTTP][39m [90m{}[39m
[35m[W3C (8156be1b)][39m Driver proxy active, passing request on via HTTP proxy
[35m[WD Proxy][39m Replacing sessionId c590ce74-88df-45c7-885d-7b1d03d6aa89 with 8156be1b-127e-410b-98b1-d835ec6a385e
[35m[HTTP][39m [37m<-- GET /wd/hub/session/8156be1b-127e-410b-98b1-d835ec6a385e/element/00000000-0000-01f1-7fff-ffff00000149/location [39m[32m200[39m [90m11 ms - 78[39m
[35m[HTTP][39m [90m[39m
[35m[HTTP][39m [37m-->[39m [37mPOST[39m [37m/wd/hub/session/8156be1b-127e-410b-98b1-d835ec6a385e/timeouts[39m
[35m[HTTP][39m [90m{"implicit":30000}[39m
[35m[HTTP][39m [37m<-- POST /wd/hub/session/8156be1b-127e-410b-98b1-d835ec6a385e/timeouts [39m[32m200[39m [90m2 ms - 14[39m
[35m[HTTP][39m [90m[39m
[35m[HTTP][39m [37m-->[39m [37mPOST[39m [37m/wd/hub/session/8156be1b-127e-410b-98b1-d835ec6a385e/touch/perform[39m
[35m[HTTP][39m [90m{"actions":[{"action":"tap","options":{"x":1,"y":1,"element":"00000000-0000-01f1-7fff-ffff00000149"}},{"action":"release","options":{}}]}[39m
[35m[UiAutomator2][39m calling get location: 00000000-0000-01f1-7fff-ffff00000149
[35m[HTTP][39m [37m<-- POST /wd/hub/session/8156be1b-127e-410b-98b1-d835ec6a385e/touch/perform [39m[32m200[39m [90m122 ms - 14[39m
[35m[HTTP][39m [90m[39m
[35m[HTTP][39m [37m-->[39m [37mPOST[39m [37m/wd/hub/session/8156be1b-127e-410b-98b1-d835ec6a385e/timeouts[39m
[35m[HTTP][39m [90m{"implicit":50}[39m
[35m[HTTP][39m [37m<-- POST /wd/hub/session/8156be1b-127e-410b-98b1-d835ec6a385e/timeouts [39m[32m200[39m [90m6 ms - 14[39m
[35m[HTTP][39m [90m[39m
[35m[HTTP][39m [37m-->[39m [37mGET[39m [37m/wd/hub/session/8156be1b-127e-410b-98b1-d835ec6a385e/window/rect[39m
[35m[HTTP][39m [90m{}[39m
[35m[HTTP][39m [37m<-- GET /wd/hub/session/8156be1b-127e-410b-98b1-d835ec6a385e/window/rect [39m[32m200[39m [90m19 ms - 49[39m
[35m[HTTP][39m [90m[39m
[35m[HTTP][39m [37m-->[39m [37mPOST[39m [37m/wd/hub/session/8156be1b-127e-410b-98b1-d835ec6a385e/elements[39m
[35m[HTTP][39m [90m{"using":"xpath","value":"//*[@class = 'android.widget.TextView' and (@text = 'Ya' or . = 'Ya') and @resource-id = 'com.alodokter.android:id/positive_btn']"}[39m
[35m[HTTP][39m [37m<-- POST /wd/hub/session/8156be1b-127e-410b-98b1-d835ec6a385e/elements [39m[32m200[39m [90m663 ms - 139[39m
[35m[HTTP][39m [90m[39m
[35m[HTTP][39m [37m-->[39m [37mGET[39m [37m/wd/hub/session/8156be1b-127e-410b-98b1-d835ec6a385e/element/00000000-0000-01f2-7fff-ffff0000017f/location[39m
[35m[HTTP][39m [90m{}[39m
[35m[W3C (8156be1b)][39m Driver proxy active, passing request on via HTTP proxy
[35m[WD Proxy][39m Replacing sessionId c590ce74-88df-45c7-885d-7b1d03d6aa89 with 8156be1b-127e-410b-98b1-d835ec6a385e
[35m[HTTP][39m [37m<-- GET /wd/hub/session/8156be1b-127e-410b-98b1-d835ec6a385e/element/00000000-0000-01f2-7fff-ffff0000017f/location [39m[32m200[39m [90m9 ms - 79[39m
[35m[HTTP][39m [90m[39m
[35m[HTTP][39m [37m-->[39m [37mPOST[39m [37m/wd/hub/session/8156be1b-127e-410b-98b1-d835ec6a385e/timeouts[39m
[35m[HTTP][39m [90m{"implicit":30000}[39m
[35m[HTTP][39m [37m<-- POST /wd/hub/session/8156be1b-127e-410b-98b1-d835ec6a385e/timeouts [39m[32m200[39m [90m1 ms - 14[39m
[35m[HTTP][39m [90m[39m
[35m[HTTP][39m [37m-->[39m [37mPOST[39m [37m/wd/hub/session/8156be1b-127e-410b-98b1-d835ec6a385e/touch/perform[39m
[35m[HTTP][39m [90m{"actions":[{"action":"tap","options":{"x":1,"y":1,"element":"00000000-0000-01f2-7fff-ffff0000017f"}},{"action":"release","options":{}}]}[39m
[35m[UiAutomator2][39m calling get location: 00000000-0000-01f2-7fff-ffff0000017f
[35m[HTTP][39m [37m<-- POST /wd/hub/session/8156be1b-127e-410b-98b1-d835ec6a385e/touch/perform [39m[32m200[39m [90m125 ms - 14[39m
[35m[HTTP][39m [90m[39m
[35m[HTTP][39m [37m-->[39m [37mDELETE[39m [37m/wd/hub/session/8156be1b-127e-410b-98b1-d835ec6a385e[39m
[35m[HTTP][39m [90m{}[39m
[35m[Appium][39m Removing session 8156be1b-127e-410b-98b1-d835ec6a385e from our master session list
[35m[HTTP][39m [37m<-- DELETE /wd/hub/session/8156be1b-127e-410b-98b1-d835ec6a385e [39m[32m200[39m [90m1068 ms - 14[39m
[35m[HTTP][39m [90m[39m
