[35m[Appium][39m Welcome to Appium v1.22.0
[35m[Appium][39m Non-default server args:
[35m[Appium][39m   port: 51861
[35m[Appium][39m   loglevel: info
[35m[Appium][39m   tmpDir: C:\Users\Riza\AppData\Local\Temp\\Katalon\Appium\Temp1633956439694
[35m[Appium][39m   chromedriverPort: 51862
[35m[Appium][39m Deprecated server args:
[35m[Appium][39m   [31m--chromedriver-port[39m => --default-capabilities
[35m[Appium][39m Default capabilities, which will be added to each request unless overridden by desired capabilities:
[35m[Appium][39m   chromedriverPort: 51862
[35m[Appium][39m Appium REST http interface listener started on 0.0.0.0:51861
[35m[HTTP][39m [37m-->[39m [37mGET[39m [37m/wd/hub/status[39m
[35m[HTTP][39m [90m{}[39m
[35m[HTTP][39m [37m<-- GET /wd/hub/status [39m[32m200[39m [90m75 ms - 68[39m
[35m[HTTP][39m [90m[39m
[35m[HTTP][39m [37m-->[39m [37mPOST[39m [37m/wd/hub/session[39m
[35m[HTTP][39m [90m{"desiredCapabilities":{"app":"C:\\Users\\Riza\\Downloads\\Alodokter_user_v3.6.0_staging_debug_300921_1624.apk","noReset":true,"deviceName":"vivo vivo 1806 (Android 10)","fullReset":false,"platform":"ANDROID","newCommandTimeout":1800,"platformVersion":"10","automationName":"uiautomator2","autoGrantPermissions":true,"platformName":"Android","udid":"QWPB8XRWQ86HGY8D","systemPort":51860},"capabilities":{"firstMatch":[{"appium:app":"C:\\Users\\Riza\\Downloads\\Alodokter_user_v3.6.0_staging_debug_300921_1624.apk","appium:autoGrantPermissions":true,"appium:automationName":"uiautomator2","appium:deviceName":"vivo vivo 1806 (Android 10)","appium:fullReset":false,"appium:newCommandTimeout":1800,"appium:noReset":true,"platform":"ANDROID","platformName":"android","appium:platformVersion":"10","appium:systemPort":51860,"appium:udid":"QWPB8XRWQ86HGY8D"}]}}[39m
[35m[BaseDriver][39m The following capabilities are not standard capabilities and should have an extension prefix:
[35m[BaseDriver][39m   platform
[35m[BaseDriver][39m   chromedriverPort
[35m[Appium][39m Appium v1.22.0 creating new AndroidUiautomator2Driver (v1.69.0) session
[35m[BaseDriver][39m The following capabilities were provided, but are not recognized by Appium:
[35m[BaseDriver][39m   platform
[35m[BaseDriver][39m Session created with session id: 887f7fdf-1692-4b89-83d7-960b38ee75ce
[35m[BaseDriver][39m Using local app 'C:\Users\Riza\Downloads\Alodokter_user_v3.6.0_staging_debug_300921_1624.apk'
[35m[ADB][39m Found 2 'build-tools' folders under 'C:\Users\Riza\AppData\Local\Android\Sdk' (newest first):
[35m[ADB][39m     C:/Users/Riza/AppData/Local/Android/Sdk/build-tools/31.0.0
[35m[ADB][39m     C:/Users/Riza/AppData/Local/Android/Sdk/build-tools/30.0.2
[35m[ADB][39m Using 'adb.exe' from 'C:\Users\Riza\AppData\Local\Android\Sdk\platform-tools\adb.exe'
[35m[AndroidDriver][39m Retrieving device list
[35m[AndroidDriver][39m Using device: QWPB8XRWQ86HGY8D
[35m[ADB][39m Using 'adb.exe' from 'C:\Users\Riza\AppData\Local\Android\Sdk\platform-tools\adb.exe'
[35m[ADB][39m Getting device platform version
[35m[UiAutomator2][39m Relaxing hidden api policy
[35m[ADB][39m Package name: 'com.alodokter.android'
[35m[ADB][39m Main activity name: 'com.alodokter.android.presentation.splash.SplashActivity'
[35m[ADB][39m Using 'apksigner.jar' from 'C:\Users\Riza\AppData\Local\Android\Sdk\build-tools\31.0.0\lib\apksigner.jar'
[35m[ADB][39m 'C:\Users\Riza\AppData\Roaming\npm\node_modules\appium\node_modules\appium-uiautomator2-server\apks\appium-uiautomator2-server-v4.24.0.apk' is signed with the default certificate
[35m[ADB][39m 'C:\Users\Riza\AppData\Roaming\npm\node_modules\appium\node_modules\appium-uiautomator2-server\apks\appium-uiautomator2-server-debug-androidTest.apk' is signed with the default certificate
[35m[UiAutomator2][39m Server packages are not going to be (re)installed
[35m[ADB][39m Adding packages ["io.appium.settings","io.appium.uiautomator2.server","io.appium.uiautomator2.server.test"] to Doze whitelist
[35m[ADB][39m 'C:\Users\Riza\Downloads\Alodokter_user_v3.6.0_staging_debug_300921_1624.apk' is signed with a non-default certificate
[35m[UiAutomator2][39m Starting UIAutomator2 server 4.24.0
[35m[UiAutomator2][39m Using UIAutomator2 server from 'C:\Users\Riza\AppData\Roaming\npm\node_modules\appium\node_modules\appium-uiautomator2-server\apks\appium-uiautomator2-server-v4.24.0.apk' and test from 'C:\Users\Riza\AppData\Roaming\npm\node_modules\appium\node_modules\appium-uiautomator2-server\apks\appium-uiautomator2-server-debug-androidTest.apk'
[35m[UiAutomator2][39m Waiting up to 30000ms for UiAutomator2 to be online...
[35m[WD Proxy][39m socket hang up
[35m[WD Proxy][39m socket hang up
[35m[WD Proxy][39m socket hang up
[35m[WD Proxy][39m socket hang up
[35m[WD Proxy][39m Determined the downstream protocol as 'W3C'
[35m[AndroidDriver][39m Screen already unlocked, doing nothing
[35m[UiAutomator2][39m Starting 'com.alodokter.android/com.alodokter.android.presentation.splash.SplashActivity and waiting for 'com.alodokter.android/com.alodokter.android.presentation.splash.SplashActivity'
[35m[Appium][39m New AndroidUiautomator2Driver session created successfully, session 887f7fdf-1692-4b89-83d7-960b38ee75ce added to master session list
[35m[HTTP][39m [37m<-- POST /wd/hub/session [39m[32m200[39m [90m13788 ms - 1327[39m
[35m[HTTP][39m [90m[39m
[35m[HTTP][39m [37m-->[39m [37mGET[39m [37m/wd/hub/session/887f7fdf-1692-4b89-83d7-960b38ee75ce[39m
[35m[HTTP][39m [90m{}[39m
[35m[HTTP][39m [37m<-- GET /wd/hub/session/887f7fdf-1692-4b89-83d7-960b38ee75ce [39m[32m200[39m [90m17 ms - 1281[39m
[35m[HTTP][39m [90m[39m
[35m[HTTP][39m [37m-->[39m [37mGET[39m [37m/wd/hub/session/887f7fdf-1692-4b89-83d7-960b38ee75ce[39m
[35m[HTTP][39m [90m{}[39m
[35m[HTTP][39m [37m<-- GET /wd/hub/session/887f7fdf-1692-4b89-83d7-960b38ee75ce [39m[32m200[39m [90m15 ms - 1281[39m
[35m[HTTP][39m [90m[39m
[35m[HTTP][39m [37m-->[39m [37mGET[39m [37m/wd/hub/status[39m
[35m[HTTP][39m [90m{}[39m
[35m[HTTP][39m [37m<-- GET /wd/hub/status [39m[32m200[39m [90m2 ms - 68[39m
[35m[HTTP][39m [90m[39m
[35m[HTTP][39m [37m-->[39m [37mPOST[39m [37m/wd/hub/session/887f7fdf-1692-4b89-83d7-960b38ee75ce/timeouts[39m
[35m[HTTP][39m [90m{"implicit":30000}[39m
[35m[HTTP][39m [37m<-- POST /wd/hub/session/887f7fdf-1692-4b89-83d7-960b38ee75ce/timeouts [39m[32m200[39m [90m4 ms - 14[39m
[35m[HTTP][39m [90m[39m
[35m[HTTP][39m [37m-->[39m [37mGET[39m [37m/wd/hub/session/887f7fdf-1692-4b89-83d7-960b38ee75ce/screenshot[39m
[35m[HTTP][39m [90m{}[39m
[35m[HTTP][39m [37m<-- GET /wd/hub/session/887f7fdf-1692-4b89-83d7-960b38ee75ce/screenshot [39m[32m200[39m [90m815 ms - 83366[39m
[35m[HTTP][39m [90m[39m
[35m[HTTP][39m [37m-->[39m [37mGET[39m [37m/wd/hub/session/887f7fdf-1692-4b89-83d7-960b38ee75ce/window/rect[39m
[35m[HTTP][39m [90m{}[39m
[35m[HTTP][39m [37m<-- GET /wd/hub/session/887f7fdf-1692-4b89-83d7-960b38ee75ce/window/rect [39m[32m200[39m [90m27 ms - 50[39m
[35m[HTTP][39m [90m[39m
[35m[HTTP][39m [37m-->[39m [37mGET[39m [37m/wd/hub/session/887f7fdf-1692-4b89-83d7-960b38ee75ce/appium/device/system_bars[39m
[35m[HTTP][39m [90m{}[39m
[35m[HTTP][39m [37m<-- GET /wd/hub/session/887f7fdf-1692-4b89-83d7-960b38ee75ce/appium/device/system_bars [39m[32m200[39m [90m158 ms - 148[39m
[35m[HTTP][39m [90m[39m
[35m[HTTP][39m [37m-->[39m [37mPOST[39m [37m/wd/hub/session/887f7fdf-1692-4b89-83d7-960b38ee75ce/timeouts[39m
[35m[HTTP][39m [90m{"implicit":50}[39m
[35m[HTTP][39m [37m<-- POST /wd/hub/session/887f7fdf-1692-4b89-83d7-960b38ee75ce/timeouts [39m[32m200[39m [90m3 ms - 14[39m
[35m[HTTP][39m [90m[39m
[35m[HTTP][39m [37m-->[39m [37mGET[39m [37m/wd/hub/session/887f7fdf-1692-4b89-83d7-960b38ee75ce/window/rect[39m
[35m[HTTP][39m [90m{}[39m
[35m[HTTP][39m [37m<-- GET /wd/hub/session/887f7fdf-1692-4b89-83d7-960b38ee75ce/window/rect [39m[32m200[39m [90m23 ms - 50[39m
[35m[HTTP][39m [90m[39m
[35m[HTTP][39m [37m-->[39m [37mPOST[39m [37m/wd/hub/session/887f7fdf-1692-4b89-83d7-960b38ee75ce/elements[39m
[35m[HTTP][39m [90m{"using":"xpath","value":"//*[@class = 'android.widget.TextView' and (@text = 'Masuk menggunakan Email' or . = 'Masuk menggunakan Email') and @resource-id = 'com.alodokter.android:id/tv_login_email']"}[39m
[35m[HTTP][39m [37m<-- POST /wd/hub/session/887f7fdf-1692-4b89-83d7-960b38ee75ce/elements [39m[32m200[39m [90m443 ms - 12[39m
[35m[HTTP][39m [90m[39m
[35m[HTTP][39m [37m-->[39m [37mPOST[39m [37m/wd/hub/session/887f7fdf-1692-4b89-83d7-960b38ee75ce/elements[39m
[35m[HTTP][39m [90m{"using":"xpath","value":"//*[@class = 'android.widget.TextView' and (@text = 'Masuk menggunakan Email' or . = 'Masuk menggunakan Email') and @resource-id = 'com.alodokter.android:id/tv_login_email']"}[39m
[35m[HTTP][39m [37m<-- POST /wd/hub/session/887f7fdf-1692-4b89-83d7-960b38ee75ce/elements [39m[32m200[39m [90m236 ms - 12[39m
[35m[HTTP][39m [90m[39m
[35m[HTTP][39m [37m-->[39m [37mPOST[39m [37m/wd/hub/session/887f7fdf-1692-4b89-83d7-960b38ee75ce/elements[39m
[35m[HTTP][39m [90m{"using":"xpath","value":"//*[@class = 'android.widget.TextView' and (@text = 'Masuk menggunakan Email' or . = 'Masuk menggunakan Email') and @resource-id = 'com.alodokter.android:id/tv_login_email']"}[39m
[35m[HTTP][39m [37m<-- POST /wd/hub/session/887f7fdf-1692-4b89-83d7-960b38ee75ce/elements [39m[32m200[39m [90m1166 ms - 12[39m
[35m[HTTP][39m [90m[39m
[35m[HTTP][39m [37m-->[39m [37mPOST[39m [37m/wd/hub/session/887f7fdf-1692-4b89-83d7-960b38ee75ce/elements[39m
[35m[HTTP][39m [90m{"using":"xpath","value":"//*[@class = 'android.widget.TextView' and (@text = 'Masuk menggunakan Email' or . = 'Masuk menggunakan Email') and @resource-id = 'com.alodokter.android:id/tv_login_email']"}[39m
[35m[HTTP][39m [37m<-- POST /wd/hub/session/887f7fdf-1692-4b89-83d7-960b38ee75ce/elements [39m[32m200[39m [90m897 ms - 12[39m
[35m[HTTP][39m [90m[39m
[35m[HTTP][39m [37m-->[39m [37mPOST[39m [37m/wd/hub/session/887f7fdf-1692-4b89-83d7-960b38ee75ce/elements[39m
[35m[HTTP][39m [90m{"using":"xpath","value":"//*[@class = 'android.widget.TextView' and (@text = 'Masuk menggunakan Email' or . = 'Masuk menggunakan Email') and @resource-id = 'com.alodokter.android:id/tv_login_email']"}[39m
[35m[HTTP][39m [37m<-- POST /wd/hub/session/887f7fdf-1692-4b89-83d7-960b38ee75ce/elements [39m[32m200[39m [90m488 ms - 12[39m
[35m[HTTP][39m [90m[39m
[35m[HTTP][39m [37m-->[39m [37mPOST[39m [37m/wd/hub/session/887f7fdf-1692-4b89-83d7-960b38ee75ce/elements[39m
[35m[HTTP][39m [90m{"using":"xpath","value":"//*[@class = 'android.widget.TextView' and (@text = 'Masuk menggunakan Email' or . = 'Masuk menggunakan Email') and @resource-id = 'com.alodokter.android:id/tv_login_email']"}[39m
[35m[HTTP][39m [37m<-- POST /wd/hub/session/887f7fdf-1692-4b89-83d7-960b38ee75ce/elements [39m[32m200[39m [90m155 ms - 12[39m
[35m[HTTP][39m [90m[39m
[35m[HTTP][39m [37m-->[39m [37mPOST[39m [37m/wd/hub/session/887f7fdf-1692-4b89-83d7-960b38ee75ce/elements[39m
[35m[HTTP][39m [90m{"using":"xpath","value":"//*[@class = 'android.widget.TextView' and (@text = 'Masuk menggunakan Email' or . = 'Masuk menggunakan Email') and @resource-id = 'com.alodokter.android:id/tv_login_email']"}[39m
[35m[HTTP][39m [37m<-- POST /wd/hub/session/887f7fdf-1692-4b89-83d7-960b38ee75ce/elements [39m[32m200[39m [90m139 ms - 12[39m
[35m[HTTP][39m [90m[39m
[35m[HTTP][39m [37m-->[39m [37mPOST[39m [37m/wd/hub/session/887f7fdf-1692-4b89-83d7-960b38ee75ce/elements[39m
[35m[HTTP][39m [90m{"using":"xpath","value":"//*[@class = 'android.widget.TextView' and (@text = 'Masuk menggunakan Email' or . = 'Masuk menggunakan Email') and @resource-id = 'com.alodokter.android:id/tv_login_email']"}[39m
[35m[HTTP][39m [37m<-- POST /wd/hub/session/887f7fdf-1692-4b89-83d7-960b38ee75ce/elements [39m[32m200[39m [90m581 ms - 12[39m
[35m[HTTP][39m [90m[39m
[35m[HTTP][39m [37m-->[39m [37mPOST[39m [37m/wd/hub/session/887f7fdf-1692-4b89-83d7-960b38ee75ce/elements[39m
[35m[HTTP][39m [90m{"using":"xpath","value":"//*[@class = 'android.widget.TextView' and (@text = 'Masuk menggunakan Email' or . = 'Masuk menggunakan Email') and @resource-id = 'com.alodokter.android:id/tv_login_email']"}[39m
[35m[HTTP][39m [37m<-- POST /wd/hub/session/887f7fdf-1692-4b89-83d7-960b38ee75ce/elements [39m[32m200[39m [90m575 ms - 12[39m
[35m[HTTP][39m [90m[39m
[35m[HTTP][39m [37m-->[39m [37mPOST[39m [37m/wd/hub/session/887f7fdf-1692-4b89-83d7-960b38ee75ce/elements[39m
[35m[HTTP][39m [90m{"using":"xpath","value":"//*[@class = 'android.widget.TextView' and (@text = 'Masuk menggunakan Email' or . = 'Masuk menggunakan Email') and @resource-id = 'com.alodokter.android:id/tv_login_email']"}[39m
[35m[HTTP][39m [37m<-- POST /wd/hub/session/887f7fdf-1692-4b89-83d7-960b38ee75ce/elements [39m[32m200[39m [90m121 ms - 12[39m
[35m[HTTP][39m [90m[39m
[35m[HTTP][39m [37m-->[39m [37mPOST[39m [37m/wd/hub/session/887f7fdf-1692-4b89-83d7-960b38ee75ce/elements[39m
[35m[HTTP][39m [90m{"using":"xpath","value":"//*[@class = 'android.widget.TextView' and (@text = 'Masuk menggunakan Email' or . = 'Masuk menggunakan Email') and @resource-id = 'com.alodokter.android:id/tv_login_email']"}[39m
[35m[HTTP][39m [37m<-- POST /wd/hub/session/887f7fdf-1692-4b89-83d7-960b38ee75ce/elements [39m[32m200[39m [90m137 ms - 12[39m
[35m[HTTP][39m [90m[39m
[35m[HTTP][39m [37m-->[39m [37mPOST[39m [37m/wd/hub/session/887f7fdf-1692-4b89-83d7-960b38ee75ce/elements[39m
[35m[HTTP][39m [90m{"using":"xpath","value":"//*[@class = 'android.widget.TextView' and (@text = 'Masuk menggunakan Email' or . = 'Masuk menggunakan Email') and @resource-id = 'com.alodokter.android:id/tv_login_email']"}[39m
[35m[HTTP][39m [37m<-- POST /wd/hub/session/887f7fdf-1692-4b89-83d7-960b38ee75ce/elements [39m[32m200[39m [90m135 ms - 12[39m
[35m[HTTP][39m [90m[39m
[35m[HTTP][39m [37m-->[39m [37mPOST[39m [37m/wd/hub/session/887f7fdf-1692-4b89-83d7-960b38ee75ce/elements[39m
[35m[HTTP][39m [90m{"using":"xpath","value":"//*[@class = 'android.widget.TextView' and (@text = 'Masuk menggunakan Email' or . = 'Masuk menggunakan Email') and @resource-id = 'com.alodokter.android:id/tv_login_email']"}[39m
[35m[HTTP][39m [37m<-- POST /wd/hub/session/887f7fdf-1692-4b89-83d7-960b38ee75ce/elements [39m[32m200[39m [90m144 ms - 12[39m
[35m[HTTP][39m [90m[39m
[35m[HTTP][39m [37m-->[39m [37mPOST[39m [37m/wd/hub/session/887f7fdf-1692-4b89-83d7-960b38ee75ce/elements[39m
[35m[HTTP][39m [90m{"using":"xpath","value":"//*[@class = 'android.widget.TextView' and (@text = 'Masuk menggunakan Email' or . = 'Masuk menggunakan Email') and @resource-id = 'com.alodokter.android:id/tv_login_email']"}[39m
[35m[HTTP][39m [37m<-- POST /wd/hub/session/887f7fdf-1692-4b89-83d7-960b38ee75ce/elements [39m[32m200[39m [90m79 ms - 12[39m
[35m[HTTP][39m [90m[39m
[35m[HTTP][39m [37m-->[39m [37mPOST[39m [37m/wd/hub/session/887f7fdf-1692-4b89-83d7-960b38ee75ce/elements[39m
[35m[HTTP][39m [90m{"using":"xpath","value":"//*[@class = 'android.widget.TextView' and (@text = 'Masuk menggunakan Email' or . = 'Masuk menggunakan Email') and @resource-id = 'com.alodokter.android:id/tv_login_email']"}[39m
[35m[HTTP][39m [37m<-- POST /wd/hub/session/887f7fdf-1692-4b89-83d7-960b38ee75ce/elements [39m[32m200[39m [90m952 ms - 12[39m
[35m[HTTP][39m [90m[39m
[35m[HTTP][39m [37m-->[39m [37mPOST[39m [37m/wd/hub/session/887f7fdf-1692-4b89-83d7-960b38ee75ce/elements[39m
[35m[HTTP][39m [90m{"using":"xpath","value":"//*[@class = 'android.widget.TextView' and (@text = 'Masuk menggunakan Email' or . = 'Masuk menggunakan Email') and @resource-id = 'com.alodokter.android:id/tv_login_email']"}[39m
[35m[HTTP][39m [37m<-- POST /wd/hub/session/887f7fdf-1692-4b89-83d7-960b38ee75ce/elements [39m[32m200[39m [90m378 ms - 12[39m
[35m[HTTP][39m [90m[39m
[35m[HTTP][39m [37m-->[39m [37mPOST[39m [37m/wd/hub/session/887f7fdf-1692-4b89-83d7-960b38ee75ce/elements[39m
[35m[HTTP][39m [90m{"using":"xpath","value":"//*[@class = 'android.widget.TextView' and (@text = 'Masuk menggunakan Email' or . = 'Masuk menggunakan Email') and @resource-id = 'com.alodokter.android:id/tv_login_email']"}[39m
[35m[HTTP][39m [37m<-- POST /wd/hub/session/887f7fdf-1692-4b89-83d7-960b38ee75ce/elements [39m[32m200[39m [90m540 ms - 12[39m
[35m[HTTP][39m [90m[39m
[35m[HTTP][39m [37m-->[39m [37mPOST[39m [37m/wd/hub/session/887f7fdf-1692-4b89-83d7-960b38ee75ce/elements[39m
[35m[HTTP][39m [90m{"using":"xpath","value":"//*[@class = 'android.widget.TextView' and (@text = 'Masuk menggunakan Email' or . = 'Masuk menggunakan Email') and @resource-id = 'com.alodokter.android:id/tv_login_email']"}[39m
[35m[HTTP][39m [37m<-- POST /wd/hub/session/887f7fdf-1692-4b89-83d7-960b38ee75ce/elements [39m[32m200[39m [90m61 ms - 12[39m
[35m[HTTP][39m [90m[39m
[35m[HTTP][39m [37m-->[39m [37mPOST[39m [37m/wd/hub/session/887f7fdf-1692-4b89-83d7-960b38ee75ce/elements[39m
[35m[HTTP][39m [90m{"using":"xpath","value":"//*[@class = 'android.widget.TextView' and (@text = 'Masuk menggunakan Email' or . = 'Masuk menggunakan Email') and @resource-id = 'com.alodokter.android:id/tv_login_email']"}[39m
[35m[HTTP][39m [37m<-- POST /wd/hub/session/887f7fdf-1692-4b89-83d7-960b38ee75ce/elements [39m[32m200[39m [90m61 ms - 12[39m
[35m[HTTP][39m [90m[39m
[35m[HTTP][39m [37m-->[39m [37mPOST[39m [37m/wd/hub/session/887f7fdf-1692-4b89-83d7-960b38ee75ce/elements[39m
[35m[HTTP][39m [90m{"using":"xpath","value":"//*[@class = 'android.widget.TextView' and (@text = 'Masuk menggunakan Email' or . = 'Masuk menggunakan Email') and @resource-id = 'com.alodokter.android:id/tv_login_email']"}[39m
[35m[HTTP][39m [37m<-- POST /wd/hub/session/887f7fdf-1692-4b89-83d7-960b38ee75ce/elements [39m[32m200[39m [90m68 ms - 12[39m
[35m[HTTP][39m [90m[39m
[35m[HTTP][39m [37m-->[39m [37mPOST[39m [37m/wd/hub/session/887f7fdf-1692-4b89-83d7-960b38ee75ce/elements[39m
[35m[HTTP][39m [90m{"using":"xpath","value":"//*[@class = 'android.widget.TextView' and (@text = 'Masuk menggunakan Email' or . = 'Masuk menggunakan Email') and @resource-id = 'com.alodokter.android:id/tv_login_email']"}[39m
[35m[HTTP][39m [37m<-- POST /wd/hub/session/887f7fdf-1692-4b89-83d7-960b38ee75ce/elements [39m[32m200[39m [90m70 ms - 12[39m
[35m[HTTP][39m [90m[39m
[35m[HTTP][39m [37m-->[39m [37mPOST[39m [37m/wd/hub/session/887f7fdf-1692-4b89-83d7-960b38ee75ce/elements[39m
[35m[HTTP][39m [90m{"using":"xpath","value":"//*[@class = 'android.widget.TextView' and (@text = 'Masuk menggunakan Email' or . = 'Masuk menggunakan Email') and @resource-id = 'com.alodokter.android:id/tv_login_email']"}[39m
[35m[HTTP][39m [37m<-- POST /wd/hub/session/887f7fdf-1692-4b89-83d7-960b38ee75ce/elements [39m[32m200[39m [90m60 ms - 12[39m
[35m[HTTP][39m [90m[39m
[35m[HTTP][39m [37m-->[39m [37mPOST[39m [37m/wd/hub/session/887f7fdf-1692-4b89-83d7-960b38ee75ce/elements[39m
[35m[HTTP][39m [90m{"using":"xpath","value":"//*[@class = 'android.widget.TextView' and (@text = 'Masuk menggunakan Email' or . = 'Masuk menggunakan Email') and @resource-id = 'com.alodokter.android:id/tv_login_email']"}[39m
[35m[HTTP][39m [37m<-- POST /wd/hub/session/887f7fdf-1692-4b89-83d7-960b38ee75ce/elements [39m[32m200[39m [90m72 ms - 12[39m
[35m[HTTP][39m [90m[39m
[35m[HTTP][39m [37m-->[39m [37mPOST[39m [37m/wd/hub/session/887f7fdf-1692-4b89-83d7-960b38ee75ce/elements[39m
[35m[HTTP][39m [90m{"using":"xpath","value":"//*[@class = 'android.widget.TextView' and (@text = 'Masuk menggunakan Email' or . = 'Masuk menggunakan Email') and @resource-id = 'com.alodokter.android:id/tv_login_email']"}[39m
[35m[HTTP][39m [37m<-- POST /wd/hub/session/887f7fdf-1692-4b89-83d7-960b38ee75ce/elements [39m[32m200[39m [90m72 ms - 12[39m
[35m[HTTP][39m [90m[39m
[35m[HTTP][39m [37m-->[39m [37mPOST[39m [37m/wd/hub/session/887f7fdf-1692-4b89-83d7-960b38ee75ce/elements[39m
[35m[HTTP][39m [90m{"using":"xpath","value":"//*[@class = 'android.widget.TextView' and (@text = 'Masuk menggunakan Email' or . = 'Masuk menggunakan Email') and @resource-id = 'com.alodokter.android:id/tv_login_email']"}[39m
[35m[HTTP][39m [37m<-- POST /wd/hub/session/887f7fdf-1692-4b89-83d7-960b38ee75ce/elements [39m[32m200[39m [90m65 ms - 12[39m
[35m[HTTP][39m [90m[39m
[35m[HTTP][39m [37m-->[39m [37mPOST[39m [37m/wd/hub/session/887f7fdf-1692-4b89-83d7-960b38ee75ce/elements[39m
[35m[HTTP][39m [90m{"using":"xpath","value":"//*[@class = 'android.widget.TextView' and (@text = 'Masuk menggunakan Email' or . = 'Masuk menggunakan Email') and @resource-id = 'com.alodokter.android:id/tv_login_email']"}[39m
[35m[HTTP][39m [37m<-- POST /wd/hub/session/887f7fdf-1692-4b89-83d7-960b38ee75ce/elements [39m[32m200[39m [90m60 ms - 12[39m
[35m[HTTP][39m [90m[39m
[35m[HTTP][39m [37m-->[39m [37mPOST[39m [37m/wd/hub/session/887f7fdf-1692-4b89-83d7-960b38ee75ce/elements[39m
[35m[HTTP][39m [90m{"using":"xpath","value":"//*[@class = 'android.widget.TextView' and (@text = 'Masuk menggunakan Email' or . = 'Masuk menggunakan Email') and @resource-id = 'com.alodokter.android:id/tv_login_email']"}[39m
[35m[HTTP][39m [37m<-- POST /wd/hub/session/887f7fdf-1692-4b89-83d7-960b38ee75ce/elements [39m[32m200[39m [90m55 ms - 12[39m
[35m[HTTP][39m [90m[39m
[35m[HTTP][39m [37m-->[39m [37mPOST[39m [37m/wd/hub/session/887f7fdf-1692-4b89-83d7-960b38ee75ce/elements[39m
[35m[HTTP][39m [90m{"using":"xpath","value":"//*[@class = 'android.widget.TextView' and (@text = 'Masuk menggunakan Email' or . = 'Masuk menggunakan Email') and @resource-id = 'com.alodokter.android:id/tv_login_email']"}[39m
[35m[HTTP][39m [37m<-- POST /wd/hub/session/887f7fdf-1692-4b89-83d7-960b38ee75ce/elements [39m[32m200[39m [90m389 ms - 12[39m
[35m[HTTP][39m [90m[39m
[35m[HTTP][39m [37m-->[39m [37mPOST[39m [37m/wd/hub/session/887f7fdf-1692-4b89-83d7-960b38ee75ce/elements[39m
[35m[HTTP][39m [90m{"using":"xpath","value":"//*[@class = 'android.widget.TextView' and (@text = 'Masuk menggunakan Email' or . = 'Masuk menggunakan Email') and @resource-id = 'com.alodokter.android:id/tv_login_email']"}[39m
[35m[HTTP][39m [37m<-- POST /wd/hub/session/887f7fdf-1692-4b89-83d7-960b38ee75ce/elements [39m[32m200[39m [90m1135 ms - 139[39m
[35m[HTTP][39m [90m[39m
[35m[HTTP][39m [37m-->[39m [37mGET[39m [37m/wd/hub/session/887f7fdf-1692-4b89-83d7-960b38ee75ce/element/00000000-0000-07c9-ffff-ffff0000014b/location[39m
[35m[HTTP][39m [90m{}[39m
[35m[W3C (887f7fdf)][39m Driver proxy active, passing request on via HTTP proxy
[35m[WD Proxy][39m Replacing sessionId 8affc1bd-ab96-47a0-8110-d2af044cc39d with 887f7fdf-1692-4b89-83d7-960b38ee75ce
[35m[HTTP][39m [37m<-- GET /wd/hub/session/887f7fdf-1692-4b89-83d7-960b38ee75ce/element/00000000-0000-07c9-ffff-ffff0000014b/location [39m[32m200[39m [90m42 ms - 79[39m
[35m[HTTP][39m [90m[39m
[35m[HTTP][39m [37m-->[39m [37mPOST[39m [37m/wd/hub/session/887f7fdf-1692-4b89-83d7-960b38ee75ce/timeouts[39m
[35m[HTTP][39m [90m{"implicit":30000}[39m
[35m[HTTP][39m [37m<-- POST /wd/hub/session/887f7fdf-1692-4b89-83d7-960b38ee75ce/timeouts [39m[32m200[39m [90m2 ms - 14[39m
[35m[HTTP][39m [90m[39m
[35m[HTTP][39m [37m-->[39m [37mPOST[39m [37m/wd/hub/session/887f7fdf-1692-4b89-83d7-960b38ee75ce/touch/perform[39m
[35m[HTTP][39m [90m{"actions":[{"action":"tap","options":{"x":1,"y":1,"element":"00000000-0000-07c9-ffff-ffff0000014b"}},{"action":"release","options":{}}]}[39m
[35m[UiAutomator2][39m calling get location: 00000000-0000-07c9-ffff-ffff0000014b
[35m[HTTP][39m [37m<-- POST /wd/hub/session/887f7fdf-1692-4b89-83d7-960b38ee75ce/touch/perform [39m[32m200[39m [90m261 ms - 14[39m
[35m[HTTP][39m [90m[39m
[35m[HTTP][39m [37m-->[39m [37mPOST[39m [37m/wd/hub/session/887f7fdf-1692-4b89-83d7-960b38ee75ce/timeouts[39m
[35m[HTTP][39m [90m{"implicit":50}[39m
[35m[HTTP][39m [37m<-- POST /wd/hub/session/887f7fdf-1692-4b89-83d7-960b38ee75ce/timeouts [39m[32m200[39m [90m2 ms - 14[39m
[35m[HTTP][39m [90m[39m
[35m[HTTP][39m [37m-->[39m [37mGET[39m [37m/wd/hub/session/887f7fdf-1692-4b89-83d7-960b38ee75ce/window/rect[39m
[35m[HTTP][39m [90m{}[39m
[35m[HTTP][39m [37m<-- GET /wd/hub/session/887f7fdf-1692-4b89-83d7-960b38ee75ce/window/rect [39m[32m200[39m [90m13 ms - 50[39m
[35m[HTTP][39m [90m[39m
[35m[HTTP][39m [37m-->[39m [37mPOST[39m [37m/wd/hub/session/887f7fdf-1692-4b89-83d7-960b38ee75ce/elements[39m
[35m[HTTP][39m [90m{"using":"xpath","value":"//*[@class = 'android.widget.EditText' and (@text = 'Email' or . = 'Email') and @resource-id = 'com.alodokter.android:id/ti_edit_text_email']"}[39m
[35m[HTTP][39m [37m<-- POST /wd/hub/session/887f7fdf-1692-4b89-83d7-960b38ee75ce/elements [39m[32m200[39m [90m920 ms - 139[39m
[35m[HTTP][39m [90m[39m
[35m[HTTP][39m [37m-->[39m [37mGET[39m [37m/wd/hub/session/887f7fdf-1692-4b89-83d7-960b38ee75ce/element/00000000-0000-07ca-ffff-ffff0000015f/location[39m
[35m[HTTP][39m [90m{}[39m
[35m[W3C (887f7fdf)][39m Driver proxy active, passing request on via HTTP proxy
[35m[WD Proxy][39m Replacing sessionId 8affc1bd-ab96-47a0-8110-d2af044cc39d with 887f7fdf-1692-4b89-83d7-960b38ee75ce
[35m[HTTP][39m [37m<-- GET /wd/hub/session/887f7fdf-1692-4b89-83d7-960b38ee75ce/element/00000000-0000-07ca-ffff-ffff0000015f/location [39m[32m200[39m [90m39 ms - 77[39m
[35m[HTTP][39m [90m[39m
[35m[HTTP][39m [37m-->[39m [37mPOST[39m [37m/wd/hub/session/887f7fdf-1692-4b89-83d7-960b38ee75ce/timeouts[39m
[35m[HTTP][39m [90m{"implicit":30000}[39m
[35m[HTTP][39m [37m<-- POST /wd/hub/session/887f7fdf-1692-4b89-83d7-960b38ee75ce/timeouts [39m[32m200[39m [90m4 ms - 14[39m
[35m[HTTP][39m [90m[39m
[35m[HTTP][39m [37m-->[39m [37mPOST[39m [37m/wd/hub/session/887f7fdf-1692-4b89-83d7-960b38ee75ce/element/00000000-0000-07ca-ffff-ffff0000015f/clear[39m
[35m[HTTP][39m [90m{"id":"00000000-0000-07ca-ffff-ffff0000015f"}[39m
[35m[HTTP][39m [37m<-- POST /wd/hub/session/887f7fdf-1692-4b89-83d7-960b38ee75ce/element/00000000-0000-07ca-ffff-ffff0000015f/clear [39m[32m200[39m [90m41 ms - 14[39m
[35m[HTTP][39m [90m[39m
[35m[HTTP][39m [37m-->[39m [37mPOST[39m [37m/wd/hub/session/887f7fdf-1692-4b89-83d7-960b38ee75ce/element/00000000-0000-07ca-ffff-ffff0000015f/value[39m
[35m[HTTP][39m [90m{"id":"00000000-0000-07ca-ffff-ffff0000015f","text":"autouser3thsize@mail.com","value":["a","u","t","o","u","s","e","r","3","t","h","s","i","z","e","@","m","a","i","l",".","c","o","m"]}[39m
[35m[HTTP][39m [37m<-- POST /wd/hub/session/887f7fdf-1692-4b89-83d7-960b38ee75ce/element/00000000-0000-07ca-ffff-ffff0000015f/value [39m[32m200[39m [90m1009 ms - 14[39m
[35m[HTTP][39m [90m[39m
[35m[HTTP][39m [37m-->[39m [37mPOST[39m [37m/wd/hub/session/887f7fdf-1692-4b89-83d7-960b38ee75ce/timeouts[39m
[35m[HTTP][39m [90m{"implicit":50}[39m
[35m[HTTP][39m [37m<-- POST /wd/hub/session/887f7fdf-1692-4b89-83d7-960b38ee75ce/timeouts [39m[32m200[39m [90m1 ms - 14[39m
[35m[HTTP][39m [90m[39m
[35m[HTTP][39m [37m-->[39m [37mGET[39m [37m/wd/hub/session/887f7fdf-1692-4b89-83d7-960b38ee75ce/window/rect[39m
[35m[HTTP][39m [90m{}[39m
[35m[HTTP][39m [37m<-- GET /wd/hub/session/887f7fdf-1692-4b89-83d7-960b38ee75ce/window/rect [39m[32m200[39m [90m18 ms - 50[39m
[35m[HTTP][39m [90m[39m
[35m[HTTP][39m [37m-->[39m [37mPOST[39m [37m/wd/hub/session/887f7fdf-1692-4b89-83d7-960b38ee75ce/elements[39m
[35m[HTTP][39m [90m{"using":"xpath","value":"//*[@class = 'android.widget.EditText' and (@text = 'Kata Sandi' or . = 'Kata Sandi') and @resource-id = 'com.alodokter.android:id/ti_edit_text_password']"}[39m
[35m[HTTP][39m [37m<-- POST /wd/hub/session/887f7fdf-1692-4b89-83d7-960b38ee75ce/elements [39m[32m200[39m [90m437 ms - 139[39m
[35m[HTTP][39m [90m[39m
[35m[HTTP][39m [37m-->[39m [37mGET[39m [37m/wd/hub/session/887f7fdf-1692-4b89-83d7-960b38ee75ce/element/00000000-0000-07ca-ffff-ffff0000016c/location[39m
[35m[HTTP][39m [90m{}[39m
[35m[W3C (887f7fdf)][39m Driver proxy active, passing request on via HTTP proxy
[35m[WD Proxy][39m Replacing sessionId 8affc1bd-ab96-47a0-8110-d2af044cc39d with 887f7fdf-1692-4b89-83d7-960b38ee75ce
[35m[HTTP][39m [37m<-- GET /wd/hub/session/887f7fdf-1692-4b89-83d7-960b38ee75ce/element/00000000-0000-07ca-ffff-ffff0000016c/location [39m[32m200[39m [90m30 ms - 77[39m
[35m[HTTP][39m [90m[39m
[35m[HTTP][39m [37m-->[39m [37mPOST[39m [37m/wd/hub/session/887f7fdf-1692-4b89-83d7-960b38ee75ce/timeouts[39m
[35m[HTTP][39m [90m{"implicit":30000}[39m
[35m[HTTP][39m [37m<-- POST /wd/hub/session/887f7fdf-1692-4b89-83d7-960b38ee75ce/timeouts [39m[32m200[39m [90m1 ms - 14[39m
[35m[HTTP][39m [90m[39m
[35m[HTTP][39m [37m-->[39m [37mPOST[39m [37m/wd/hub/session/887f7fdf-1692-4b89-83d7-960b38ee75ce/element/00000000-0000-07ca-ffff-ffff0000016c/clear[39m
[35m[HTTP][39m [90m{"id":"00000000-0000-07ca-ffff-ffff0000016c"}[39m
[35m[HTTP][39m [37m<-- POST /wd/hub/session/887f7fdf-1692-4b89-83d7-960b38ee75ce/element/00000000-0000-07ca-ffff-ffff0000016c/clear [39m[32m200[39m [90m36 ms - 14[39m
[35m[HTTP][39m [90m[39m
[35m[HTTP][39m [37m-->[39m [37mPOST[39m [37m/wd/hub/session/887f7fdf-1692-4b89-83d7-960b38ee75ce/element/00000000-0000-07ca-ffff-ffff0000016c/value[39m
[35m[HTTP][39m [90m{"id":"00000000-0000-07ca-ffff-ffff0000016c","text":"123456","value":["1","2","3","4","5","6"]}[39m
[35m[HTTP][39m [37m<-- POST /wd/hub/session/887f7fdf-1692-4b89-83d7-960b38ee75ce/element/00000000-0000-07ca-ffff-ffff0000016c/value [39m[32m200[39m [90m1054 ms - 14[39m
[35m[HTTP][39m [90m[39m
[35m[HTTP][39m [37m-->[39m [37mPOST[39m [37m/wd/hub/session/887f7fdf-1692-4b89-83d7-960b38ee75ce/timeouts[39m
[35m[HTTP][39m [90m{"implicit":50}[39m
[35m[HTTP][39m [37m<-- POST /wd/hub/session/887f7fdf-1692-4b89-83d7-960b38ee75ce/timeouts [39m[32m200[39m [90m2 ms - 14[39m
[35m[HTTP][39m [90m[39m
[35m[HTTP][39m [37m-->[39m [37mGET[39m [37m/wd/hub/session/887f7fdf-1692-4b89-83d7-960b38ee75ce/window/rect[39m
[35m[HTTP][39m [90m{}[39m
[35m[HTTP][39m [37m<-- GET /wd/hub/session/887f7fdf-1692-4b89-83d7-960b38ee75ce/window/rect [39m[32m200[39m [90m20 ms - 50[39m
[35m[HTTP][39m [90m[39m
[35m[HTTP][39m [37m-->[39m [37mPOST[39m [37m/wd/hub/session/887f7fdf-1692-4b89-83d7-960b38ee75ce/elements[39m
[35m[HTTP][39m [90m{"using":"xpath","value":"//*[@class = 'android.widget.TextView' and (@text = 'Masuk' or . = 'Masuk') and @resource-id = 'com.alodokter.android:id/login_email_btn']"}[39m
[35m[HTTP][39m [37m<-- POST /wd/hub/session/887f7fdf-1692-4b89-83d7-960b38ee75ce/elements [39m[32m200[39m [90m441 ms - 139[39m
[35m[HTTP][39m [90m[39m
[35m[HTTP][39m [37m-->[39m [37mGET[39m [37m/wd/hub/session/887f7fdf-1692-4b89-83d7-960b38ee75ce/element/00000000-0000-07ca-ffff-ffff00000178/location[39m
[35m[HTTP][39m [90m{}[39m
[35m[W3C (887f7fdf)][39m Driver proxy active, passing request on via HTTP proxy
[35m[WD Proxy][39m Replacing sessionId 8affc1bd-ab96-47a0-8110-d2af044cc39d with 887f7fdf-1692-4b89-83d7-960b38ee75ce
[35m[HTTP][39m [37m<-- GET /wd/hub/session/887f7fdf-1692-4b89-83d7-960b38ee75ce/element/00000000-0000-07ca-ffff-ffff00000178/location [39m[32m200[39m [90m25 ms - 77[39m
[35m[HTTP][39m [90m[39m
[35m[HTTP][39m [37m-->[39m [37mPOST[39m [37m/wd/hub/session/887f7fdf-1692-4b89-83d7-960b38ee75ce/timeouts[39m
[35m[HTTP][39m [90m{"implicit":30000}[39m
[35m[HTTP][39m [37m<-- POST /wd/hub/session/887f7fdf-1692-4b89-83d7-960b38ee75ce/timeouts [39m[32m200[39m [90m2 ms - 14[39m
[35m[HTTP][39m [90m[39m
[35m[HTTP][39m [37m-->[39m [37mPOST[39m [37m/wd/hub/session/887f7fdf-1692-4b89-83d7-960b38ee75ce/touch/perform[39m
[35m[HTTP][39m [90m{"actions":[{"action":"tap","options":{"x":1,"y":1,"element":"00000000-0000-07ca-ffff-ffff00000178"}},{"action":"release","options":{}}]}[39m
[35m[UiAutomator2][39m calling get location: 00000000-0000-07ca-ffff-ffff00000178
[35m[HTTP][39m [37m<-- POST /wd/hub/session/887f7fdf-1692-4b89-83d7-960b38ee75ce/touch/perform [39m[32m200[39m [90m180 ms - 14[39m
[35m[HTTP][39m [90m[39m
[35m[HTTP][39m [37m-->[39m [37mPOST[39m [37m/wd/hub/session/887f7fdf-1692-4b89-83d7-960b38ee75ce/timeouts[39m
[35m[HTTP][39m [90m{"implicit":50}[39m
[35m[HTTP][39m [37m<-- POST /wd/hub/session/887f7fdf-1692-4b89-83d7-960b38ee75ce/timeouts [39m[32m200[39m [90m1 ms - 14[39m
[35m[HTTP][39m [90m[39m
[35m[HTTP][39m [37m-->[39m [37mGET[39m [37m/wd/hub/session/887f7fdf-1692-4b89-83d7-960b38ee75ce/window/rect[39m
[35m[HTTP][39m [90m{}[39m
[35m[HTTP][39m [37m<-- GET /wd/hub/session/887f7fdf-1692-4b89-83d7-960b38ee75ce/window/rect [39m[32m200[39m [90m25 ms - 50[39m
[35m[HTTP][39m [90m[39m
[35m[HTTP][39m [37m-->[39m [37mPOST[39m [37m/wd/hub/session/887f7fdf-1692-4b89-83d7-960b38ee75ce/elements[39m
[35m[HTTP][39m [90m{"using":"xpath","value":"//*[@class = 'android.widget.ImageView' and @resource-id = 'com.alodokter.android:id/default_profile_icon_container' and (@text = '' or . = '')]"}[39m
[35m[HTTP][39m [37m<-- POST /wd/hub/session/887f7fdf-1692-4b89-83d7-960b38ee75ce/elements [39m[32m200[39m [90m819 ms - 12[39m
[35m[HTTP][39m [90m[39m
[35m[HTTP][39m [37m-->[39m [37mPOST[39m [37m/wd/hub/session/887f7fdf-1692-4b89-83d7-960b38ee75ce/elements[39m
[35m[HTTP][39m [90m{"using":"xpath","value":"//*[@class = 'android.widget.ImageView' and @resource-id = 'com.alodokter.android:id/default_profile_icon_container' and (@text = '' or . = '')]"}[39m
[35m[HTTP][39m [37m<-- POST /wd/hub/session/887f7fdf-1692-4b89-83d7-960b38ee75ce/elements [39m[32m200[39m [90m102 ms - 12[39m
[35m[HTTP][39m [90m[39m
[35m[HTTP][39m [37m-->[39m [37mPOST[39m [37m/wd/hub/session/887f7fdf-1692-4b89-83d7-960b38ee75ce/elements[39m
[35m[HTTP][39m [90m{"using":"xpath","value":"//*[@class = 'android.widget.ImageView' and @resource-id = 'com.alodokter.android:id/default_profile_icon_container' and (@text = '' or . = '')]"}[39m
[35m[HTTP][39m [37m<-- POST /wd/hub/session/887f7fdf-1692-4b89-83d7-960b38ee75ce/elements [39m[32m200[39m [90m101 ms - 12[39m
[35m[HTTP][39m [90m[39m
[35m[HTTP][39m [37m-->[39m [37mPOST[39m [37m/wd/hub/session/887f7fdf-1692-4b89-83d7-960b38ee75ce/elements[39m
[35m[HTTP][39m [90m{"using":"xpath","value":"//*[@class = 'android.widget.ImageView' and @resource-id = 'com.alodokter.android:id/default_profile_icon_container' and (@text = '' or . = '')]"}[39m
[35m[HTTP][39m [37m<-- POST /wd/hub/session/887f7fdf-1692-4b89-83d7-960b38ee75ce/elements [39m[32m200[39m [90m76 ms - 12[39m
[35m[HTTP][39m [90m[39m
[35m[HTTP][39m [37m-->[39m [37mPOST[39m [37m/wd/hub/session/887f7fdf-1692-4b89-83d7-960b38ee75ce/elements[39m
[35m[HTTP][39m [90m{"using":"xpath","value":"//*[@class = 'android.widget.ImageView' and @resource-id = 'com.alodokter.android:id/default_profile_icon_container' and (@text = '' or . = '')]"}[39m
[35m[HTTP][39m [37m<-- POST /wd/hub/session/887f7fdf-1692-4b89-83d7-960b38ee75ce/elements [39m[32m200[39m [90m71 ms - 12[39m
[35m[HTTP][39m [90m[39m
[35m[HTTP][39m [37m-->[39m [37mPOST[39m [37m/wd/hub/session/887f7fdf-1692-4b89-83d7-960b38ee75ce/elements[39m
[35m[HTTP][39m [90m{"using":"xpath","value":"//*[@class = 'android.widget.ImageView' and @resource-id = 'com.alodokter.android:id/default_profile_icon_container' and (@text = '' or . = '')]"}[39m
[35m[HTTP][39m [37m<-- POST /wd/hub/session/887f7fdf-1692-4b89-83d7-960b38ee75ce/elements [39m[32m200[39m [90m80 ms - 12[39m
[35m[HTTP][39m [90m[39m
[35m[HTTP][39m [37m-->[39m [37mPOST[39m [37m/wd/hub/session/887f7fdf-1692-4b89-83d7-960b38ee75ce/elements[39m
[35m[HTTP][39m [90m{"using":"xpath","value":"//*[@class = 'android.widget.ImageView' and @resource-id = 'com.alodokter.android:id/default_profile_icon_container' and (@text = '' or . = '')]"}[39m
[35m[HTTP][39m [37m<-- POST /wd/hub/session/887f7fdf-1692-4b89-83d7-960b38ee75ce/elements [39m[32m200[39m [90m131 ms - 12[39m
[35m[HTTP][39m [90m[39m
[35m[HTTP][39m [37m-->[39m [37mPOST[39m [37m/wd/hub/session/887f7fdf-1692-4b89-83d7-960b38ee75ce/elements[39m
[35m[HTTP][39m [90m{"using":"xpath","value":"//*[@class = 'android.widget.ImageView' and @resource-id = 'com.alodokter.android:id/default_profile_icon_container' and (@text = '' or . = '')]"}[39m
[35m[HTTP][39m [37m<-- POST /wd/hub/session/887f7fdf-1692-4b89-83d7-960b38ee75ce/elements [39m[32m200[39m [90m1331 ms - 139[39m
[35m[HTTP][39m [90m[39m
[35m[HTTP][39m [37m-->[39m [37mGET[39m [37m/wd/hub/session/887f7fdf-1692-4b89-83d7-960b38ee75ce/element/00000000-0000-07cc-ffff-ffff0000019f/location[39m
[35m[HTTP][39m [90m{}[39m
[35m[W3C (887f7fdf)][39m Driver proxy active, passing request on via HTTP proxy
[35m[WD Proxy][39m Replacing sessionId 8affc1bd-ab96-47a0-8110-d2af044cc39d with 887f7fdf-1692-4b89-83d7-960b38ee75ce
[35m[HTTP][39m [37m<-- GET /wd/hub/session/887f7fdf-1692-4b89-83d7-960b38ee75ce/element/00000000-0000-07cc-ffff-ffff0000019f/location [39m[32m200[39m [90m25 ms - 77[39m
[35m[HTTP][39m [90m[39m
[35m[HTTP][39m [37m-->[39m [37mPOST[39m [37m/wd/hub/session/887f7fdf-1692-4b89-83d7-960b38ee75ce/timeouts[39m
[35m[HTTP][39m [90m{"implicit":30000}[39m
[35m[HTTP][39m [37m<-- POST /wd/hub/session/887f7fdf-1692-4b89-83d7-960b38ee75ce/timeouts [39m[32m200[39m [90m4 ms - 14[39m
[35m[HTTP][39m [90m[39m
[35m[HTTP][39m [37m-->[39m [37mPOST[39m [37m/wd/hub/session/887f7fdf-1692-4b89-83d7-960b38ee75ce/touch/perform[39m
[35m[HTTP][39m [90m{"actions":[{"action":"tap","options":{"x":1,"y":1,"element":"00000000-0000-07cc-ffff-ffff0000019f"}},{"action":"release","options":{}}]}[39m
[35m[UiAutomator2][39m calling get location: 00000000-0000-07cc-ffff-ffff0000019f
[35m[HTTP][39m [37m<-- POST /wd/hub/session/887f7fdf-1692-4b89-83d7-960b38ee75ce/touch/perform [39m[32m200[39m [90m287 ms - 14[39m
[35m[HTTP][39m [90m[39m
[35m[HTTP][39m [37m-->[39m [37mGET[39m [37m/wd/hub/session/887f7fdf-1692-4b89-83d7-960b38ee75ce/context[39m
[35m[HTTP][39m [90m{}[39m
[35m[HTTP][39m [37m<-- GET /wd/hub/session/887f7fdf-1692-4b89-83d7-960b38ee75ce/context [39m[32m200[39m [90m1 ms - 22[39m
[35m[HTTP][39m [90m[39m
[35m[HTTP][39m [37m-->[39m [37mGET[39m [37m/wd/hub/session/887f7fdf-1692-4b89-83d7-960b38ee75ce/contexts[39m
[35m[HTTP][39m [90m{}[39m
[35m[AndroidDriver][39m Skipping the webview 'WEBVIEW_chrome' at '@chrome_devtools_remote' since it has reported having zero pages
[35m[HTTP][39m [37m<-- GET /wd/hub/session/887f7fdf-1692-4b89-83d7-960b38ee75ce/contexts [39m[32m200[39m [90m304 ms - 63[39m
[35m[HTTP][39m [90m[39m
[35m[HTTP][39m [37m-->[39m [37mPOST[39m [37m/wd/hub/session/887f7fdf-1692-4b89-83d7-960b38ee75ce/context[39m
[35m[HTTP][39m [90m{"name":"NATIVE_APP"}[39m
[35m[HTTP][39m [37m<-- POST /wd/hub/session/887f7fdf-1692-4b89-83d7-960b38ee75ce/context [39m[32m200[39m [90m1 ms - 14[39m
[35m[HTTP][39m [90m[39m
[35m[HTTP][39m [37m-->[39m [37mGET[39m [37m/wd/hub/session/887f7fdf-1692-4b89-83d7-960b38ee75ce/window/rect[39m
[35m[HTTP][39m [90m{}[39m
[35m[HTTP][39m [37m<-- GET /wd/hub/session/887f7fdf-1692-4b89-83d7-960b38ee75ce/window/rect [39m[32m200[39m [90m12 ms - 50[39m
[35m[HTTP][39m [90m[39m
[35m[HTTP][39m [37m-->[39m [37mPOST[39m [37m/wd/hub/session/887f7fdf-1692-4b89-83d7-960b38ee75ce/context[39m
[35m[HTTP][39m [90m{"name":"NATIVE_APP"}[39m
[35m[HTTP][39m [37m<-- POST /wd/hub/session/887f7fdf-1692-4b89-83d7-960b38ee75ce/context [39m[32m200[39m [90m1 ms - 14[39m
[35m[HTTP][39m [90m[39m
[35m[HTTP][39m [37m-->[39m [37mGET[39m [37m/wd/hub/session/887f7fdf-1692-4b89-83d7-960b38ee75ce/context[39m
[35m[HTTP][39m [90m{}[39m
[35m[HTTP][39m [37m<-- GET /wd/hub/session/887f7fdf-1692-4b89-83d7-960b38ee75ce/context [39m[32m200[39m [90m1 ms - 22[39m
[35m[HTTP][39m [90m[39m
[35m[HTTP][39m [37m-->[39m [37mGET[39m [37m/wd/hub/session/887f7fdf-1692-4b89-83d7-960b38ee75ce/contexts[39m
[35m[HTTP][39m [90m{}[39m
[35m[AndroidDriver][39m Skipping the webview 'WEBVIEW_chrome' at '@chrome_devtools_remote' since it has reported having zero pages
[35m[HTTP][39m [37m<-- GET /wd/hub/session/887f7fdf-1692-4b89-83d7-960b38ee75ce/contexts [39m[32m200[39m [90m267 ms - 63[39m
[35m[HTTP][39m [90m[39m
[35m[HTTP][39m [37m-->[39m [37mPOST[39m [37m/wd/hub/session/887f7fdf-1692-4b89-83d7-960b38ee75ce/context[39m
[35m[HTTP][39m [90m{"name":"NATIVE_APP"}[39m
[35m[HTTP][39m [37m<-- POST /wd/hub/session/887f7fdf-1692-4b89-83d7-960b38ee75ce/context [39m[32m200[39m [90m1 ms - 14[39m
[35m[HTTP][39m [90m[39m
[35m[HTTP][39m [37m-->[39m [37mGET[39m [37m/wd/hub/session/887f7fdf-1692-4b89-83d7-960b38ee75ce/window/rect[39m
[35m[HTTP][39m [90m{}[39m
[35m[HTTP][39m [37m<-- GET /wd/hub/session/887f7fdf-1692-4b89-83d7-960b38ee75ce/window/rect [39m[32m200[39m [90m21 ms - 50[39m
[35m[HTTP][39m [90m[39m
[35m[HTTP][39m [37m-->[39m [37mPOST[39m [37m/wd/hub/session/887f7fdf-1692-4b89-83d7-960b38ee75ce/context[39m
[35m[HTTP][39m [90m{"name":"NATIVE_APP"}[39m
[35m[HTTP][39m [37m<-- POST /wd/hub/session/887f7fdf-1692-4b89-83d7-960b38ee75ce/context [39m[32m200[39m [90m1 ms - 14[39m
[35m[HTTP][39m [90m[39m
[35m[HTTP][39m [37m-->[39m [37mGET[39m [37m/wd/hub/session/887f7fdf-1692-4b89-83d7-960b38ee75ce/context[39m
[35m[HTTP][39m [90m{}[39m
[35m[HTTP][39m [37m<-- GET /wd/hub/session/887f7fdf-1692-4b89-83d7-960b38ee75ce/context [39m[32m200[39m [90m1 ms - 22[39m
[35m[HTTP][39m [90m[39m
[35m[HTTP][39m [37m-->[39m [37mGET[39m [37m/wd/hub/session/887f7fdf-1692-4b89-83d7-960b38ee75ce/contexts[39m
[35m[HTTP][39m [90m{}[39m
[35m[AndroidDriver][39m Skipping the webview 'WEBVIEW_chrome' at '@chrome_devtools_remote' since it has reported having zero pages
[35m[HTTP][39m [37m<-- GET /wd/hub/session/887f7fdf-1692-4b89-83d7-960b38ee75ce/contexts [39m[32m200[39m [90m323 ms - 63[39m
[35m[HTTP][39m [90m[39m
[35m[HTTP][39m [37m-->[39m [37mPOST[39m [37m/wd/hub/session/887f7fdf-1692-4b89-83d7-960b38ee75ce/context[39m
[35m[HTTP][39m [90m{"name":"NATIVE_APP"}[39m
[35m[HTTP][39m [37m<-- POST /wd/hub/session/887f7fdf-1692-4b89-83d7-960b38ee75ce/context [39m[32m200[39m [90m1 ms - 14[39m
[35m[HTTP][39m [90m[39m
[35m[HTTP][39m [37m-->[39m [37mPOST[39m [37m/wd/hub/session/887f7fdf-1692-4b89-83d7-960b38ee75ce/touch/perform[39m
[35m[HTTP][39m [90m{"actions":[{"action":"press","options":{"x":540,"y":1456}},{"action":"wait","options":{"ms":500}},{"action":"moveTo","options":{"x":540,"y":624}},{"action":"release","options":{}}]}[39m
[35m[HTTP][39m [37m<-- POST /wd/hub/session/887f7fdf-1692-4b89-83d7-960b38ee75ce/touch/perform [39m[32m200[39m [90m1031 ms - 14[39m
[35m[HTTP][39m [90m[39m
[35m[HTTP][39m [37m-->[39m [37mPOST[39m [37m/wd/hub/session/887f7fdf-1692-4b89-83d7-960b38ee75ce/context[39m
[35m[HTTP][39m [90m{"name":"NATIVE_APP"}[39m
[35m[HTTP][39m [37m<-- POST /wd/hub/session/887f7fdf-1692-4b89-83d7-960b38ee75ce/context [39m[32m200[39m [90m5 ms - 14[39m
[35m[HTTP][39m [90m[39m
[35m[HTTP][39m [37m-->[39m [37mPOST[39m [37m/wd/hub/session/887f7fdf-1692-4b89-83d7-960b38ee75ce/timeouts[39m
[35m[HTTP][39m [90m{"implicit":50}[39m
[35m[HTTP][39m [37m<-- POST /wd/hub/session/887f7fdf-1692-4b89-83d7-960b38ee75ce/timeouts [39m[32m200[39m [90m1 ms - 14[39m
[35m[HTTP][39m [90m[39m
[35m[HTTP][39m [37m-->[39m [37mGET[39m [37m/wd/hub/session/887f7fdf-1692-4b89-83d7-960b38ee75ce/window/rect[39m
[35m[HTTP][39m [90m{}[39m
[35m[HTTP][39m [37m<-- GET /wd/hub/session/887f7fdf-1692-4b89-83d7-960b38ee75ce/window/rect [39m[32m200[39m [90m19 ms - 50[39m
[35m[HTTP][39m [90m[39m
[35m[HTTP][39m [37m-->[39m [37mPOST[39m [37m/wd/hub/session/887f7fdf-1692-4b89-83d7-960b38ee75ce/elements[39m
[35m[HTTP][39m [90m{"using":"xpath","value":"//*[@class = 'android.widget.TextView' and (@text = 'Keluar' or . = 'Keluar') and @resource-id = 'com.alodokter.android:id/logout']"}[39m
[35m[HTTP][39m [37m<-- POST /wd/hub/session/887f7fdf-1692-4b89-83d7-960b38ee75ce/elements [39m[32m200[39m [90m102 ms - 139[39m
[35m[HTTP][39m [90m[39m
[35m[HTTP][39m [37m-->[39m [37mGET[39m [37m/wd/hub/session/887f7fdf-1692-4b89-83d7-960b38ee75ce/element/00000000-0000-07cd-ffff-ffff000002a4/location[39m
[35m[HTTP][39m [90m{}[39m
[35m[W3C (887f7fdf)][39m Driver proxy active, passing request on via HTTP proxy
[35m[WD Proxy][39m Replacing sessionId 8affc1bd-ab96-47a0-8110-d2af044cc39d with 887f7fdf-1692-4b89-83d7-960b38ee75ce
[35m[HTTP][39m [37m<-- GET /wd/hub/session/887f7fdf-1692-4b89-83d7-960b38ee75ce/element/00000000-0000-07cd-ffff-ffff000002a4/location [39m[32m200[39m [90m41 ms - 78[39m
[35m[HTTP][39m [90m[39m
[35m[HTTP][39m [37m-->[39m [37mPOST[39m [37m/wd/hub/session/887f7fdf-1692-4b89-83d7-960b38ee75ce/timeouts[39m
[35m[HTTP][39m [90m{"implicit":30000}[39m
[35m[HTTP][39m [37m<-- POST /wd/hub/session/887f7fdf-1692-4b89-83d7-960b38ee75ce/timeouts [39m[32m200[39m [90m2 ms - 14[39m
[35m[HTTP][39m [90m[39m
[35m[HTTP][39m [37m-->[39m [37mPOST[39m [37m/wd/hub/session/887f7fdf-1692-4b89-83d7-960b38ee75ce/touch/perform[39m
[35m[HTTP][39m [90m{"actions":[{"action":"tap","options":{"x":1,"y":1,"element":"00000000-0000-07cd-ffff-ffff000002a4"}},{"action":"release","options":{}}]}[39m
[35m[UiAutomator2][39m calling get location: 00000000-0000-07cd-ffff-ffff000002a4
[35m[HTTP][39m [37m<-- POST /wd/hub/session/887f7fdf-1692-4b89-83d7-960b38ee75ce/touch/perform [39m[32m200[39m [90m184 ms - 14[39m
[35m[HTTP][39m [90m[39m
[35m[HTTP][39m [37m-->[39m [37mPOST[39m [37m/wd/hub/session/887f7fdf-1692-4b89-83d7-960b38ee75ce/timeouts[39m
[35m[HTTP][39m [90m{"implicit":50}[39m
[35m[HTTP][39m [37m<-- POST /wd/hub/session/887f7fdf-1692-4b89-83d7-960b38ee75ce/timeouts [39m[32m200[39m [90m1 ms - 14[39m
[35m[HTTP][39m [90m[39m
[35m[HTTP][39m [37m-->[39m [37mGET[39m [37m/wd/hub/session/887f7fdf-1692-4b89-83d7-960b38ee75ce/window/rect[39m
[35m[HTTP][39m [90m{}[39m
[35m[HTTP][39m [37m<-- GET /wd/hub/session/887f7fdf-1692-4b89-83d7-960b38ee75ce/window/rect [39m[32m200[39m [90m23 ms - 50[39m
[35m[HTTP][39m [90m[39m
[35m[HTTP][39m [37m-->[39m [37mPOST[39m [37m/wd/hub/session/887f7fdf-1692-4b89-83d7-960b38ee75ce/elements[39m
[35m[HTTP][39m [90m{"using":"xpath","value":"//*[@class = 'android.widget.TextView' and (@text = 'Ya' or . = 'Ya') and @resource-id = 'com.alodokter.android:id/positive_btn']"}[39m
[35m[HTTP][39m [37m<-- POST /wd/hub/session/887f7fdf-1692-4b89-83d7-960b38ee75ce/elements [39m[32m200[39m [90m181 ms - 139[39m
[35m[HTTP][39m [90m[39m
[35m[HTTP][39m [37m-->[39m [37mGET[39m [37m/wd/hub/session/887f7fdf-1692-4b89-83d7-960b38ee75ce/element/00000000-0000-07ce-ffff-ffff000002b5/location[39m
[35m[HTTP][39m [90m{}[39m
[35m[W3C (887f7fdf)][39m Driver proxy active, passing request on via HTTP proxy
[35m[WD Proxy][39m Replacing sessionId 8affc1bd-ab96-47a0-8110-d2af044cc39d with 887f7fdf-1692-4b89-83d7-960b38ee75ce
[35m[HTTP][39m [37m<-- GET /wd/hub/session/887f7fdf-1692-4b89-83d7-960b38ee75ce/element/00000000-0000-07ce-ffff-ffff000002b5/location [39m[32m200[39m [90m555 ms - 79[39m
[35m[HTTP][39m [90m[39m
[35m[HTTP][39m [37m-->[39m [37mPOST[39m [37m/wd/hub/session/887f7fdf-1692-4b89-83d7-960b38ee75ce/timeouts[39m
[35m[HTTP][39m [90m{"implicit":30000}[39m
[35m[HTTP][39m [37m<-- POST /wd/hub/session/887f7fdf-1692-4b89-83d7-960b38ee75ce/timeouts [39m[32m200[39m [90m4 ms - 14[39m
[35m[HTTP][39m [90m[39m
[35m[HTTP][39m [37m-->[39m [37mPOST[39m [37m/wd/hub/session/887f7fdf-1692-4b89-83d7-960b38ee75ce/touch/perform[39m
[35m[HTTP][39m [90m{"actions":[{"action":"tap","options":{"x":1,"y":1,"element":"00000000-0000-07ce-ffff-ffff000002b5"}},{"action":"release","options":{}}]}[39m
[35m[UiAutomator2][39m calling get location: 00000000-0000-07ce-ffff-ffff000002b5
[35m[HTTP][39m [37m<-- POST /wd/hub/session/887f7fdf-1692-4b89-83d7-960b38ee75ce/touch/perform [39m[32m200[39m [90m198 ms - 14[39m
[35m[HTTP][39m [90m[39m
[35m[HTTP][39m [37m-->[39m [37mDELETE[39m [37m/wd/hub/session/887f7fdf-1692-4b89-83d7-960b38ee75ce[39m
[35m[HTTP][39m [90m{}[39m
[35m[Appium][39m Removing session 887f7fdf-1692-4b89-83d7-960b38ee75ce from our master session list
[35m[UiAutomator2][39m Restoring hidden api policy to the device default configuration
[35m[HTTP][39m [37m<-- DELETE /wd/hub/session/887f7fdf-1692-4b89-83d7-960b38ee75ce [39m[32m200[39m [90m422 ms - 14[39m
[35m[HTTP][39m [90m[39m
